<html>
<head>
<title>TestNG:  Default test</title>
<link href="../testng.css" rel="stylesheet" type="text/css" />
<link href="../my-testng.css" rel="stylesheet" type="text/css" />

<style type="text/css">
.log { display: none;} 
.stack-trace { display: none;} 
</style>
<script type="text/javascript">
<!--
function flip(e) {
  current = e.style.display;
  if (current == 'block') {
    e.style.display = 'none';
    return 0;
  }
  else {
    e.style.display = 'block';
    return 1;
  }
}

function toggleBox(szDivId, elem, msg1, msg2)
{
  var res = -1;  if (document.getElementById) {
    res = flip(document.getElementById(szDivId));
  }
  else if (document.all) {
    // this is the way old msie versions work
    res = flip(document.all[szDivId]);
  }
  if(elem) {
    if(res == 0) elem.innerHTML = msg1; else elem.innerHTML = msg2;
  }

}

function toggleAllBoxes() {
  if (document.getElementsByTagName) {
    d = document.getElementsByTagName('div');
    for (i = 0; i < d.length; i++) {
      if (d[i].className == 'log') {
        flip(d[i]);
      }
    }
  }
}

// -->
</script>

</head>
<body>
<h2 align='center'>Default test</h2><table border='1' align="center">
<tr>
<td>Tests passed/Failed/Skipped:</td><td>0/19/0</td>
</tr><tr>
<td>Started on:</td><td>Sat Jan 03 15:35:22 IST 2026</td>
</tr>
<tr><td>Total time:</td><td>10 seconds (10064 ms)</td>
</tr><tr>
<td>Included groups:</td><td></td>
</tr><tr>
<td>Excluded groups:</td><td></td>
</tr>
</table><p/>
<small><i>(Hover the method name to see the test class name)</i></small><p/>
<table width='100%' border='1' class='invocation-failed'>
<tr><td colspan='4' align='center'><b>FAILED TESTS</b></td></tr>
<tr><td><b>Test method</b></td>
<td><b>Attribute(s)</b></td>
<td width="30%"><b>Exception</b></td>
<td width="10%"><b>Time (seconds)</b></td>
<td><b>Instance</b></td>
</tr>
<tr>
<td title='com.api.runners.TestRunner.runScenario()'><b>runScenario</b><br>Test class: com.api.runners.TestRunner<br>Test method: Runs Cucumber Scenarios<br>Parameters: "Read user details", "API CRUD Operations with Authentication"</td>
<td><div><pre>java.lang.AssertionError: Expected 200 but got 403 expected [200] but found [403]
	at org.testng.Assert.fail(Assert.java:111)
	at org.testng.Assert.failNotEquals(Assert.java:1578)
	at org.testng.Assert.assertEqualsImpl(Assert.java:150)
	at org.testng.Assert.assertEquals(Assert.java:132)
	at org.testng.Assert.assertEquals(Assert.java:1419)
	at org.testng.Assert.assertEquals(Assert.java:1383)
	at com.api.stepdefinitions.CRUDOperationsSteps.validateGetResponse(CRUDOperationsSteps.java:71)
	at ✽.the service should respond with 200(file:///C:/Users/Admin/git/RestAssured_Cucumber/src/test/java/com/api/features/crudOperations.feature:20)
</pre></div><a href='#' onClick='toggleBox("stack-trace1712203790", this, "Click to show all stack frames", "Click to hide stack frames")'>Click to show all stack frames</a>
<div class='stack-trace' id='stack-trace1712203790'><pre>java.lang.AssertionError: Expected 200 but got 403 expected [200] but found [403]
	at org.testng.Assert.fail(Assert.java:111)
	at org.testng.Assert.failNotEquals(Assert.java:1578)
	at org.testng.Assert.assertEqualsImpl(Assert.java:150)
	at org.testng.Assert.assertEquals(Assert.java:132)
	at org.testng.Assert.assertEquals(Assert.java:1419)
	at org.testng.Assert.assertEquals(Assert.java:1383)
	at com.api.stepdefinitions.CRUDOperationsSteps.validateGetResponse(CRUDOperationsSteps.java:71)
	at ✽.the service should respond with 200(file:///C:/Users/Admin/git/RestAssured_Cucumber/src/test/java/com/api/features/crudOperations.feature:20)
</pre></div></td>
<td>3</td>
<td>com.api.runners.TestRunner@5db4c359</td></tr>
<tr>
<td title='com.api.runners.TestRunner.runScenario()'><b>runScenario</b><br>Test class: com.api.runners.TestRunner<br>Test method: Runs Cucumber Scenarios<br>Parameters: "Create multiple users with DataTable", "Create multiple users on Reqres.in with Authentication"</td>
<td><div><pre>java.lang.AssertionError: Expected status code 201 but got 403 expected [201] but found [403]
	at org.testng.Assert.fail(Assert.java:111)
	at org.testng.Assert.failNotEquals(Assert.java:1578)
	at org.testng.Assert.assertEqualsImpl(Assert.java:150)
	at org.testng.Assert.assertEquals(Assert.java:132)
	at org.testng.Assert.assertEquals(Assert.java:1419)
	at org.testng.Assert.assertEquals(Assert.java:1383)
	at com.api.stepdefinitions.CreateMultipleUsersSteps.dispatchPostCallsForUsers(CreateMultipleUsersSteps.java:44)
	at ✽.I dispatch POST calls for each user entry(file:///C:/Users/Admin/git/RestAssured_Cucumber/src/test/java/com/api/features/createMultipleUsers.feature:6)
</pre></div><a href='#' onClick='toggleBox("stack-trace1388196220", this, "Click to show all stack frames", "Click to hide stack frames")'>Click to show all stack frames</a>
<div class='stack-trace' id='stack-trace1388196220'><pre>java.lang.AssertionError: Expected status code 201 but got 403 expected [201] but found [403]
	at org.testng.Assert.fail(Assert.java:111)
	at org.testng.Assert.failNotEquals(Assert.java:1578)
	at org.testng.Assert.assertEqualsImpl(Assert.java:150)
	at org.testng.Assert.assertEquals(Assert.java:132)
	at org.testng.Assert.assertEquals(Assert.java:1419)
	at org.testng.Assert.assertEquals(Assert.java:1383)
	at com.api.stepdefinitions.CreateMultipleUsersSteps.dispatchPostCallsForUsers(CreateMultipleUsersSteps.java:44)
	at ✽.I dispatch POST calls for each user entry(file:///C:/Users/Admin/git/RestAssured_Cucumber/src/test/java/com/api/features/createMultipleUsers.feature:6)
</pre></div></td>
<td>5</td>
<td>com.api.runners.TestRunner@5db4c359</td></tr>
<tr>
<td title='com.api.runners.TestRunner.runScenario()'><b>runScenario</b><br>Test class: com.api.runners.TestRunner<br>Test method: Runs Cucumber Scenarios<br>Parameters: "Create multiple users with DataTable", "Create multiple users on Reqres.in with Authentication"</td>
<td><div><pre>java.lang.AssertionError: Expected status code 201 but got 403 expected [201] but found [403]
	at org.testng.Assert.fail(Assert.java:111)
	at org.testng.Assert.failNotEquals(Assert.java:1578)
	at org.testng.Assert.assertEqualsImpl(Assert.java:150)
	at org.testng.Assert.assertEquals(Assert.java:132)
	at org.testng.Assert.assertEquals(Assert.java:1419)
	at org.testng.Assert.assertEquals(Assert.java:1383)
	at com.api.stepdefinitions.CreateMultipleUsersSteps.dispatchPostCallsForUsers(CreateMultipleUsersSteps.java:44)
	at ✽.I dispatch POST calls for each user entry(file:///C:/Users/Admin/git/RestAssured_Cucumber/src/test/java/com/api/features/createMultipleUsers.feature:6)
</pre></div><a href='#' onClick='toggleBox("stack-trace1540692919", this, "Click to show all stack frames", "Click to hide stack frames")'>Click to show all stack frames</a>
<div class='stack-trace' id='stack-trace1540692919'><pre>java.lang.AssertionError: Expected status code 201 but got 403 expected [201] but found [403]
	at org.testng.Assert.fail(Assert.java:111)
	at org.testng.Assert.failNotEquals(Assert.java:1578)
	at org.testng.Assert.assertEqualsImpl(Assert.java:150)
	at org.testng.Assert.assertEquals(Assert.java:132)
	at org.testng.Assert.assertEquals(Assert.java:1419)
	at org.testng.Assert.assertEquals(Assert.java:1383)
	at com.api.stepdefinitions.CreateMultipleUsersSteps.dispatchPostCallsForUsers(CreateMultipleUsersSteps.java:44)
	at ✽.I dispatch POST calls for each user entry(file:///C:/Users/Admin/git/RestAssured_Cucumber/src/test/java/com/api/features/createMultipleUsers.feature:6)
</pre></div></td>
<td>5</td>
<td>com.api.runners.TestRunner@5db4c359</td></tr>
<tr>
<td title='com.api.runners.TestRunner.runScenario()'><b>runScenario</b><br>Test class: com.api.runners.TestRunner<br>Test method: Runs Cucumber Scenarios<br>Parameters: "Create multiple users with DataTable", "Create multiple users on Reqres.in with Authentication"</td>
<td><div><pre>java.lang.AssertionError: Expected status code 201 but got 403 expected [201] but found [403]
	at org.testng.Assert.fail(Assert.java:111)
	at org.testng.Assert.failNotEquals(Assert.java:1578)
	at org.testng.Assert.assertEqualsImpl(Assert.java:150)
	at org.testng.Assert.assertEquals(Assert.java:132)
	at org.testng.Assert.assertEquals(Assert.java:1419)
	at org.testng.Assert.assertEquals(Assert.java:1383)
	at com.api.stepdefinitions.CreateMultipleUsersSteps.dispatchPostCallsForUsers(CreateMultipleUsersSteps.java:44)
	at ✽.I dispatch POST calls for each user entry(file:///C:/Users/Admin/git/RestAssured_Cucumber/src/test/java/com/api/features/createMultipleUsers.feature:6)
</pre></div><a href='#' onClick='toggleBox("stack-trace844595380", this, "Click to show all stack frames", "Click to hide stack frames")'>Click to show all stack frames</a>
<div class='stack-trace' id='stack-trace844595380'><pre>java.lang.AssertionError: Expected status code 201 but got 403 expected [201] but found [403]
	at org.testng.Assert.fail(Assert.java:111)
	at org.testng.Assert.failNotEquals(Assert.java:1578)
	at org.testng.Assert.assertEqualsImpl(Assert.java:150)
	at org.testng.Assert.assertEquals(Assert.java:132)
	at org.testng.Assert.assertEquals(Assert.java:1419)
	at org.testng.Assert.assertEquals(Assert.java:1383)
	at com.api.stepdefinitions.CreateMultipleUsersSteps.dispatchPostCallsForUsers(CreateMultipleUsersSteps.java:44)
	at ✽.I dispatch POST calls for each user entry(file:///C:/Users/Admin/git/RestAssured_Cucumber/src/test/java/com/api/features/createMultipleUsers.feature:6)
</pre></div></td>
<td>5</td>
<td>com.api.runners.TestRunner@5db4c359</td></tr>
<tr>
<td title='com.api.runners.TestRunner.runScenario()'><b>runScenario</b><br>Test class: com.api.runners.TestRunner<br>Test method: Runs Cucumber Scenarios<br>Parameters: "Validate User API responses", "User API Testing with Authentication"</td>
<td><div><pre>java.lang.AssertionError: Expected status code 200 but got 403 expected [200] but found [403]
	at org.testng.Assert.fail(Assert.java:111)
	at org.testng.Assert.failNotEquals(Assert.java:1578)
	at org.testng.Assert.assertEqualsImpl(Assert.java:150)
	at org.testng.Assert.assertEquals(Assert.java:132)
	at org.testng.Assert.assertEquals(Assert.java:1419)
	at org.testng.Assert.assertEquals(Assert.java:1383)
	at com.api.stepdefinitions.GetUserSteps.validateUserStatusCode(GetUserSteps.java:47)
	at ✽.the system should deliver 200 as the status(file:///C:/Users/Admin/git/RestAssured_Cucumber/src/test/java/com/api/features/GetUser.feature:7)
</pre></div><a href='#' onClick='toggleBox("stack-trace11536662", this, "Click to show all stack frames", "Click to hide stack frames")'>Click to show all stack frames</a>
<div class='stack-trace' id='stack-trace11536662'><pre>java.lang.AssertionError: Expected status code 200 but got 403 expected [200] but found [403]
	at org.testng.Assert.fail(Assert.java:111)
	at org.testng.Assert.failNotEquals(Assert.java:1578)
	at org.testng.Assert.assertEqualsImpl(Assert.java:150)
	at org.testng.Assert.assertEquals(Assert.java:132)
	at org.testng.Assert.assertEquals(Assert.java:1419)
	at org.testng.Assert.assertEquals(Assert.java:1383)
	at com.api.stepdefinitions.GetUserSteps.validateUserStatusCode(GetUserSteps.java:47)
	at ✽.the system should deliver 200 as the status(file:///C:/Users/Admin/git/RestAssured_Cucumber/src/test/java/com/api/features/GetUser.feature:7)
</pre></div></td>
<td>5</td>
<td>com.api.runners.TestRunner@5db4c359</td></tr>
<tr>
<td title='com.api.runners.TestRunner.runScenario()'><b>runScenario</b><br>Test class: com.api.runners.TestRunner<br>Test method: Runs Cucumber Scenarios<br>Parameters: "Validate User API responses", "User API Testing with Authentication"</td>
<td><div><pre>java.lang.AssertionError: Expected status code 200 but got 403 expected [200] but found [403]
	at org.testng.Assert.fail(Assert.java:111)
	at org.testng.Assert.failNotEquals(Assert.java:1578)
	at org.testng.Assert.assertEqualsImpl(Assert.java:150)
	at org.testng.Assert.assertEquals(Assert.java:132)
	at org.testng.Assert.assertEquals(Assert.java:1419)
	at org.testng.Assert.assertEquals(Assert.java:1383)
	at com.api.stepdefinitions.GetUserSteps.validateUserStatusCode(GetUserSteps.java:47)
	at ✽.the system should deliver 200 as the status(file:///C:/Users/Admin/git/RestAssured_Cucumber/src/test/java/com/api/features/GetUser.feature:7)
</pre></div><a href='#' onClick='toggleBox("stack-trace873772028", this, "Click to show all stack frames", "Click to hide stack frames")'>Click to show all stack frames</a>
<div class='stack-trace' id='stack-trace873772028'><pre>java.lang.AssertionError: Expected status code 200 but got 403 expected [200] but found [403]
	at org.testng.Assert.fail(Assert.java:111)
	at org.testng.Assert.failNotEquals(Assert.java:1578)
	at org.testng.Assert.assertEqualsImpl(Assert.java:150)
	at org.testng.Assert.assertEquals(Assert.java:132)
	at org.testng.Assert.assertEquals(Assert.java:1419)
	at org.testng.Assert.assertEquals(Assert.java:1383)
	at com.api.stepdefinitions.GetUserSteps.validateUserStatusCode(GetUserSteps.java:47)
	at ✽.the system should deliver 200 as the status(file:///C:/Users/Admin/git/RestAssured_Cucumber/src/test/java/com/api/features/GetUser.feature:7)
</pre></div></td>
<td>5</td>
<td>com.api.runners.TestRunner@5db4c359</td></tr>
<tr>
<td title='com.api.runners.TestRunner.runScenario()'><b>runScenario</b><br>Test class: com.api.runners.TestRunner<br>Test method: Runs Cucumber Scenarios<br>Parameters: "Create multiple users with DataTable", "Create multiple users on Reqres.in with Authentication"</td>
<td><div><pre>java.lang.AssertionError: Expected status code 201 but got 403 expected [201] but found [403]
	at org.testng.Assert.fail(Assert.java:111)
	at org.testng.Assert.failNotEquals(Assert.java:1578)
	at org.testng.Assert.assertEqualsImpl(Assert.java:150)
	at org.testng.Assert.assertEquals(Assert.java:132)
	at org.testng.Assert.assertEquals(Assert.java:1419)
	at org.testng.Assert.assertEquals(Assert.java:1383)
	at com.api.stepdefinitions.CreateMultipleUsersSteps.dispatchPostCallsForUsers(CreateMultipleUsersSteps.java:44)
	at ✽.I dispatch POST calls for each user entry(file:///C:/Users/Admin/git/RestAssured_Cucumber/src/test/java/com/api/features/createMultipleUsers.feature:6)
</pre></div><a href='#' onClick='toggleBox("stack-trace1512095882", this, "Click to show all stack frames", "Click to hide stack frames")'>Click to show all stack frames</a>
<div class='stack-trace' id='stack-trace1512095882'><pre>java.lang.AssertionError: Expected status code 201 but got 403 expected [201] but found [403]
	at org.testng.Assert.fail(Assert.java:111)
	at org.testng.Assert.failNotEquals(Assert.java:1578)
	at org.testng.Assert.assertEqualsImpl(Assert.java:150)
	at org.testng.Assert.assertEquals(Assert.java:132)
	at org.testng.Assert.assertEquals(Assert.java:1419)
	at org.testng.Assert.assertEquals(Assert.java:1383)
	at com.api.stepdefinitions.CreateMultipleUsersSteps.dispatchPostCallsForUsers(CreateMultipleUsersSteps.java:44)
	at ✽.I dispatch POST calls for each user entry(file:///C:/Users/Admin/git/RestAssured_Cucumber/src/test/java/com/api/features/createMultipleUsers.feature:6)
</pre></div></td>
<td>5</td>
<td>com.api.runners.TestRunner@5db4c359</td></tr>
<tr>
<td title='com.api.runners.TestRunner.runScenario()'><b>runScenario</b><br>Test class: com.api.runners.TestRunner<br>Test method: Runs Cucumber Scenarios<br>Parameters: "Create multiple users with DataTable", "Create multiple users on Reqres.in with Authentication"</td>
<td><div><pre>java.lang.AssertionError: Expected status code 201 but got 403 expected [201] but found [403]
	at org.testng.Assert.fail(Assert.java:111)
	at org.testng.Assert.failNotEquals(Assert.java:1578)
	at org.testng.Assert.assertEqualsImpl(Assert.java:150)
	at org.testng.Assert.assertEquals(Assert.java:132)
	at org.testng.Assert.assertEquals(Assert.java:1419)
	at org.testng.Assert.assertEquals(Assert.java:1383)
	at com.api.stepdefinitions.CreateMultipleUsersSteps.dispatchPostCallsForUsers(CreateMultipleUsersSteps.java:44)
	at ✽.I dispatch POST calls for each user entry(file:///C:/Users/Admin/git/RestAssured_Cucumber/src/test/java/com/api/features/createMultipleUsers.feature:6)
</pre></div><a href='#' onClick='toggleBox("stack-trace287355978", this, "Click to show all stack frames", "Click to hide stack frames")'>Click to show all stack frames</a>
<div class='stack-trace' id='stack-trace287355978'><pre>java.lang.AssertionError: Expected status code 201 but got 403 expected [201] but found [403]
	at org.testng.Assert.fail(Assert.java:111)
	at org.testng.Assert.failNotEquals(Assert.java:1578)
	at org.testng.Assert.assertEqualsImpl(Assert.java:150)
	at org.testng.Assert.assertEquals(Assert.java:132)
	at org.testng.Assert.assertEquals(Assert.java:1419)
	at org.testng.Assert.assertEquals(Assert.java:1383)
	at com.api.stepdefinitions.CreateMultipleUsersSteps.dispatchPostCallsForUsers(CreateMultipleUsersSteps.java:44)
	at ✽.I dispatch POST calls for each user entry(file:///C:/Users/Admin/git/RestAssured_Cucumber/src/test/java/com/api/features/createMultipleUsers.feature:6)
</pre></div></td>
<td>3</td>
<td>com.api.runners.TestRunner@5db4c359</td></tr>
<tr>
<td title='com.api.runners.TestRunner.runScenario()'><b>runScenario</b><br>Test class: com.api.runners.TestRunner<br>Test method: Runs Cucumber Scenarios<br>Parameters: "Validate User API responses", "User API Testing with Authentication"</td>
<td><div><pre>java.lang.AssertionError: Expected status code 200 but got 403 expected [200] but found [403]
	at org.testng.Assert.fail(Assert.java:111)
	at org.testng.Assert.failNotEquals(Assert.java:1578)
	at org.testng.Assert.assertEqualsImpl(Assert.java:150)
	at org.testng.Assert.assertEquals(Assert.java:132)
	at org.testng.Assert.assertEquals(Assert.java:1419)
	at org.testng.Assert.assertEquals(Assert.java:1383)
	at com.api.stepdefinitions.GetUserSteps.validateUserStatusCode(GetUserSteps.java:47)
	at ✽.the system should deliver 200 as the status(file:///C:/Users/Admin/git/RestAssured_Cucumber/src/test/java/com/api/features/GetUser.feature:7)
</pre></div><a href='#' onClick='toggleBox("stack-trace1141788801", this, "Click to show all stack frames", "Click to hide stack frames")'>Click to show all stack frames</a>
<div class='stack-trace' id='stack-trace1141788801'><pre>java.lang.AssertionError: Expected status code 200 but got 403 expected [200] but found [403]
	at org.testng.Assert.fail(Assert.java:111)
	at org.testng.Assert.failNotEquals(Assert.java:1578)
	at org.testng.Assert.assertEqualsImpl(Assert.java:150)
	at org.testng.Assert.assertEquals(Assert.java:132)
	at org.testng.Assert.assertEquals(Assert.java:1419)
	at org.testng.Assert.assertEquals(Assert.java:1383)
	at com.api.stepdefinitions.GetUserSteps.validateUserStatusCode(GetUserSteps.java:47)
	at ✽.the system should deliver 200 as the status(file:///C:/Users/Admin/git/RestAssured_Cucumber/src/test/java/com/api/features/GetUser.feature:7)
</pre></div></td>
<td>5</td>
<td>com.api.runners.TestRunner@5db4c359</td></tr>
<tr>
<td title='com.api.runners.TestRunner.runScenario()'><b>runScenario</b><br>Test class: com.api.runners.TestRunner<br>Test method: Runs Cucumber Scenarios<br>Parameters: "Update user details", "API CRUD Operations with Authentication"</td>
<td><div><pre>java.lang.AssertionError: Expected 200 but got 403 expected [200] but found [403]
	at org.testng.Assert.fail(Assert.java:111)
	at org.testng.Assert.failNotEquals(Assert.java:1578)
	at org.testng.Assert.assertEqualsImpl(Assert.java:150)
	at org.testng.Assert.assertEquals(Assert.java:132)
	at org.testng.Assert.assertEquals(Assert.java:1419)
	at org.testng.Assert.assertEquals(Assert.java:1383)
	at com.api.stepdefinitions.CRUDOperationsSteps.validatePutResponse(CRUDOperationsSteps.java:101)
	at ✽.the service should acknowledge with 200(file:///C:/Users/Admin/git/RestAssured_Cucumber/src/test/java/com/api/features/crudOperations.feature:33)
</pre></div><a href='#' onClick='toggleBox("stack-trace89408923", this, "Click to show all stack frames", "Click to hide stack frames")'>Click to show all stack frames</a>
<div class='stack-trace' id='stack-trace89408923'><pre>java.lang.AssertionError: Expected 200 but got 403 expected [200] but found [403]
	at org.testng.Assert.fail(Assert.java:111)
	at org.testng.Assert.failNotEquals(Assert.java:1578)
	at org.testng.Assert.assertEqualsImpl(Assert.java:150)
	at org.testng.Assert.assertEquals(Assert.java:132)
	at org.testng.Assert.assertEquals(Assert.java:1419)
	at org.testng.Assert.assertEquals(Assert.java:1383)
	at com.api.stepdefinitions.CRUDOperationsSteps.validatePutResponse(CRUDOperationsSteps.java:101)
	at ✽.the service should acknowledge with 200(file:///C:/Users/Admin/git/RestAssured_Cucumber/src/test/java/com/api/features/crudOperations.feature:33)
</pre></div></td>
<td>3</td>
<td>com.api.runners.TestRunner@5db4c359</td></tr>
<tr>
<td title='com.api.runners.TestRunner.runScenario()'><b>runScenario</b><br>Test class: com.api.runners.TestRunner<br>Test method: Runs Cucumber Scenarios<br>Parameters: "Read user details", "API CRUD Operations with Authentication"</td>
<td><div><pre>java.lang.AssertionError: Expected 200 but got 403 expected [200] but found [403]
	at org.testng.Assert.fail(Assert.java:111)
	at org.testng.Assert.failNotEquals(Assert.java:1578)
	at org.testng.Assert.assertEqualsImpl(Assert.java:150)
	at org.testng.Assert.assertEquals(Assert.java:132)
	at org.testng.Assert.assertEquals(Assert.java:1419)
	at org.testng.Assert.assertEquals(Assert.java:1383)
	at com.api.stepdefinitions.CRUDOperationsSteps.validateGetResponse(CRUDOperationsSteps.java:71)
	at ✽.the service should respond with 200(file:///C:/Users/Admin/git/RestAssured_Cucumber/src/test/java/com/api/features/crudOperations.feature:20)
</pre></div><a href='#' onClick='toggleBox("stack-trace1388995162", this, "Click to show all stack frames", "Click to hide stack frames")'>Click to show all stack frames</a>
<div class='stack-trace' id='stack-trace1388995162'><pre>java.lang.AssertionError: Expected 200 but got 403 expected [200] but found [403]
	at org.testng.Assert.fail(Assert.java:111)
	at org.testng.Assert.failNotEquals(Assert.java:1578)
	at org.testng.Assert.assertEqualsImpl(Assert.java:150)
	at org.testng.Assert.assertEquals(Assert.java:132)
	at org.testng.Assert.assertEquals(Assert.java:1419)
	at org.testng.Assert.assertEquals(Assert.java:1383)
	at com.api.stepdefinitions.CRUDOperationsSteps.validateGetResponse(CRUDOperationsSteps.java:71)
	at ✽.the service should respond with 200(file:///C:/Users/Admin/git/RestAssured_Cucumber/src/test/java/com/api/features/crudOperations.feature:20)
</pre></div></td>
<td>3</td>
<td>com.api.runners.TestRunner@5db4c359</td></tr>
<tr>
<td title='com.api.runners.TestRunner.runScenario()'><b>runScenario</b><br>Test class: com.api.runners.TestRunner<br>Test method: Runs Cucumber Scenarios<br>Parameters: "Create a new user", "API CRUD Operations with Authentication"</td>
<td><div><pre>java.lang.AssertionError: Expected 201 but got 403 expected [201] but found [403]
	at org.testng.Assert.fail(Assert.java:111)
	at org.testng.Assert.failNotEquals(Assert.java:1578)
	at org.testng.Assert.assertEqualsImpl(Assert.java:150)
	at org.testng.Assert.assertEquals(Assert.java:132)
	at org.testng.Assert.assertEquals(Assert.java:1419)
	at org.testng.Assert.assertEquals(Assert.java:1383)
	at com.api.stepdefinitions.CRUDOperationsSteps.validatePostOutcome(CRUDOperationsSteps.java:44)
	at ✽.the service should return 201 as the outcome(file:///C:/Users/Admin/git/RestAssured_Cucumber/src/test/java/com/api/features/crudOperations.feature:9)
</pre></div><a href='#' onClick='toggleBox("stack-trace742289100", this, "Click to show all stack frames", "Click to hide stack frames")'>Click to show all stack frames</a>
<div class='stack-trace' id='stack-trace742289100'><pre>java.lang.AssertionError: Expected 201 but got 403 expected [201] but found [403]
	at org.testng.Assert.fail(Assert.java:111)
	at org.testng.Assert.failNotEquals(Assert.java:1578)
	at org.testng.Assert.assertEqualsImpl(Assert.java:150)
	at org.testng.Assert.assertEquals(Assert.java:132)
	at org.testng.Assert.assertEquals(Assert.java:1419)
	at org.testng.Assert.assertEquals(Assert.java:1383)
	at com.api.stepdefinitions.CRUDOperationsSteps.validatePostOutcome(CRUDOperationsSteps.java:44)
	at ✽.the service should return 201 as the outcome(file:///C:/Users/Admin/git/RestAssured_Cucumber/src/test/java/com/api/features/crudOperations.feature:9)
</pre></div></td>
<td>3</td>
<td>com.api.runners.TestRunner@5db4c359</td></tr>
<tr>
<td title='com.api.runners.TestRunner.runScenario()'><b>runScenario</b><br>Test class: com.api.runners.TestRunner<br>Test method: Runs Cucumber Scenarios<br>Parameters: "Create multiple users with DataTable", "Create multiple users on Reqres.in with Authentication"</td>
<td><div><pre>java.lang.AssertionError: Expected status code 201 but got 403 expected [201] but found [403]
	at org.testng.Assert.fail(Assert.java:111)
	at org.testng.Assert.failNotEquals(Assert.java:1578)
	at org.testng.Assert.assertEqualsImpl(Assert.java:150)
	at org.testng.Assert.assertEquals(Assert.java:132)
	at org.testng.Assert.assertEquals(Assert.java:1419)
	at org.testng.Assert.assertEquals(Assert.java:1383)
	at com.api.stepdefinitions.CreateMultipleUsersSteps.dispatchPostCallsForUsers(CreateMultipleUsersSteps.java:44)
	at ✽.I dispatch POST calls for each user entry(file:///C:/Users/Admin/git/RestAssured_Cucumber/src/test/java/com/api/features/createMultipleUsers.feature:6)
</pre></div><a href='#' onClick='toggleBox("stack-trace157815995", this, "Click to show all stack frames", "Click to hide stack frames")'>Click to show all stack frames</a>
<div class='stack-trace' id='stack-trace157815995'><pre>java.lang.AssertionError: Expected status code 201 but got 403 expected [201] but found [403]
	at org.testng.Assert.fail(Assert.java:111)
	at org.testng.Assert.failNotEquals(Assert.java:1578)
	at org.testng.Assert.assertEqualsImpl(Assert.java:150)
	at org.testng.Assert.assertEquals(Assert.java:132)
	at org.testng.Assert.assertEquals(Assert.java:1419)
	at org.testng.Assert.assertEquals(Assert.java:1383)
	at com.api.stepdefinitions.CreateMultipleUsersSteps.dispatchPostCallsForUsers(CreateMultipleUsersSteps.java:44)
	at ✽.I dispatch POST calls for each user entry(file:///C:/Users/Admin/git/RestAssured_Cucumber/src/test/java/com/api/features/createMultipleUsers.feature:6)
</pre></div></td>
<td>5</td>
<td>com.api.runners.TestRunner@5db4c359</td></tr>
<tr>
<td title='com.api.runners.TestRunner.runScenario()'><b>runScenario</b><br>Test class: com.api.runners.TestRunner<br>Test method: Runs Cucumber Scenarios<br>Parameters: "Update user details", "API CRUD Operations with Authentication"</td>
<td><div><pre>java.lang.AssertionError: Expected 200 but got 403 expected [200] but found [403]
	at org.testng.Assert.fail(Assert.java:111)
	at org.testng.Assert.failNotEquals(Assert.java:1578)
	at org.testng.Assert.assertEqualsImpl(Assert.java:150)
	at org.testng.Assert.assertEquals(Assert.java:132)
	at org.testng.Assert.assertEquals(Assert.java:1419)
	at org.testng.Assert.assertEquals(Assert.java:1383)
	at com.api.stepdefinitions.CRUDOperationsSteps.validatePutResponse(CRUDOperationsSteps.java:101)
	at ✽.the service should acknowledge with 200(file:///C:/Users/Admin/git/RestAssured_Cucumber/src/test/java/com/api/features/crudOperations.feature:33)
</pre></div><a href='#' onClick='toggleBox("stack-trace956737394", this, "Click to show all stack frames", "Click to hide stack frames")'>Click to show all stack frames</a>
<div class='stack-trace' id='stack-trace956737394'><pre>java.lang.AssertionError: Expected 200 but got 403 expected [200] but found [403]
	at org.testng.Assert.fail(Assert.java:111)
	at org.testng.Assert.failNotEquals(Assert.java:1578)
	at org.testng.Assert.assertEqualsImpl(Assert.java:150)
	at org.testng.Assert.assertEquals(Assert.java:132)
	at org.testng.Assert.assertEquals(Assert.java:1419)
	at org.testng.Assert.assertEquals(Assert.java:1383)
	at com.api.stepdefinitions.CRUDOperationsSteps.validatePutResponse(CRUDOperationsSteps.java:101)
	at ✽.the service should acknowledge with 200(file:///C:/Users/Admin/git/RestAssured_Cucumber/src/test/java/com/api/features/crudOperations.feature:33)
</pre></div></td>
<td>4</td>
<td>com.api.runners.TestRunner@5db4c359</td></tr>
<tr>
<td title='com.api.runners.TestRunner.runScenario()'><b>runScenario</b><br>Test class: com.api.runners.TestRunner<br>Test method: Runs Cucumber Scenarios<br>Parameters: "Delete a user", "API CRUD Operations with Authentication"</td>
<td><div><pre>java.lang.AssertionError: Expected 204 but got 403 expected [204] but found [403]
	at org.testng.Assert.fail(Assert.java:111)
	at org.testng.Assert.failNotEquals(Assert.java:1578)
	at org.testng.Assert.assertEqualsImpl(Assert.java:150)
	at org.testng.Assert.assertEquals(Assert.java:132)
	at org.testng.Assert.assertEquals(Assert.java:1419)
	at org.testng.Assert.assertEquals(Assert.java:1383)
	at com.api.stepdefinitions.CRUDOperationsSteps.validateDeleteResponse(CRUDOperationsSteps.java:128)
	at ✽.the service should confirm with 204(file:///C:/Users/Admin/git/RestAssured_Cucumber/src/test/java/com/api/features/crudOperations.feature:44)
</pre></div><a href='#' onClick='toggleBox("stack-trace182493557", this, "Click to show all stack frames", "Click to hide stack frames")'>Click to show all stack frames</a>
<div class='stack-trace' id='stack-trace182493557'><pre>java.lang.AssertionError: Expected 204 but got 403 expected [204] but found [403]
	at org.testng.Assert.fail(Assert.java:111)
	at org.testng.Assert.failNotEquals(Assert.java:1578)
	at org.testng.Assert.assertEqualsImpl(Assert.java:150)
	at org.testng.Assert.assertEquals(Assert.java:132)
	at org.testng.Assert.assertEquals(Assert.java:1419)
	at org.testng.Assert.assertEquals(Assert.java:1383)
	at com.api.stepdefinitions.CRUDOperationsSteps.validateDeleteResponse(CRUDOperationsSteps.java:128)
	at ✽.the service should confirm with 204(file:///C:/Users/Admin/git/RestAssured_Cucumber/src/test/java/com/api/features/crudOperations.feature:44)
</pre></div></td>
<td>3</td>
<td>com.api.runners.TestRunner@5db4c359</td></tr>
<tr>
<td title='com.api.runners.TestRunner.runScenario()'><b>runScenario</b><br>Test class: com.api.runners.TestRunner<br>Test method: Runs Cucumber Scenarios<br>Parameters: "Create multiple users with DataTable", "Create multiple users on Reqres.in with Authentication"</td>
<td><div><pre>java.lang.AssertionError: Expected status code 201 but got 403 expected [201] but found [403]
	at org.testng.Assert.fail(Assert.java:111)
	at org.testng.Assert.failNotEquals(Assert.java:1578)
	at org.testng.Assert.assertEqualsImpl(Assert.java:150)
	at org.testng.Assert.assertEquals(Assert.java:132)
	at org.testng.Assert.assertEquals(Assert.java:1419)
	at org.testng.Assert.assertEquals(Assert.java:1383)
	at com.api.stepdefinitions.CreateMultipleUsersSteps.dispatchPostCallsForUsers(CreateMultipleUsersSteps.java:44)
	at ✽.I dispatch POST calls for each user entry(file:///C:/Users/Admin/git/RestAssured_Cucumber/src/test/java/com/api/features/createMultipleUsers.feature:6)
</pre></div><a href='#' onClick='toggleBox("stack-trace1864267336", this, "Click to show all stack frames", "Click to hide stack frames")'>Click to show all stack frames</a>
<div class='stack-trace' id='stack-trace1864267336'><pre>java.lang.AssertionError: Expected status code 201 but got 403 expected [201] but found [403]
	at org.testng.Assert.fail(Assert.java:111)
	at org.testng.Assert.failNotEquals(Assert.java:1578)
	at org.testng.Assert.assertEqualsImpl(Assert.java:150)
	at org.testng.Assert.assertEquals(Assert.java:132)
	at org.testng.Assert.assertEquals(Assert.java:1419)
	at org.testng.Assert.assertEquals(Assert.java:1383)
	at com.api.stepdefinitions.CreateMultipleUsersSteps.dispatchPostCallsForUsers(CreateMultipleUsersSteps.java:44)
	at ✽.I dispatch POST calls for each user entry(file:///C:/Users/Admin/git/RestAssured_Cucumber/src/test/java/com/api/features/createMultipleUsers.feature:6)
</pre></div></td>
<td>5</td>
<td>com.api.runners.TestRunner@5db4c359</td></tr>
<tr>
<td title='com.api.runners.TestRunner.runScenario()'><b>runScenario</b><br>Test class: com.api.runners.TestRunner<br>Test method: Runs Cucumber Scenarios<br>Parameters: "Create multiple users with DataTable", "Create multiple users on Reqres.in with Authentication"</td>
<td><div><pre>java.lang.AssertionError: Expected status code 201 but got 403 expected [201] but found [403]
	at org.testng.Assert.fail(Assert.java:111)
	at org.testng.Assert.failNotEquals(Assert.java:1578)
	at org.testng.Assert.assertEqualsImpl(Assert.java:150)
	at org.testng.Assert.assertEquals(Assert.java:132)
	at org.testng.Assert.assertEquals(Assert.java:1419)
	at org.testng.Assert.assertEquals(Assert.java:1383)
	at com.api.stepdefinitions.CreateMultipleUsersSteps.dispatchPostCallsForUsers(CreateMultipleUsersSteps.java:44)
	at ✽.I dispatch POST calls for each user entry(file:///C:/Users/Admin/git/RestAssured_Cucumber/src/test/java/com/api/features/createMultipleUsers.feature:6)
</pre></div><a href='#' onClick='toggleBox("stack-trace261209803", this, "Click to show all stack frames", "Click to hide stack frames")'>Click to show all stack frames</a>
<div class='stack-trace' id='stack-trace261209803'><pre>java.lang.AssertionError: Expected status code 201 but got 403 expected [201] but found [403]
	at org.testng.Assert.fail(Assert.java:111)
	at org.testng.Assert.failNotEquals(Assert.java:1578)
	at org.testng.Assert.assertEqualsImpl(Assert.java:150)
	at org.testng.Assert.assertEquals(Assert.java:132)
	at org.testng.Assert.assertEquals(Assert.java:1419)
	at org.testng.Assert.assertEquals(Assert.java:1383)
	at com.api.stepdefinitions.CreateMultipleUsersSteps.dispatchPostCallsForUsers(CreateMultipleUsersSteps.java:44)
	at ✽.I dispatch POST calls for each user entry(file:///C:/Users/Admin/git/RestAssured_Cucumber/src/test/java/com/api/features/createMultipleUsers.feature:6)
</pre></div></td>
<td>5</td>
<td>com.api.runners.TestRunner@5db4c359</td></tr>
<tr>
<td title='com.api.runners.TestRunner.runScenario()'><b>runScenario</b><br>Test class: com.api.runners.TestRunner<br>Test method: Runs Cucumber Scenarios<br>Parameters: "Create a new user", "API CRUD Operations with Authentication"</td>
<td><div><pre>java.lang.AssertionError: Expected 201 but got 403 expected [201] but found [403]
	at org.testng.Assert.fail(Assert.java:111)
	at org.testng.Assert.failNotEquals(Assert.java:1578)
	at org.testng.Assert.assertEqualsImpl(Assert.java:150)
	at org.testng.Assert.assertEquals(Assert.java:132)
	at org.testng.Assert.assertEquals(Assert.java:1419)
	at org.testng.Assert.assertEquals(Assert.java:1383)
	at com.api.stepdefinitions.CRUDOperationsSteps.validatePostOutcome(CRUDOperationsSteps.java:44)
	at ✽.the service should return 201 as the outcome(file:///C:/Users/Admin/git/RestAssured_Cucumber/src/test/java/com/api/features/crudOperations.feature:9)
</pre></div><a href='#' onClick='toggleBox("stack-trace1580771204", this, "Click to show all stack frames", "Click to hide stack frames")'>Click to show all stack frames</a>
<div class='stack-trace' id='stack-trace1580771204'><pre>java.lang.AssertionError: Expected 201 but got 403 expected [201] but found [403]
	at org.testng.Assert.fail(Assert.java:111)
	at org.testng.Assert.failNotEquals(Assert.java:1578)
	at org.testng.Assert.assertEqualsImpl(Assert.java:150)
	at org.testng.Assert.assertEquals(Assert.java:132)
	at org.testng.Assert.assertEquals(Assert.java:1419)
	at org.testng.Assert.assertEquals(Assert.java:1383)
	at com.api.stepdefinitions.CRUDOperationsSteps.validatePostOutcome(CRUDOperationsSteps.java:44)
	at ✽.the service should return 201 as the outcome(file:///C:/Users/Admin/git/RestAssured_Cucumber/src/test/java/com/api/features/crudOperations.feature:9)
</pre></div></td>
<td>3</td>
<td>com.api.runners.TestRunner@5db4c359</td></tr>
<tr>
<td title='com.api.runners.TestRunner.runScenario()'><b>runScenario</b><br>Test class: com.api.runners.TestRunner<br>Test method: Runs Cucumber Scenarios<br>Parameters: "Delete a user", "API CRUD Operations with Authentication"</td>
<td><div><pre>java.lang.AssertionError: Expected 204 but got 403 expected [204] but found [403]
	at org.testng.Assert.fail(Assert.java:111)
	at org.testng.Assert.failNotEquals(Assert.java:1578)
	at org.testng.Assert.assertEqualsImpl(Assert.java:150)
	at org.testng.Assert.assertEquals(Assert.java:132)
	at org.testng.Assert.assertEquals(Assert.java:1419)
	at org.testng.Assert.assertEquals(Assert.java:1383)
	at com.api.stepdefinitions.CRUDOperationsSteps.validateDeleteResponse(CRUDOperationsSteps.java:128)
	at ✽.the service should confirm with 204(file:///C:/Users/Admin/git/RestAssured_Cucumber/src/test/java/com/api/features/crudOperations.feature:44)
</pre></div><a href='#' onClick='toggleBox("stack-trace1299861285", this, "Click to show all stack frames", "Click to hide stack frames")'>Click to show all stack frames</a>
<div class='stack-trace' id='stack-trace1299861285'><pre>java.lang.AssertionError: Expected 204 but got 403 expected [204] but found [403]
	at org.testng.Assert.fail(Assert.java:111)
	at org.testng.Assert.failNotEquals(Assert.java:1578)
	at org.testng.Assert.assertEqualsImpl(Assert.java:150)
	at org.testng.Assert.assertEquals(Assert.java:132)
	at org.testng.Assert.assertEquals(Assert.java:1419)
	at org.testng.Assert.assertEquals(Assert.java:1383)
	at com.api.stepdefinitions.CRUDOperationsSteps.validateDeleteResponse(CRUDOperationsSteps.java:128)
	at ✽.the service should confirm with 204(file:///C:/Users/Admin/git/RestAssured_Cucumber/src/test/java/com/api/features/crudOperations.feature:44)
</pre></div></td>
<td>3</td>
<td>com.api.runners.TestRunner@5db4c359</td></tr>
</table><p>
</body>
</html>