<?xml version="1.0" encoding="UTF-8"?>
<!-- Generated by org.testng.reporters.JUnitXMLReporter -->
<testsuite ignored="0" hostname="DESKTOP-IREC5PQ" failures="8" tests="8" name="Default test" time="6.575" errors="0" timestamp="2026-01-11T15:22:13 IST">
  <testcase classname="io.cucumber.testng.AbstractTestNGCucumberTests" name="runScenario" time="6.232">
    <failure type="java.lang.AssertionError" message="Expected 204 but got 403 expected [204] but found [403]">
      <![CDATA[java.lang.AssertionError: Expected 204 but got 403 expected [204] but found [403]
at org.testng.Assert.fail(Assert.java:111)
at org.testng.Assert.failNotEquals(Assert.java:1578)
at org.testng.Assert.assertEqualsImpl(Assert.java:150)
at org.testng.Assert.assertEquals(Assert.java:132)
at org.testng.Assert.assertEquals(Assert.java:1419)
at org.testng.Assert.assertEquals(Assert.java:1383)
at com.api.stepdefinitions.CRUDOperationsSteps.validateResponseStatus(CRUDOperationsSteps.java:76)
at ✽.the response status should be 204(file:///C:/Users/Admin/git/RestAssured_Cucumber/src/test/java/com/api/features/crudOperations.feature:45)
]]>
    </failure>
  </testcase> <!-- runScenario -->
  <testcase classname="io.cucumber.testng.AbstractTestNGCucumberTests" name="runScenario" time="6.236">
    <failure type="java.lang.AssertionError" message="Expected 200 but got 403 expected [200] but found [403]">
      <![CDATA[java.lang.AssertionError: Expected 200 but got 403 expected [200] but found [403]
at org.testng.Assert.fail(Assert.java:111)
at org.testng.Assert.failNotEquals(Assert.java:1578)
at org.testng.Assert.assertEqualsImpl(Assert.java:150)
at org.testng.Assert.assertEquals(Assert.java:132)
at org.testng.Assert.assertEquals(Assert.java:1419)
at org.testng.Assert.assertEquals(Assert.java:1383)
at com.api.stepdefinitions.CRUDOperationsSteps.validateResponseStatus(CRUDOperationsSteps.java:76)
at ✽.the response status should be 200(file:///C:/Users/Admin/git/RestAssured_Cucumber/src/test/java/com/api/features/crudOperations.feature:21)
]]>
    </failure>
  </testcase> <!-- runScenario -->
  <testcase classname="io.cucumber.testng.AbstractTestNGCucumberTests" name="runScenario" time="6.24">
    <failure type="java.lang.AssertionError" message="Expected 200 but got 403 expected [200] but found [403]">
      <![CDATA[java.lang.AssertionError: Expected 200 but got 403 expected [200] but found [403]
at org.testng.Assert.fail(Assert.java:111)
at org.testng.Assert.failNotEquals(Assert.java:1578)
at org.testng.Assert.assertEqualsImpl(Assert.java:150)
at org.testng.Assert.assertEquals(Assert.java:132)
at org.testng.Assert.assertEquals(Assert.java:1419)
at org.testng.Assert.assertEquals(Assert.java:1383)
at com.api.stepdefinitions.CRUDOperationsSteps.validateResponseStatus(CRUDOperationsSteps.java:76)
at ✽.the response status should be 200(file:///C:/Users/Admin/git/RestAssured_Cucumber/src/test/java/com/api/features/crudOperations.feature:34)
]]>
    </failure>
  </testcase> <!-- runScenario -->
  <testcase classname="io.cucumber.testng.AbstractTestNGCucumberTests" name="runScenario" time="6.24">
    <failure type="java.lang.AssertionError" message="Expected 201 but got 403 expected [201] but found [403]">
      <![CDATA[java.lang.AssertionError: Expected 201 but got 403 expected [201] but found [403]
at org.testng.Assert.fail(Assert.java:111)
at org.testng.Assert.failNotEquals(Assert.java:1578)
at org.testng.Assert.assertEqualsImpl(Assert.java:150)
at org.testng.Assert.assertEquals(Assert.java:132)
at org.testng.Assert.assertEquals(Assert.java:1419)
at org.testng.Assert.assertEquals(Assert.java:1383)
at com.api.stepdefinitions.CRUDOperationsSteps.validateResponseStatus(CRUDOperationsSteps.java:76)
at ✽.the response status should be 201(file:///C:/Users/Admin/git/RestAssured_Cucumber/src/test/java/com/api/features/crudOperations.feature:10)
]]>
    </failure>
  </testcase> <!-- runScenario -->
  <testcase classname="io.cucumber.testng.AbstractTestNGCucumberTests" name="runScenario" time="6.251">
    <failure type="java.lang.AssertionError" message="Expected 200 but got 403 expected [200] but found [403]">
      <![CDATA[java.lang.AssertionError: Expected 200 but got 403 expected [200] but found [403]
at org.testng.Assert.fail(Assert.java:111)
at org.testng.Assert.failNotEquals(Assert.java:1578)
at org.testng.Assert.assertEqualsImpl(Assert.java:150)
at org.testng.Assert.assertEquals(Assert.java:132)
at org.testng.Assert.assertEquals(Assert.java:1419)
at org.testng.Assert.assertEquals(Assert.java:1383)
at com.api.stepdefinitions.CRUDOperationsSteps.validateResponseStatus(CRUDOperationsSteps.java:76)
at ✽.the response status should be 200(file:///C:/Users/Admin/git/RestAssured_Cucumber/src/test/java/com/api/features/crudOperations.feature:21)
]]>
    </failure>
  </testcase> <!-- runScenario -->
  <testcase classname="io.cucumber.testng.AbstractTestNGCucumberTests" name="runScenario" time="6.245">
    <failure type="java.lang.AssertionError" message="Expected 201 but got 403 expected [201] but found [403]">
      <![CDATA[java.lang.AssertionError: Expected 201 but got 403 expected [201] but found [403]
at org.testng.Assert.fail(Assert.java:111)
at org.testng.Assert.failNotEquals(Assert.java:1578)
at org.testng.Assert.assertEqualsImpl(Assert.java:150)
at org.testng.Assert.assertEquals(Assert.java:132)
at org.testng.Assert.assertEquals(Assert.java:1419)
at org.testng.Assert.assertEquals(Assert.java:1383)
at com.api.stepdefinitions.CRUDOperationsSteps.validateResponseStatus(CRUDOperationsSteps.java:76)
at ✽.the response status should be 201(file:///C:/Users/Admin/git/RestAssured_Cucumber/src/test/java/com/api/features/crudOperations.feature:10)
]]>
    </failure>
  </testcase> <!-- runScenario -->
  <testcase classname="io.cucumber.testng.AbstractTestNGCucumberTests" name="runScenario" time="6.259">
    <failure type="java.lang.AssertionError" message="Expected 204 but got 403 expected [204] but found [403]">
      <![CDATA[java.lang.AssertionError: Expected 204 but got 403 expected [204] but found [403]
at org.testng.Assert.fail(Assert.java:111)
at org.testng.Assert.failNotEquals(Assert.java:1578)
at org.testng.Assert.assertEqualsImpl(Assert.java:150)
at org.testng.Assert.assertEquals(Assert.java:132)
at org.testng.Assert.assertEquals(Assert.java:1419)
at org.testng.Assert.assertEquals(Assert.java:1383)
at com.api.stepdefinitions.CRUDOperationsSteps.validateResponseStatus(CRUDOperationsSteps.java:76)
at ✽.the response status should be 204(file:///C:/Users/Admin/git/RestAssured_Cucumber/src/test/java/com/api/features/crudOperations.feature:45)
]]>
    </failure>
  </testcase> <!-- runScenario -->
  <testcase classname="io.cucumber.testng.AbstractTestNGCucumberTests" name="runScenario" time="6.269">
    <failure type="java.lang.AssertionError" message="Expected 200 but got 403 expected [200] but found [403]">
      <![CDATA[java.lang.AssertionError: Expected 200 but got 403 expected [200] but found [403]
at org.testng.Assert.fail(Assert.java:111)
at org.testng.Assert.failNotEquals(Assert.java:1578)
at org.testng.Assert.assertEqualsImpl(Assert.java:150)
at org.testng.Assert.assertEquals(Assert.java:132)
at org.testng.Assert.assertEquals(Assert.java:1419)
at org.testng.Assert.assertEquals(Assert.java:1383)
at com.api.stepdefinitions.CRUDOperationsSteps.validateResponseStatus(CRUDOperationsSteps.java:76)
at ✽.the response status should be 200(file:///C:/Users/Admin/git/RestAssured_Cucumber/src/test/java/com/api/features/crudOperations.feature:34)
]]>
    </failure>
  </testcase> <!-- runScenario -->
</testsuite> <!-- Default test -->
