<?xml version="1.0" encoding="UTF-8"?>
<!-- Generated by org.testng.reporters.JUnitXMLReporter -->
<testsuite ignored="0" hostname="DESKTOP-IREC5PQ" failures="8" tests="8" name="Test" time="4.361" errors="0" timestamp="2026-02-01T11:50:35 IST">
  <testcase classname="io.cucumber.testng.AbstractTestNGCucumberTests" name="runScenario" time="3.917">
    <failure type="java.lang.AssertionError" message="Expected 200 but got 403 expected [200] but found [403]">
      <![CDATA[java.lang.AssertionError: Expected 200 but got 403 expected [200] but found [403]
at com.api.stepdefinitions.CRUDOperationsSteps.validateResponseStatus(CRUDOperationsSteps.java:76)
at ✽.the response status should be 200(file:///C:/Users/Admin/git/RestAssured_Cucumber/src/test/java/com/api/features/crudOperations.feature:34)
... Removed 6 stack frames]]>
    </failure>
  </testcase> <!-- runScenario -->
  <testcase classname="io.cucumber.testng.AbstractTestNGCucumberTests" name="runScenario" time="3.917">
    <failure type="java.lang.AssertionError" message="Expected 201 but got 403 expected [201] but found [403]">
      <![CDATA[java.lang.AssertionError: Expected 201 but got 403 expected [201] but found [403]
at com.api.stepdefinitions.CRUDOperationsSteps.validateResponseStatus(CRUDOperationsSteps.java:76)
at ✽.the response status should be 201(file:///C:/Users/Admin/git/RestAssured_Cucumber/src/test/java/com/api/features/crudOperations.feature:10)
... Removed 6 stack frames]]>
    </failure>
  </testcase> <!-- runScenario -->
  <testcase classname="io.cucumber.testng.AbstractTestNGCucumberTests" name="runScenario" time="3.92">
    <failure type="java.lang.AssertionError" message="Expected 201 but got 403 expected [201] but found [403]">
      <![CDATA[java.lang.AssertionError: Expected 201 but got 403 expected [201] but found [403]
at com.api.stepdefinitions.CRUDOperationsSteps.validateResponseStatus(CRUDOperationsSteps.java:76)
at ✽.the response status should be 201(file:///C:/Users/Admin/git/RestAssured_Cucumber/src/test/java/com/api/features/crudOperations.feature:10)
... Removed 6 stack frames]]>
    </failure>
  </testcase> <!-- runScenario -->
  <testcase classname="io.cucumber.testng.AbstractTestNGCucumberTests" name="runScenario" time="3.924">
    <failure type="java.lang.AssertionError" message="Expected 200 but got 403 expected [200] but found [403]">
      <![CDATA[java.lang.AssertionError: Expected 200 but got 403 expected [200] but found [403]
at com.api.stepdefinitions.CRUDOperationsSteps.validateResponseStatus(CRUDOperationsSteps.java:76)
at ✽.the response status should be 200(file:///C:/Users/Admin/git/RestAssured_Cucumber/src/test/java/com/api/features/crudOperations.feature:34)
... Removed 6 stack frames]]>
    </failure>
  </testcase> <!-- runScenario -->
  <testcase classname="io.cucumber.testng.AbstractTestNGCucumberTests" name="runScenario" time="3.916">
    <failure type="java.lang.AssertionError" message="Expected 204 but got 403 expected [204] but found [403]">
      <![CDATA[java.lang.AssertionError: Expected 204 but got 403 expected [204] but found [403]
at com.api.stepdefinitions.CRUDOperationsSteps.validateResponseStatus(CRUDOperationsSteps.java:76)
at ✽.the response status should be 204(file:///C:/Users/Admin/git/RestAssured_Cucumber/src/test/java/com/api/features/crudOperations.feature:45)
... Removed 6 stack frames]]>
    </failure>
  </testcase> <!-- runScenario -->
  <testcase classname="io.cucumber.testng.AbstractTestNGCucumberTests" name="runScenario" time="3.929">
    <failure type="java.lang.AssertionError" message="Expected 204 but got 403 expected [204] but found [403]">
      <![CDATA[java.lang.AssertionError: Expected 204 but got 403 expected [204] but found [403]
at com.api.stepdefinitions.CRUDOperationsSteps.validateResponseStatus(CRUDOperationsSteps.java:76)
at ✽.the response status should be 204(file:///C:/Users/Admin/git/RestAssured_Cucumber/src/test/java/com/api/features/crudOperations.feature:45)
... Removed 6 stack frames]]>
    </failure>
  </testcase> <!-- runScenario -->
  <testcase classname="io.cucumber.testng.AbstractTestNGCucumberTests" name="runScenario" time="3.931">
    <failure type="java.lang.AssertionError" message="Expected 200 but got 403 expected [200] but found [403]">
      <![CDATA[java.lang.AssertionError: Expected 200 but got 403 expected [200] but found [403]
at com.api.stepdefinitions.CRUDOperationsSteps.validateResponseStatus(CRUDOperationsSteps.java:76)
at ✽.the response status should be 200(file:///C:/Users/Admin/git/RestAssured_Cucumber/src/test/java/com/api/features/crudOperations.feature:21)
... Removed 6 stack frames]]>
    </failure>
  </testcase> <!-- runScenario -->
  <testcase classname="io.cucumber.testng.AbstractTestNGCucumberTests" name="runScenario" time="3.933">
    <failure type="java.lang.AssertionError" message="Expected 200 but got 403 expected [200] but found [403]">
      <![CDATA[java.lang.AssertionError: Expected 200 but got 403 expected [200] but found [403]
at com.api.stepdefinitions.CRUDOperationsSteps.validateResponseStatus(CRUDOperationsSteps.java:76)
at ✽.the response status should be 200(file:///C:/Users/Admin/git/RestAssured_Cucumber/src/test/java/com/api/features/crudOperations.feature:21)
... Removed 6 stack frames]]>
    </failure>
  </testcase> <!-- runScenario -->
</testsuite> <!-- Test -->
