<html>
<head>
<title>TestNG:  Test</title>
<link href="../testng.css" rel="stylesheet" type="text/css" />
<link href="../my-testng.css" rel="stylesheet" type="text/css" />

<style type="text/css">
.log { display: none;} 
.stack-trace { display: none;} 
</style>
<script type="text/javascript">
<!--
function flip(e) {
  current = e.style.display;
  if (current == 'block') {
    e.style.display = 'none';
    return 0;
  }
  else {
    e.style.display = 'block';
    return 1;
  }
}

function toggleBox(szDivId, elem, msg1, msg2)
{
  var res = -1;  if (document.getElementById) {
    res = flip(document.getElementById(szDivId));
  }
  else if (document.all) {
    // this is the way old msie versions work
    res = flip(document.all[szDivId]);
  }
  if(elem) {
    if(res == 0) elem.innerHTML = msg1; else elem.innerHTML = msg2;
  }

}

function toggleAllBoxes() {
  if (document.getElementsByTagName) {
    d = document.getElementsByTagName('div');
    for (i = 0; i < d.length; i++) {
      if (d[i].className == 'log') {
        flip(d[i]);
      }
    }
  }
}

// -->
</script>

</head>
<body>
<h2 align='center'>Test</h2><table border='1' align="center">
<tr>
<td>Tests passed/Failed/Skipped:</td><td>0/8/0</td>
</tr><tr>
<td>Started on:</td><td>Sun Feb 01 11:50:31 IST 2026</td>
</tr>
<tr><td>Total time:</td><td>4 seconds (4361 ms)</td>
</tr><tr>
<td>Included groups:</td><td></td>
</tr><tr>
<td>Excluded groups:</td><td></td>
</tr>
</table><p/>
<small><i>(Hover the method name to see the test class name)</i></small><p/>
<table width='100%' border='1' class='invocation-failed'>
<tr><td colspan='4' align='center'><b>FAILED TESTS</b></td></tr>
<tr><td><b>Test method</b></td>
<td><b>Attribute(s)</b></td>
<td width="30%"><b>Exception</b></td>
<td width="10%"><b>Time (seconds)</b></td>
<td><b>Instance</b></td>
</tr>
<tr>
<td title='com.api.runners.TestRunner.runScenario()'><b>runScenario</b><br>Test class: com.api.runners.TestRunner<br>Test method: Runs Cucumber Scenarios<br>Parameters: "Delete a user", "API CRUD Operations with Authentication"</td>
<td><div><pre>java.lang.AssertionError: Expected 204 but got 403 expected [204] but found [403]
	at com.api.stepdefinitions.CRUDOperationsSteps.validateResponseStatus(CRUDOperationsSteps.java:76)
	at ✽.the response status should be 204(file:///C:/Users/Admin/git/RestAssured_Cucumber/src/test/java/com/api/features/crudOperations.feature:45)
... Removed 6 stack frames</pre></div><a href='#' onClick='toggleBox("stack-trace1113770967", this, "Click to show all stack frames", "Click to hide stack frames")'>Click to show all stack frames</a>
<div class='stack-trace' id='stack-trace1113770967'><pre>java.lang.AssertionError: Expected 204 but got 403 expected [204] but found [403]
	at org.testng.Assert.fail(Assert.java:111)
	at org.testng.Assert.failNotEquals(Assert.java:1578)
	at org.testng.Assert.assertEqualsImpl(Assert.java:150)
	at org.testng.Assert.assertEquals(Assert.java:132)
	at org.testng.Assert.assertEquals(Assert.java:1419)
	at org.testng.Assert.assertEquals(Assert.java:1383)
	at com.api.stepdefinitions.CRUDOperationsSteps.validateResponseStatus(CRUDOperationsSteps.java:76)
	at ✽.the response status should be 204(file:///C:/Users/Admin/git/RestAssured_Cucumber/src/test/java/com/api/features/crudOperations.feature:45)
</pre></div></td>
<td>3</td>
<td>com.api.runners.TestRunner@5db4c359</td></tr>
<tr>
<td title='com.api.runners.TestRunner.runScenario()'><b>runScenario</b><br>Test class: com.api.runners.TestRunner<br>Test method: Runs Cucumber Scenarios<br>Parameters: "Delete a user", "API CRUD Operations with Authentication"</td>
<td><div><pre>java.lang.AssertionError: Expected 204 but got 403 expected [204] but found [403]
	at com.api.stepdefinitions.CRUDOperationsSteps.validateResponseStatus(CRUDOperationsSteps.java:76)
	at ✽.the response status should be 204(file:///C:/Users/Admin/git/RestAssured_Cucumber/src/test/java/com/api/features/crudOperations.feature:45)
... Removed 6 stack frames</pre></div><a href='#' onClick='toggleBox("stack-trace631416949", this, "Click to show all stack frames", "Click to hide stack frames")'>Click to show all stack frames</a>
<div class='stack-trace' id='stack-trace631416949'><pre>java.lang.AssertionError: Expected 204 but got 403 expected [204] but found [403]
	at org.testng.Assert.fail(Assert.java:111)
	at org.testng.Assert.failNotEquals(Assert.java:1578)
	at org.testng.Assert.assertEqualsImpl(Assert.java:150)
	at org.testng.Assert.assertEquals(Assert.java:132)
	at org.testng.Assert.assertEquals(Assert.java:1419)
	at org.testng.Assert.assertEquals(Assert.java:1383)
	at com.api.stepdefinitions.CRUDOperationsSteps.validateResponseStatus(CRUDOperationsSteps.java:76)
	at ✽.the response status should be 204(file:///C:/Users/Admin/git/RestAssured_Cucumber/src/test/java/com/api/features/crudOperations.feature:45)
</pre></div></td>
<td>3</td>
<td>com.api.runners.TestRunner@5db4c359</td></tr>
<tr>
<td title='com.api.runners.TestRunner.runScenario()'><b>runScenario</b><br>Test class: com.api.runners.TestRunner<br>Test method: Runs Cucumber Scenarios<br>Parameters: "Create a new user with valid details", "API CRUD Operations with Authentication"</td>
<td><div><pre>java.lang.AssertionError: Expected 201 but got 403 expected [201] but found [403]
	at com.api.stepdefinitions.CRUDOperationsSteps.validateResponseStatus(CRUDOperationsSteps.java:76)
	at ✽.the response status should be 201(file:///C:/Users/Admin/git/RestAssured_Cucumber/src/test/java/com/api/features/crudOperations.feature:10)
... Removed 6 stack frames</pre></div><a href='#' onClick='toggleBox("stack-trace1487121258", this, "Click to show all stack frames", "Click to hide stack frames")'>Click to show all stack frames</a>
<div class='stack-trace' id='stack-trace1487121258'><pre>java.lang.AssertionError: Expected 201 but got 403 expected [201] but found [403]
	at org.testng.Assert.fail(Assert.java:111)
	at org.testng.Assert.failNotEquals(Assert.java:1578)
	at org.testng.Assert.assertEqualsImpl(Assert.java:150)
	at org.testng.Assert.assertEquals(Assert.java:132)
	at org.testng.Assert.assertEquals(Assert.java:1419)
	at org.testng.Assert.assertEquals(Assert.java:1383)
	at com.api.stepdefinitions.CRUDOperationsSteps.validateResponseStatus(CRUDOperationsSteps.java:76)
	at ✽.the response status should be 201(file:///C:/Users/Admin/git/RestAssured_Cucumber/src/test/java/com/api/features/crudOperations.feature:10)
</pre></div></td>
<td>3</td>
<td>com.api.runners.TestRunner@5db4c359</td></tr>
<tr>
<td title='com.api.runners.TestRunner.runScenario()'><b>runScenario</b><br>Test class: com.api.runners.TestRunner<br>Test method: Runs Cucumber Scenarios<br>Parameters: "Retrieve user details", "API CRUD Operations with Authentication"</td>
<td><div><pre>java.lang.AssertionError: Expected 200 but got 403 expected [200] but found [403]
	at com.api.stepdefinitions.CRUDOperationsSteps.validateResponseStatus(CRUDOperationsSteps.java:76)
	at ✽.the response status should be 200(file:///C:/Users/Admin/git/RestAssured_Cucumber/src/test/java/com/api/features/crudOperations.feature:21)
... Removed 6 stack frames</pre></div><a href='#' onClick='toggleBox("stack-trace76965103", this, "Click to show all stack frames", "Click to hide stack frames")'>Click to show all stack frames</a>
<div class='stack-trace' id='stack-trace76965103'><pre>java.lang.AssertionError: Expected 200 but got 403 expected [200] but found [403]
	at org.testng.Assert.fail(Assert.java:111)
	at org.testng.Assert.failNotEquals(Assert.java:1578)
	at org.testng.Assert.assertEqualsImpl(Assert.java:150)
	at org.testng.Assert.assertEquals(Assert.java:132)
	at org.testng.Assert.assertEquals(Assert.java:1419)
	at org.testng.Assert.assertEquals(Assert.java:1383)
	at com.api.stepdefinitions.CRUDOperationsSteps.validateResponseStatus(CRUDOperationsSteps.java:76)
	at ✽.the response status should be 200(file:///C:/Users/Admin/git/RestAssured_Cucumber/src/test/java/com/api/features/crudOperations.feature:21)
</pre></div></td>
<td>3</td>
<td>com.api.runners.TestRunner@5db4c359</td></tr>
<tr>
<td title='com.api.runners.TestRunner.runScenario()'><b>runScenario</b><br>Test class: com.api.runners.TestRunner<br>Test method: Runs Cucumber Scenarios<br>Parameters: "Retrieve user details", "API CRUD Operations with Authentication"</td>
<td><div><pre>java.lang.AssertionError: Expected 200 but got 403 expected [200] but found [403]
	at com.api.stepdefinitions.CRUDOperationsSteps.validateResponseStatus(CRUDOperationsSteps.java:76)
	at ✽.the response status should be 200(file:///C:/Users/Admin/git/RestAssured_Cucumber/src/test/java/com/api/features/crudOperations.feature:21)
... Removed 6 stack frames</pre></div><a href='#' onClick='toggleBox("stack-trace791704298", this, "Click to show all stack frames", "Click to hide stack frames")'>Click to show all stack frames</a>
<div class='stack-trace' id='stack-trace791704298'><pre>java.lang.AssertionError: Expected 200 but got 403 expected [200] but found [403]
	at org.testng.Assert.fail(Assert.java:111)
	at org.testng.Assert.failNotEquals(Assert.java:1578)
	at org.testng.Assert.assertEqualsImpl(Assert.java:150)
	at org.testng.Assert.assertEquals(Assert.java:132)
	at org.testng.Assert.assertEquals(Assert.java:1419)
	at org.testng.Assert.assertEquals(Assert.java:1383)
	at com.api.stepdefinitions.CRUDOperationsSteps.validateResponseStatus(CRUDOperationsSteps.java:76)
	at ✽.the response status should be 200(file:///C:/Users/Admin/git/RestAssured_Cucumber/src/test/java/com/api/features/crudOperations.feature:21)
</pre></div></td>
<td>3</td>
<td>com.api.runners.TestRunner@5db4c359</td></tr>
<tr>
<td title='com.api.runners.TestRunner.runScenario()'><b>runScenario</b><br>Test class: com.api.runners.TestRunner<br>Test method: Runs Cucumber Scenarios<br>Parameters: "Update existing user details", "API CRUD Operations with Authentication"</td>
<td><div><pre>java.lang.AssertionError: Expected 200 but got 403 expected [200] but found [403]
	at com.api.stepdefinitions.CRUDOperationsSteps.validateResponseStatus(CRUDOperationsSteps.java:76)
	at ✽.the response status should be 200(file:///C:/Users/Admin/git/RestAssured_Cucumber/src/test/java/com/api/features/crudOperations.feature:34)
... Removed 6 stack frames</pre></div><a href='#' onClick='toggleBox("stack-trace1386115461", this, "Click to show all stack frames", "Click to hide stack frames")'>Click to show all stack frames</a>
<div class='stack-trace' id='stack-trace1386115461'><pre>java.lang.AssertionError: Expected 200 but got 403 expected [200] but found [403]
	at org.testng.Assert.fail(Assert.java:111)
	at org.testng.Assert.failNotEquals(Assert.java:1578)
	at org.testng.Assert.assertEqualsImpl(Assert.java:150)
	at org.testng.Assert.assertEquals(Assert.java:132)
	at org.testng.Assert.assertEquals(Assert.java:1419)
	at org.testng.Assert.assertEquals(Assert.java:1383)
	at com.api.stepdefinitions.CRUDOperationsSteps.validateResponseStatus(CRUDOperationsSteps.java:76)
	at ✽.the response status should be 200(file:///C:/Users/Admin/git/RestAssured_Cucumber/src/test/java/com/api/features/crudOperations.feature:34)
</pre></div></td>
<td>3</td>
<td>com.api.runners.TestRunner@5db4c359</td></tr>
<tr>
<td title='com.api.runners.TestRunner.runScenario()'><b>runScenario</b><br>Test class: com.api.runners.TestRunner<br>Test method: Runs Cucumber Scenarios<br>Parameters: "Update existing user details", "API CRUD Operations with Authentication"</td>
<td><div><pre>java.lang.AssertionError: Expected 200 but got 403 expected [200] but found [403]
	at com.api.stepdefinitions.CRUDOperationsSteps.validateResponseStatus(CRUDOperationsSteps.java:76)
	at ✽.the response status should be 200(file:///C:/Users/Admin/git/RestAssured_Cucumber/src/test/java/com/api/features/crudOperations.feature:34)
... Removed 6 stack frames</pre></div><a href='#' onClick='toggleBox("stack-trace1368099847", this, "Click to show all stack frames", "Click to hide stack frames")'>Click to show all stack frames</a>
<div class='stack-trace' id='stack-trace1368099847'><pre>java.lang.AssertionError: Expected 200 but got 403 expected [200] but found [403]
	at org.testng.Assert.fail(Assert.java:111)
	at org.testng.Assert.failNotEquals(Assert.java:1578)
	at org.testng.Assert.assertEqualsImpl(Assert.java:150)
	at org.testng.Assert.assertEquals(Assert.java:132)
	at org.testng.Assert.assertEquals(Assert.java:1419)
	at org.testng.Assert.assertEquals(Assert.java:1383)
	at com.api.stepdefinitions.CRUDOperationsSteps.validateResponseStatus(CRUDOperationsSteps.java:76)
	at ✽.the response status should be 200(file:///C:/Users/Admin/git/RestAssured_Cucumber/src/test/java/com/api/features/crudOperations.feature:34)
</pre></div></td>
<td>3</td>
<td>com.api.runners.TestRunner@5db4c359</td></tr>
<tr>
<td title='com.api.runners.TestRunner.runScenario()'><b>runScenario</b><br>Test class: com.api.runners.TestRunner<br>Test method: Runs Cucumber Scenarios<br>Parameters: "Create a new user with valid details", "API CRUD Operations with Authentication"</td>
<td><div><pre>java.lang.AssertionError: Expected 201 but got 403 expected [201] but found [403]
	at com.api.stepdefinitions.CRUDOperationsSteps.validateResponseStatus(CRUDOperationsSteps.java:76)
	at ✽.the response status should be 201(file:///C:/Users/Admin/git/RestAssured_Cucumber/src/test/java/com/api/features/crudOperations.feature:10)
... Removed 6 stack frames</pre></div><a href='#' onClick='toggleBox("stack-trace1121862147", this, "Click to show all stack frames", "Click to hide stack frames")'>Click to show all stack frames</a>
<div class='stack-trace' id='stack-trace1121862147'><pre>java.lang.AssertionError: Expected 201 but got 403 expected [201] but found [403]
	at org.testng.Assert.fail(Assert.java:111)
	at org.testng.Assert.failNotEquals(Assert.java:1578)
	at org.testng.Assert.assertEqualsImpl(Assert.java:150)
	at org.testng.Assert.assertEquals(Assert.java:132)
	at org.testng.Assert.assertEquals(Assert.java:1419)
	at org.testng.Assert.assertEquals(Assert.java:1383)
	at com.api.stepdefinitions.CRUDOperationsSteps.validateResponseStatus(CRUDOperationsSteps.java:76)
	at ✽.the response status should be 201(file:///C:/Users/Admin/git/RestAssured_Cucumber/src/test/java/com/api/features/crudOperations.feature:10)
</pre></div></td>
<td>3</td>
<td>com.api.runners.TestRunner@5db4c359</td></tr>
</table><p>
</body>
</html>