{"uuid":"0b875d70-856b-4047-8a4a-aef0e054718d","historyId":"a02b012d41674fd2204cf979d884d214","fullName":"src/test/java/com/api/features/crudOperations.feature:15","labels":[{"name":"tag","value":"ReqresTests"},{"name":"host","value":"DESKTOP-IREC5PQ"},{"name":"thread","value":"28120@DESKTOP-IREC5PQ.TestNG-PoolService-2(32)"},{"name":"feature","value":"API CRUD Operations with Authentication"},{"name":"story","value":"Create a new user with valid details"},{"name":"suite","value":"API CRUD Operations with Authentication"},{"name":"testClass","value":"Create a new user with valid details"},{"name":"framework","value":"cucumber4jvm"},{"name":"language","value":"java"},{"name":"gherkin_uri","value":"file:///C:/Users/Admin/git/RestAssured_Cucumber/src/test/java/com/api/features/crudOperations.feature"},{"name":"package","value":"src.test.java.com.api.features.crudOperations_feature.API CRUD Operations with Authentication"}],"links":[],"name":"Create a new user with valid details","status":"failed","statusDetails":{"known":false,"muted":false,"flaky":false,"message":"Expected 201 but got 403 expected [201] but found [403]","trace":"java.lang.AssertionError: Expected 201 but got 403 expected [201] but found [403]\r\n\tat org.testng.Assert.fail(Assert.java:111)\r\n\tat org.testng.Assert.failNotEquals(Assert.java:1578)\r\n\tat org.testng.Assert.assertEqualsImpl(Assert.java:150)\r\n\tat org.testng.Assert.assertEquals(Assert.java:132)\r\n\tat org.testng.Assert.assertEquals(Assert.java:1419)\r\n\tat org.testng.Assert.assertEquals(Assert.java:1383)\r\n\tat com.api.stepdefinitions.CRUDOperationsSteps.validateResponseStatus(CRUDOperationsSteps.java:76)\r\n\tat ✽.the response status should be 201(file:///C:/Users/Admin/git/RestAssured_Cucumber/src/test/java/com/api/features/crudOperations.feature:10)\r\n"},"stage":"finished","description":"  This feature validates Create, Read, Update, and Delete operations on Reqres API.","steps":[{"name":"Given  I set up the POST endpoint","status":"passed","statusDetails":{"known":false,"muted":false,"flaky":false},"stage":"finished","steps":[],"attachments":[],"parameters":[],"start":1768125132548,"stop":1768125132593},{"name":"When  I send a POST request with user data","status":"passed","statusDetails":{"known":false,"muted":false,"flaky":false},"stage":"finished","steps":[],"attachments":[{"name":"Data table","source":"ae4548a9-4ac4-4d83-93d7-93ada4f1cb0f-attachment.csv","type":"text/tab-separated-values"}],"parameters":[],"start":1768125132612,"stop":1768125133222},{"name":"Then  the response status should be 201","status":"failed","statusDetails":{"known":false,"muted":false,"flaky":false,"message":"Expected 201 but got 403 expected [201] but found [403]","trace":"java.lang.AssertionError: Expected 201 but got 403 expected [201] but found [403]\r\n\tat org.testng.Assert.fail(Assert.java:111)\r\n\tat org.testng.Assert.failNotEquals(Assert.java:1578)\r\n\tat org.testng.Assert.assertEqualsImpl(Assert.java:150)\r\n\tat org.testng.Assert.assertEquals(Assert.java:132)\r\n\tat org.testng.Assert.assertEquals(Assert.java:1419)\r\n\tat org.testng.Assert.assertEquals(Assert.java:1383)\r\n\tat com.api.stepdefinitions.CRUDOperationsSteps.validateResponseStatus(CRUDOperationsSteps.java:76)\r\n\tat ✽.the response status should be 201(file:///C:/Users/Admin/git/RestAssured_Cucumber/src/test/java/com/api/features/crudOperations.feature:10)\r\n"},"stage":"finished","steps":[],"attachments":[],"parameters":[],"start":1768125133222,"stop":1768125133224}],"attachments":[],"parameters":[{"name":"name","value":"John Doe"},{"name":"job","value":"Developer"},{"name":"statusCode","value":"201"}],"start":1768125127853,"stop":1768125133734}