{"uuid":"0d370f60-2ebb-4143-acca-f8be70a0f701","historyId":"cdb13f93c2d580ea6fd685f15278f4b1","fullName":"src/test/java/com/api/features/GetUser.feature:14","labels":[{"name":"tag","value":"ReqresTests"},{"name":"host","value":"DESKTOP-IREC5PQ"},{"name":"thread","value":"23788@DESKTOP-IREC5PQ.TestNG-PoolService-3(33)"},{"name":"feature","value":"User API Testing with Authentication"},{"name":"story","value":"Validate User API responses"},{"name":"suite","value":"User API Testing with Authentication"},{"name":"testClass","value":"Validate User API responses"},{"name":"framework","value":"cucumber4jvm"},{"name":"language","value":"java"},{"name":"gherkin_uri","value":"file:///C:/Users/Admin/git/RestAssured_Cucumber/src/test/java/com/api/features/GetUser.feature"},{"name":"package","value":"src.test.java.com.api.features.GetUser_feature.User API Testing with Authentication"}],"links":[],"name":"Validate User API responses","status":"failed","statusDetails":{"known":false,"muted":false,"flaky":false,"message":"Expected status code 200 but got 403 expected [200] but found [403]","trace":"java.lang.AssertionError: Expected status code 200 but got 403 expected [200] but found [403]\r\n\tat org.testng.Assert.fail(Assert.java:111)\r\n\tat org.testng.Assert.failNotEquals(Assert.java:1578)\r\n\tat org.testng.Assert.assertEqualsImpl(Assert.java:150)\r\n\tat org.testng.Assert.assertEquals(Assert.java:132)\r\n\tat org.testng.Assert.assertEquals(Assert.java:1419)\r\n\tat org.testng.Assert.assertEquals(Assert.java:1383)\r\n\tat com.api.stepdefinitions.GetUserSteps.validateUserStatusCode(GetUserSteps.java:47)\r\n\tat ✽.the system should deliver 200 as the status(file:///C:/Users/Admin/git/RestAssured_Cucumber/src/test/java/com/api/features/GetUser.feature:7)\r\n"},"stage":"finished","steps":[{"name":"Given  I configure the user API resource \"https://reqres.in/api/unknown/2\" with auth type \"BASIC\"","status":"passed","statusDetails":{"known":false,"muted":false,"flaky":false},"stage":"finished","steps":[],"attachments":[],"parameters":[],"start":1767434722607,"stop":1767434722993},{"name":"When  I perform a GET call on the user resource","status":"passed","statusDetails":{"known":false,"muted":false,"flaky":false},"stage":"finished","steps":[],"attachments":[],"parameters":[],"start":1767434722994,"stop":1767434728370},{"name":"Then  the system should deliver 200 as the status","status":"failed","statusDetails":{"known":false,"muted":false,"flaky":false,"message":"Expected status code 200 but got 403 expected [200] but found [403]","trace":"java.lang.AssertionError: Expected status code 200 but got 403 expected [200] but found [403]\r\n\tat org.testng.Assert.fail(Assert.java:111)\r\n\tat org.testng.Assert.failNotEquals(Assert.java:1578)\r\n\tat org.testng.Assert.assertEqualsImpl(Assert.java:150)\r\n\tat org.testng.Assert.assertEquals(Assert.java:132)\r\n\tat org.testng.Assert.assertEquals(Assert.java:1419)\r\n\tat org.testng.Assert.assertEquals(Assert.java:1383)\r\n\tat com.api.stepdefinitions.GetUserSteps.validateUserStatusCode(GetUserSteps.java:47)\r\n\tat ✽.the system should deliver 200 as the status(file:///C:/Users/Admin/git/RestAssured_Cucumber/src/test/java/com/api/features/GetUser.feature:7)\r\n"},"stage":"finished","steps":[],"attachments":[],"parameters":[],"start":1767434728370,"stop":1767434728371},{"name":"And  the body should include the field \"data\"","status":"skipped","statusDetails":{"known":false,"muted":false,"flaky":false},"stage":"finished","steps":[],"attachments":[],"parameters":[],"start":1767434728371,"stop":1767434728372}],"attachments":[],"parameters":[{"name":"authType","value":"BASIC"},{"name":"endpoint","value":"https://reqres.in/api/unknown/2"},{"name":"statusCode","value":"200"},{"name":"expectedField","value":"data"}],"start":1767434722606,"stop":1767434728372}