{"uuid":"0f00c9f5-b854-49d6-b8e2-d6b5b4540335","historyId":"6b113176045602414dbcfa07affd3246","fullName":"src/test/java/com/api/features/AuthToken.feature:14","labels":[{"name":"tag","value":"RestfuleBooker"},{"name":"host","value":"DESKTOP-IREC5PQ"},{"name":"thread","value":"30696@DESKTOP-IREC5PQ.TestNG-PoolService-4(33)"},{"name":"feature","value":"Authentication Token Creation"},{"name":"story","value":"Generate auth token with different credentials"},{"name":"suite","value":"Authentication Token Creation"},{"name":"testClass","value":"Generate auth token with different credentials"},{"name":"framework","value":"cucumber4jvm"},{"name":"language","value":"java"},{"name":"gherkin_uri","value":"file:///C:/Users/Admin/git/RestAssured_Cucumber/src/test/java/com/api/features/AuthToken.feature"},{"name":"package","value":"src.test.java.com.api.features.AuthToken_feature.Authentication Token Creation"}],"links":[],"name":"Generate auth token with different credentials","status":"failed","statusDetails":{"known":false,"muted":false,"flaky":false,"message":"Expected failure but got success did not expect [200] but found [200]","trace":"java.lang.AssertionError: Expected failure but got success did not expect [200] but found [200]\r\n\tat org.testng.Assert.fail(Assert.java:111)\r\n\tat org.testng.Assert.failEquals(Assert.java:1582)\r\n\tat org.testng.Assert.assertNotEqualsImpl(Assert.java:157)\r\n\tat org.testng.Assert.assertNotEquals(Assert.java:2201)\r\n\tat com.api.stepdefinitions.AuthTokenSteps.iShouldReceiveFailureResponse(AuthTokenSteps.java:43)\r\n\tat ✽.I should receive a failure response(file:///C:/Users/Admin/git/RestAssured_Cucumber/src/test/java/com/api/features/AuthToken.feature:7)\r\n"},"stage":"finished","steps":[{"name":"Given  I have username \"\" and password \"\"","status":"passed","statusDetails":{"known":false,"muted":false,"flaky":false},"stage":"finished","steps":[],"attachments":[],"parameters":[],"start":1767042738436,"stop":1767042738452},{"name":"When  I send a POST request to create an auth token","status":"passed","statusDetails":{"known":false,"muted":false,"flaky":false},"stage":"finished","steps":[],"attachments":[],"parameters":[],"start":1767042738457,"stop":1767042742718},{"name":"Then  I should receive a failure response","status":"failed","statusDetails":{"known":false,"muted":false,"flaky":false,"message":"Expected failure but got success did not expect [200] but found [200]","trace":"java.lang.AssertionError: Expected failure but got success did not expect [200] but found [200]\r\n\tat org.testng.Assert.fail(Assert.java:111)\r\n\tat org.testng.Assert.failEquals(Assert.java:1582)\r\n\tat org.testng.Assert.assertNotEqualsImpl(Assert.java:157)\r\n\tat org.testng.Assert.assertNotEquals(Assert.java:2201)\r\n\tat com.api.stepdefinitions.AuthTokenSteps.iShouldReceiveFailureResponse(AuthTokenSteps.java:43)\r\n\tat ✽.I should receive a failure response(file:///C:/Users/Admin/git/RestAssured_Cucumber/src/test/java/com/api/features/AuthToken.feature:7)\r\n"},"stage":"finished","steps":[],"attachments":[],"parameters":[],"start":1767042742718,"stop":1767042742739}],"attachments":[],"parameters":[{"name":"username","value":""},{"name":"password","value":""},{"name":"status","value":"failure"}],"start":1767042738424,"stop":1767042742744}