{"uuid":"140af842-779f-44cf-9fac-c6c3ea031c3e","historyId":"4e19be0f9722ff857d7c9d5a4de28ad4","fullName":"src/test/java/com/api/features/AuthToken.feature:13","labels":[{"name":"tag","value":"RestfuleBooker"},{"name":"host","value":"DESKTOP-IREC5PQ"},{"name":"thread","value":"39296@DESKTOP-IREC5PQ.TestNG-PoolService-3(32)"},{"name":"feature","value":"Authentication Token Creation"},{"name":"story","value":"Generate auth token with different credentials"},{"name":"suite","value":"Authentication Token Creation"},{"name":"testClass","value":"Generate auth token with different credentials"},{"name":"framework","value":"cucumber4jvm"},{"name":"language","value":"java"},{"name":"gherkin_uri","value":"file:///C:/Users/Admin/git/RestAssured_Cucumber/src/test/java/com/api/features/AuthToken.feature"},{"name":"package","value":"src.test.java.com.api.features.AuthToken_feature.Authentication Token Creation"}],"links":[],"name":"Generate auth token with different credentials","status":"failed","statusDetails":{"known":false,"muted":false,"flaky":false,"message":"Expected failure but got success did not expect [200] but found [200]","trace":"java.lang.AssertionError: Expected failure but got success did not expect [200] but found [200]\r\n\tat org.testng.Assert.fail(Assert.java:111)\r\n\tat org.testng.Assert.failEquals(Assert.java:1582)\r\n\tat org.testng.Assert.assertNotEqualsImpl(Assert.java:157)\r\n\tat org.testng.Assert.assertNotEquals(Assert.java:2201)\r\n\tat com.api.stepdefinitions.AuthTokenSteps.iShouldReceiveFailureResponse(AuthTokenSteps.java:49)\r\n\tat ✽.I should receive a failure response(file:///C:/Users/Admin/git/RestAssured_Cucumber/src/test/java/com/api/features/AuthToken.feature:7)\r\n"},"stage":"finished","steps":[{"name":"Given  I have username \"wrong\" and password \"password123\"","status":"passed","statusDetails":{"known":false,"muted":false,"flaky":false},"stage":"finished","steps":[],"attachments":[],"parameters":[],"start":1767168247238,"stop":1767168247242},{"name":"When  I send a POST request to create an auth token","status":"passed","statusDetails":{"known":false,"muted":false,"flaky":false},"stage":"finished","steps":[],"attachments":[],"parameters":[],"start":1767168247245,"stop":1767168250534},{"name":"Then  I should receive a failure response","status":"failed","statusDetails":{"known":false,"muted":false,"flaky":false,"message":"Expected failure but got success did not expect [200] but found [200]","trace":"java.lang.AssertionError: Expected failure but got success did not expect [200] but found [200]\r\n\tat org.testng.Assert.fail(Assert.java:111)\r\n\tat org.testng.Assert.failEquals(Assert.java:1582)\r\n\tat org.testng.Assert.assertNotEqualsImpl(Assert.java:157)\r\n\tat org.testng.Assert.assertNotEquals(Assert.java:2201)\r\n\tat com.api.stepdefinitions.AuthTokenSteps.iShouldReceiveFailureResponse(AuthTokenSteps.java:49)\r\n\tat ✽.I should receive a failure response(file:///C:/Users/Admin/git/RestAssured_Cucumber/src/test/java/com/api/features/AuthToken.feature:7)\r\n"},"stage":"finished","steps":[],"attachments":[],"parameters":[],"start":1767168250534,"stop":1767168250538}],"attachments":[],"parameters":[{"name":"username","value":"wrong"},{"name":"password","value":"password123"},{"name":"status","value":"failure"}],"start":1767168247213,"stop":1767168250539}