{"uuid":"1c58d2a9-4661-473f-88aa-979c26481df5","historyId":"4db184c945f1eb0e521a0408d52258bd","fullName":"src/test/java/com/api/features/GetUser.feature:12","labels":[{"name":"tag","value":"ReqresTests"},{"name":"host","value":"DESKTOP-IREC5PQ"},{"name":"thread","value":"36620@DESKTOP-IREC5PQ.TestNG-PoolService-1(31)"},{"name":"feature","value":"User API Testing"},{"name":"story","value":"Validate User API responses"},{"name":"suite","value":"User API Testing"},{"name":"testClass","value":"Validate User API responses"},{"name":"framework","value":"cucumber4jvm"},{"name":"language","value":"java"},{"name":"gherkin_uri","value":"file:///C:/Users/Admin/git/RestAssured_Cucumber/src/test/java/com/api/features/GetUser.feature"},{"name":"package","value":"src.test.java.com.api.features.GetUser_feature.User API Testing"}],"links":[],"name":"Validate User API responses","status":"failed","statusDetails":{"known":false,"muted":false,"flaky":false,"message":"Expected status code 200 but got 403 expected [200] but found [403]","trace":"java.lang.AssertionError: Expected status code 200 but got 403 expected [200] but found [403]\r\n\tat org.testng.Assert.fail(Assert.java:111)\r\n\tat org.testng.Assert.failNotEquals(Assert.java:1578)\r\n\tat org.testng.Assert.assertEqualsImpl(Assert.java:150)\r\n\tat org.testng.Assert.assertEquals(Assert.java:132)\r\n\tat org.testng.Assert.assertEquals(Assert.java:1419)\r\n\tat org.testng.Assert.assertEquals(Assert.java:1383)\r\n\tat com.api.stepdefinitions.GetUserSteps.validateUserStatusCode(GetUserSteps.java:46)\r\n\tat ✽.the user response status code should be 200(file:///C:/Users/Admin/git/RestAssured_Cucumber/src/test/java/com/api/features/GetUser.feature:7)\r\n"},"stage":"finished","steps":[{"name":"Given  the API endpoint is \"https://reqres.in/api/users?page=2\"","status":"passed","statusDetails":{"known":false,"muted":false,"flaky":false},"stage":"finished","steps":[],"attachments":[],"parameters":[],"start":1767431177054,"stop":1767431177931},{"name":"When  I send a GET request to the user endpoint","status":"passed","statusDetails":{"known":false,"muted":false,"flaky":false},"stage":"finished","steps":[],"attachments":[],"parameters":[],"start":1767431177932,"stop":1767431181152},{"name":"Then  the user response status code should be 200","status":"failed","statusDetails":{"known":false,"muted":false,"flaky":false,"message":"Expected status code 200 but got 403 expected [200] but found [403]","trace":"java.lang.AssertionError: Expected status code 200 but got 403 expected [200] but found [403]\r\n\tat org.testng.Assert.fail(Assert.java:111)\r\n\tat org.testng.Assert.failNotEquals(Assert.java:1578)\r\n\tat org.testng.Assert.assertEqualsImpl(Assert.java:150)\r\n\tat org.testng.Assert.assertEquals(Assert.java:132)\r\n\tat org.testng.Assert.assertEquals(Assert.java:1419)\r\n\tat org.testng.Assert.assertEquals(Assert.java:1383)\r\n\tat com.api.stepdefinitions.GetUserSteps.validateUserStatusCode(GetUserSteps.java:46)\r\n\tat ✽.the user response status code should be 200(file:///C:/Users/Admin/git/RestAssured_Cucumber/src/test/java/com/api/features/GetUser.feature:7)\r\n"},"stage":"finished","steps":[],"attachments":[],"parameters":[],"start":1767431181153,"stop":1767431181156},{"name":"And  the user response should contain \"page\"","status":"skipped","statusDetails":{"known":false,"muted":false,"flaky":false},"stage":"finished","steps":[],"attachments":[],"parameters":[],"start":1767431181157,"stop":1767431181157}],"attachments":[],"parameters":[{"name":"endpoint","value":"https://reqres.in/api/users?page=2"},{"name":"statusCode","value":"200"},{"name":"expectedField","value":"page"}],"start":1767431177047,"stop":1767431181157}