{"uuid":"3ff6c909-cc7b-4549-9eca-083b7552f692","historyId":"cdb13f93c2d580ea6fd685f15278f4b1","fullName":"src/test/java/com/api/features/GetUser.feature:14","labels":[{"name":"tag","value":"ReqresTests"},{"name":"host","value":"DESKTOP-IREC5PQ"},{"name":"thread","value":"36620@DESKTOP-IREC5PQ.TestNG-PoolService-3(33)"},{"name":"feature","value":"User API Testing"},{"name":"story","value":"Validate User API responses"},{"name":"suite","value":"User API Testing"},{"name":"testClass","value":"Validate User API responses"},{"name":"framework","value":"cucumber4jvm"},{"name":"language","value":"java"},{"name":"gherkin_uri","value":"file:///C:/Users/Admin/git/RestAssured_Cucumber/src/test/java/com/api/features/GetUser.feature"},{"name":"package","value":"src.test.java.com.api.features.GetUser_feature.User API Testing"}],"links":[],"name":"Validate User API responses","status":"failed","statusDetails":{"known":false,"muted":false,"flaky":false,"message":"Expected status code 200 but got 403 expected [200] but found [403]","trace":"java.lang.AssertionError: Expected status code 200 but got 403 expected [200] but found [403]\r\n\tat org.testng.Assert.fail(Assert.java:111)\r\n\tat org.testng.Assert.failNotEquals(Assert.java:1578)\r\n\tat org.testng.Assert.assertEqualsImpl(Assert.java:150)\r\n\tat org.testng.Assert.assertEquals(Assert.java:132)\r\n\tat org.testng.Assert.assertEquals(Assert.java:1419)\r\n\tat org.testng.Assert.assertEquals(Assert.java:1383)\r\n\tat com.api.stepdefinitions.GetUserSteps.validateUserStatusCode(GetUserSteps.java:46)\r\n\tat ✽.the user response status code should be 200(file:///C:/Users/Admin/git/RestAssured_Cucumber/src/test/java/com/api/features/GetUser.feature:7)\r\n"},"stage":"finished","steps":[{"name":"Given  the API endpoint is \"https://reqres.in/api/unknown/2\"","status":"passed","statusDetails":{"known":false,"muted":false,"flaky":false},"stage":"finished","steps":[],"attachments":[],"parameters":[],"start":1767431177053,"stop":1767431177931},{"name":"When  I send a GET request to the user endpoint","status":"passed","statusDetails":{"known":false,"muted":false,"flaky":false},"stage":"finished","steps":[],"attachments":[],"parameters":[],"start":1767431177947,"stop":1767431181152},{"name":"Then  the user response status code should be 200","status":"failed","statusDetails":{"known":false,"muted":false,"flaky":false,"message":"Expected status code 200 but got 403 expected [200] but found [403]","trace":"java.lang.AssertionError: Expected status code 200 but got 403 expected [200] but found [403]\r\n\tat org.testng.Assert.fail(Assert.java:111)\r\n\tat org.testng.Assert.failNotEquals(Assert.java:1578)\r\n\tat org.testng.Assert.assertEqualsImpl(Assert.java:150)\r\n\tat org.testng.Assert.assertEquals(Assert.java:132)\r\n\tat org.testng.Assert.assertEquals(Assert.java:1419)\r\n\tat org.testng.Assert.assertEquals(Assert.java:1383)\r\n\tat com.api.stepdefinitions.GetUserSteps.validateUserStatusCode(GetUserSteps.java:46)\r\n\tat ✽.the user response status code should be 200(file:///C:/Users/Admin/git/RestAssured_Cucumber/src/test/java/com/api/features/GetUser.feature:7)\r\n"},"stage":"finished","steps":[],"attachments":[],"parameters":[],"start":1767431181152,"stop":1767431181156},{"name":"And  the user response should contain \"data\"","status":"skipped","statusDetails":{"known":false,"muted":false,"flaky":false},"stage":"finished","steps":[],"attachments":[],"parameters":[],"start":1767431181164,"stop":1767431181165}],"attachments":[],"parameters":[{"name":"endpoint","value":"https://reqres.in/api/unknown/2"},{"name":"statusCode","value":"200"},{"name":"expectedField","value":"data"}],"start":1767431177049,"stop":1767431181165}