{"uuid":"4b2e6cc9-2136-44c0-a519-1d64a5127432","historyId":"6e7eb918bac296eb3515e3d509a2d7b5","fullName":"src/test/java/com/api/features/crudOperations.feature:39","labels":[{"name":"tag","value":"ReqresTests"},{"name":"host","value":"DESKTOP-IREC5PQ"},{"name":"thread","value":"28120@DESKTOP-IREC5PQ.TestNG-PoolService-6(36)"},{"name":"feature","value":"API CRUD Operations with Authentication"},{"name":"story","value":"Update existing user details"},{"name":"suite","value":"API CRUD Operations with Authentication"},{"name":"testClass","value":"Update existing user details"},{"name":"framework","value":"cucumber4jvm"},{"name":"language","value":"java"},{"name":"gherkin_uri","value":"file:///C:/Users/Admin/git/RestAssured_Cucumber/src/test/java/com/api/features/crudOperations.feature"},{"name":"package","value":"src.test.java.com.api.features.crudOperations_feature.API CRUD Operations with Authentication"}],"links":[],"name":"Update existing user details","status":"failed","statusDetails":{"known":false,"muted":false,"flaky":false,"message":"Expected 200 but got 403 expected [200] but found [403]","trace":"java.lang.AssertionError: Expected 200 but got 403 expected [200] but found [403]\r\n\tat org.testng.Assert.fail(Assert.java:111)\r\n\tat org.testng.Assert.failNotEquals(Assert.java:1578)\r\n\tat org.testng.Assert.assertEqualsImpl(Assert.java:150)\r\n\tat org.testng.Assert.assertEquals(Assert.java:132)\r\n\tat org.testng.Assert.assertEquals(Assert.java:1419)\r\n\tat org.testng.Assert.assertEquals(Assert.java:1383)\r\n\tat com.api.stepdefinitions.CRUDOperationsSteps.validateResponseStatus(CRUDOperationsSteps.java:76)\r\n\tat ✽.the response status should be 200(file:///C:/Users/Admin/git/RestAssured_Cucumber/src/test/java/com/api/features/crudOperations.feature:34)\r\n"},"stage":"finished","description":"  This feature validates Create, Read, Update, and Delete operations on Reqres API.","steps":[{"name":"Given  I set up the PUT endpoint for user \"5\"","status":"passed","statusDetails":{"known":false,"muted":false,"flaky":false},"stage":"finished","steps":[],"attachments":[],"parameters":[],"start":1768125132549,"stop":1768125132596},{"name":"When  I send a PUT request with updated data","status":"passed","statusDetails":{"known":false,"muted":false,"flaky":false},"stage":"finished","steps":[],"attachments":[{"name":"Data table","source":"ce37e546-6dbf-46eb-afad-f361e5e79d0e-attachment.csv","type":"text/tab-separated-values"}],"parameters":[],"start":1768125132610,"stop":1768125133230},{"name":"Then  the response status should be 200","status":"failed","statusDetails":{"known":false,"muted":false,"flaky":false,"message":"Expected 200 but got 403 expected [200] but found [403]","trace":"java.lang.AssertionError: Expected 200 but got 403 expected [200] but found [403]\r\n\tat org.testng.Assert.fail(Assert.java:111)\r\n\tat org.testng.Assert.failNotEquals(Assert.java:1578)\r\n\tat org.testng.Assert.assertEqualsImpl(Assert.java:150)\r\n\tat org.testng.Assert.assertEquals(Assert.java:132)\r\n\tat org.testng.Assert.assertEquals(Assert.java:1419)\r\n\tat org.testng.Assert.assertEquals(Assert.java:1383)\r\n\tat com.api.stepdefinitions.CRUDOperationsSteps.validateResponseStatus(CRUDOperationsSteps.java:76)\r\n\tat ✽.the response status should be 200(file:///C:/Users/Admin/git/RestAssured_Cucumber/src/test/java/com/api/features/crudOperations.feature:34)\r\n"},"stage":"finished","steps":[],"attachments":[],"parameters":[],"start":1768125133231,"stop":1768125133232}],"attachments":[],"parameters":[{"name":"userId","value":"5"},{"name":"name","value":"John Updated"},{"name":"job","value":"Lead Developer"},{"name":"statusCode","value":"200"}],"start":1768125127876,"stop":1768125133879}