{"uuid":"5072d58f-2444-4072-9692-8e5da6f481c4","historyId":"1de7a6e4fd27eb857299bdeffac90658","fullName":"src/test/java/com/api/features/crudOperations.feature:38","labels":[{"name":"tag","value":"ReqresTests"},{"name":"host","value":"DESKTOP-IREC5PQ"},{"name":"thread","value":"34572@DESKTOP-IREC5PQ.TestNG-PoolService-5(35)"},{"name":"feature","value":"API CRUD Operations with Authentication"},{"name":"story","value":"Update existing user details"},{"name":"suite","value":"API CRUD Operations with Authentication"},{"name":"testClass","value":"Update existing user details"},{"name":"framework","value":"cucumber4jvm"},{"name":"language","value":"java"},{"name":"gherkin_uri","value":"file:///C:/Users/Admin/git/RestAssured_Cucumber/src/test/java/com/api/features/crudOperations.feature"},{"name":"package","value":"src.test.java.com.api.features.crudOperations_feature.API CRUD Operations with Authentication"}],"links":[],"name":"Update existing user details","status":"failed","statusDetails":{"known":false,"muted":false,"flaky":false,"message":"Expected 200 but got 403 expected [200] but found [403]","trace":"java.lang.AssertionError: Expected 200 but got 403 expected [200] but found [403]\r\n\tat org.testng.Assert.fail(Assert.java:111)\r\n\tat org.testng.Assert.failNotEquals(Assert.java:1578)\r\n\tat org.testng.Assert.assertEqualsImpl(Assert.java:150)\r\n\tat org.testng.Assert.assertEquals(Assert.java:132)\r\n\tat org.testng.Assert.assertEquals(Assert.java:1419)\r\n\tat org.testng.Assert.assertEquals(Assert.java:1383)\r\n\tat com.api.stepdefinitions.CRUDOperationsSteps.validateResponseStatus(CRUDOperationsSteps.java:81)\r\n\tat ✽.the response status should be 200(file:///C:/Users/Admin/git/RestAssured_Cucumber/src/test/java/com/api/features/crudOperations.feature:34)\r\n"},"stage":"finished","description":"  This feature validates Create, Read, Update, and Delete operations on Reqres API.","steps":[{"name":"Given  I set up the PUT endpoint for user \"2\"","status":"passed","statusDetails":{"known":false,"muted":false,"flaky":false},"stage":"finished","steps":[],"attachments":[],"parameters":[],"start":1767856050920,"stop":1767856051612},{"name":"When  I send a PUT request with updated data","status":"passed","statusDetails":{"known":false,"muted":false,"flaky":false},"stage":"finished","steps":[],"attachments":[{"name":"Data table","source":"afc27917-c587-498c-9675-b1a10d4b274c-attachment.csv","type":"text/tab-separated-values"}],"parameters":[],"start":1767856051628,"stop":1767856053842},{"name":"Then  the response status should be 200","status":"failed","statusDetails":{"known":false,"muted":false,"flaky":false,"message":"Expected 200 but got 403 expected [200] but found [403]","trace":"java.lang.AssertionError: Expected 200 but got 403 expected [200] but found [403]\r\n\tat org.testng.Assert.fail(Assert.java:111)\r\n\tat org.testng.Assert.failNotEquals(Assert.java:1578)\r\n\tat org.testng.Assert.assertEqualsImpl(Assert.java:150)\r\n\tat org.testng.Assert.assertEquals(Assert.java:132)\r\n\tat org.testng.Assert.assertEquals(Assert.java:1419)\r\n\tat org.testng.Assert.assertEquals(Assert.java:1383)\r\n\tat com.api.stepdefinitions.CRUDOperationsSteps.validateResponseStatus(CRUDOperationsSteps.java:81)\r\n\tat ✽.the response status should be 200(file:///C:/Users/Admin/git/RestAssured_Cucumber/src/test/java/com/api/features/crudOperations.feature:34)\r\n"},"stage":"finished","steps":[],"attachments":[],"parameters":[],"start":1767856053853,"stop":1767856053893}],"attachments":[],"parameters":[{"name":"userId","value":"2"},{"name":"name","value":"Nagaraja Updated"},{"name":"job","value":"Senior Test Engineer"},{"name":"statusCode","value":"200"}],"start":1767856050919,"stop":1767856053998}