{"uuid":"51a21c04-08a3-478e-b6b0-708065a1e044","historyId":"cd903b0a0816689835ec808a128fd1ce","fullName":"src/test/java/com/api/features/crudOperations.feature:24","labels":[{"name":"tag","value":"ReqresTests"},{"name":"host","value":"DESKTOP-IREC5PQ"},{"name":"thread","value":"1992@DESKTOP-IREC5PQ.TestNG-PoolService-6(35)"},{"name":"feature","value":"API CRUD Operations"},{"name":"story","value":"Read user details"},{"name":"suite","value":"API CRUD Operations"},{"name":"testClass","value":"Read user details"},{"name":"framework","value":"cucumber4jvm"},{"name":"language","value":"java"},{"name":"gherkin_uri","value":"file:///C:/Users/Admin/git/RestAssured_Cucumber/src/test/java/com/api/features/crudOperations.feature"},{"name":"package","value":"src.test.java.com.api.features.crudOperations_feature.API CRUD Operations"}],"links":[],"name":"Read user details","status":"failed","statusDetails":{"known":false,"muted":false,"flaky":false,"message":"Expected status code 200 but got 403 expected [200] but found [403]","trace":"java.lang.AssertionError: Expected status code 200 but got 403 expected [200] but found [403]\r\n\tat org.testng.Assert.fail(Assert.java:111)\r\n\tat org.testng.Assert.failNotEquals(Assert.java:1578)\r\n\tat org.testng.Assert.assertEqualsImpl(Assert.java:150)\r\n\tat org.testng.Assert.assertEquals(Assert.java:132)\r\n\tat org.testng.Assert.assertEquals(Assert.java:1419)\r\n\tat org.testng.Assert.assertEquals(Assert.java:1383)\r\n\tat com.api.stepdefinitions.CRUDOperationsSteps.validateStatusCode(CRUDOperationsSteps.java:77)\r\n\tat ✽.I should receive a 200 status code(file:///C:/Users/Admin/git/RestAssured_Cucumber/src/test/java/com/api/features/crudOperations.feature:20)\r\n"},"stage":"finished","steps":[{"name":"Given  I set the GET endpoint for user \"2\"","status":"passed","statusDetails":{"known":false,"muted":false,"flaky":false},"stage":"finished","steps":[],"attachments":[],"parameters":[],"start":1767170167246,"stop":1767170167248},{"name":"When  I send a GET request","status":"passed","statusDetails":{"known":false,"muted":false,"flaky":false},"stage":"finished","steps":[],"attachments":[],"parameters":[],"start":1767170167248,"stop":1767170167334},{"name":"Then  I should receive a 200 status code","status":"failed","statusDetails":{"known":false,"muted":false,"flaky":false,"message":"Expected status code 200 but got 403 expected [200] but found [403]","trace":"java.lang.AssertionError: Expected status code 200 but got 403 expected [200] but found [403]\r\n\tat org.testng.Assert.fail(Assert.java:111)\r\n\tat org.testng.Assert.failNotEquals(Assert.java:1578)\r\n\tat org.testng.Assert.assertEqualsImpl(Assert.java:150)\r\n\tat org.testng.Assert.assertEquals(Assert.java:132)\r\n\tat org.testng.Assert.assertEquals(Assert.java:1419)\r\n\tat org.testng.Assert.assertEquals(Assert.java:1383)\r\n\tat com.api.stepdefinitions.CRUDOperationsSteps.validateStatusCode(CRUDOperationsSteps.java:77)\r\n\tat ✽.I should receive a 200 status code(file:///C:/Users/Admin/git/RestAssured_Cucumber/src/test/java/com/api/features/crudOperations.feature:20)\r\n"},"stage":"finished","steps":[],"attachments":[],"parameters":[],"start":1767170167334,"stop":1767170167335}],"attachments":[],"parameters":[{"name":"userId","value":"2"},{"name":"statusCode","value":"200"}],"start":1767170167246,"stop":1767170167336}