{"uuid":"5cc1307c-0712-4c85-9e6d-94655b762c28","historyId":"c24fd3299a8558027eca1a1938042c3e","fullName":"src/test/java/com/api/features/crudOperations.feature:14","labels":[{"name":"tag","value":"ReqresTests"},{"name":"host","value":"DESKTOP-IREC5PQ"},{"name":"thread","value":"1992@DESKTOP-IREC5PQ.TestNG-PoolService-10(39)"},{"name":"feature","value":"API CRUD Operations"},{"name":"story","value":"Create a new user"},{"name":"suite","value":"API CRUD Operations"},{"name":"testClass","value":"Create a new user"},{"name":"framework","value":"cucumber4jvm"},{"name":"language","value":"java"},{"name":"gherkin_uri","value":"file:///C:/Users/Admin/git/RestAssured_Cucumber/src/test/java/com/api/features/crudOperations.feature"},{"name":"package","value":"src.test.java.com.api.features.crudOperations_feature.API CRUD Operations"}],"links":[],"name":"Create a new user","status":"failed","statusDetails":{"known":false,"muted":false,"flaky":false,"message":"Expected status code 201 but got 403 expected [201] but found [403]","trace":"java.lang.AssertionError: Expected status code 201 but got 403 expected [201] but found [403]\r\n\tat org.testng.Assert.fail(Assert.java:111)\r\n\tat org.testng.Assert.failNotEquals(Assert.java:1578)\r\n\tat org.testng.Assert.assertEqualsImpl(Assert.java:150)\r\n\tat org.testng.Assert.assertEquals(Assert.java:132)\r\n\tat org.testng.Assert.assertEquals(Assert.java:1419)\r\n\tat org.testng.Assert.assertEquals(Assert.java:1383)\r\n\tat com.api.stepdefinitions.CRUDOperationsSteps.validateStatusCode(CRUDOperationsSteps.java:77)\r\n\tat ✽.I should receive a 201 status code(file:///C:/Users/Admin/git/RestAssured_Cucumber/src/test/java/com/api/features/crudOperations.feature:9)\r\n"},"stage":"finished","steps":[{"name":"Given  I set the POST endpoint","status":"passed","statusDetails":{"known":false,"muted":false,"flaky":false},"stage":"finished","steps":[],"attachments":[],"parameters":[],"start":1767170164649,"stop":1767170165330},{"name":"When  I send a POST request with user data","status":"passed","statusDetails":{"known":false,"muted":false,"flaky":false},"stage":"finished","steps":[],"attachments":[{"name":"Data table","source":"90cd3b57-0593-44b3-9502-44c6da352f64-attachment.csv","type":"text/tab-separated-values"}],"parameters":[],"start":1767170165334,"stop":1767170167041},{"name":"Then  I should receive a 201 status code","status":"failed","statusDetails":{"known":false,"muted":false,"flaky":false,"message":"Expected status code 201 but got 403 expected [201] but found [403]","trace":"java.lang.AssertionError: Expected status code 201 but got 403 expected [201] but found [403]\r\n\tat org.testng.Assert.fail(Assert.java:111)\r\n\tat org.testng.Assert.failNotEquals(Assert.java:1578)\r\n\tat org.testng.Assert.assertEqualsImpl(Assert.java:150)\r\n\tat org.testng.Assert.assertEquals(Assert.java:132)\r\n\tat org.testng.Assert.assertEquals(Assert.java:1419)\r\n\tat org.testng.Assert.assertEquals(Assert.java:1383)\r\n\tat com.api.stepdefinitions.CRUDOperationsSteps.validateStatusCode(CRUDOperationsSteps.java:77)\r\n\tat ✽.I should receive a 201 status code(file:///C:/Users/Admin/git/RestAssured_Cucumber/src/test/java/com/api/features/crudOperations.feature:9)\r\n"},"stage":"finished","steps":[],"attachments":[],"parameters":[],"start":1767170167043,"stop":1767170167064}],"attachments":[],"parameters":[{"name":"name","value":"John Doe"},{"name":"job","value":"Developer"},{"name":"statusCode","value":"201"}],"start":1767170164646,"stop":1767170167071}