{"uuid":"667c5955-3e30-4fbf-b765-47948ebd6cf4","historyId":"25f217c4840ff150a3fd4391f758b5f0","fullName":"src/test/java/com/api/features/crudOperations.feature:25","labels":[{"name":"tag","value":"ReqresTests"},{"name":"host","value":"DESKTOP-IREC5PQ"},{"name":"thread","value":"34572@DESKTOP-IREC5PQ.TestNG-PoolService-3(33)"},{"name":"feature","value":"API CRUD Operations with Authentication"},{"name":"story","value":"Retrieve user details"},{"name":"suite","value":"API CRUD Operations with Authentication"},{"name":"testClass","value":"Retrieve user details"},{"name":"framework","value":"cucumber4jvm"},{"name":"language","value":"java"},{"name":"gherkin_uri","value":"file:///C:/Users/Admin/git/RestAssured_Cucumber/src/test/java/com/api/features/crudOperations.feature"},{"name":"package","value":"src.test.java.com.api.features.crudOperations_feature.API CRUD Operations with Authentication"}],"links":[],"name":"Retrieve user details","status":"failed","statusDetails":{"known":false,"muted":false,"flaky":false,"message":"Expected 200 but got 403 expected [200] but found [403]","trace":"java.lang.AssertionError: Expected 200 but got 403 expected [200] but found [403]\r\n\tat org.testng.Assert.fail(Assert.java:111)\r\n\tat org.testng.Assert.failNotEquals(Assert.java:1578)\r\n\tat org.testng.Assert.assertEqualsImpl(Assert.java:150)\r\n\tat org.testng.Assert.assertEquals(Assert.java:132)\r\n\tat org.testng.Assert.assertEquals(Assert.java:1419)\r\n\tat org.testng.Assert.assertEquals(Assert.java:1383)\r\n\tat com.api.stepdefinitions.CRUDOperationsSteps.validateResponseStatus(CRUDOperationsSteps.java:81)\r\n\tat ✽.the response status should be 200(file:///C:/Users/Admin/git/RestAssured_Cucumber/src/test/java/com/api/features/crudOperations.feature:21)\r\n"},"stage":"finished","description":"  This feature validates Create, Read, Update, and Delete operations on Reqres API.","steps":[{"name":"Given  I set up the GET endpoint for user \"2\"","status":"passed","statusDetails":{"known":false,"muted":false,"flaky":false},"stage":"finished","steps":[],"attachments":[],"parameters":[],"start":1767856050934,"stop":1767856051615},{"name":"When  I send a GET request","status":"passed","statusDetails":{"known":false,"muted":false,"flaky":false},"stage":"finished","steps":[],"attachments":[],"parameters":[],"start":1767856051618,"stop":1767856053851},{"name":"Then  the response status should be 200","status":"failed","statusDetails":{"known":false,"muted":false,"flaky":false,"message":"Expected 200 but got 403 expected [200] but found [403]","trace":"java.lang.AssertionError: Expected 200 but got 403 expected [200] but found [403]\r\n\tat org.testng.Assert.fail(Assert.java:111)\r\n\tat org.testng.Assert.failNotEquals(Assert.java:1578)\r\n\tat org.testng.Assert.assertEqualsImpl(Assert.java:150)\r\n\tat org.testng.Assert.assertEquals(Assert.java:132)\r\n\tat org.testng.Assert.assertEquals(Assert.java:1419)\r\n\tat org.testng.Assert.assertEquals(Assert.java:1383)\r\n\tat com.api.stepdefinitions.CRUDOperationsSteps.validateResponseStatus(CRUDOperationsSteps.java:81)\r\n\tat ✽.the response status should be 200(file:///C:/Users/Admin/git/RestAssured_Cucumber/src/test/java/com/api/features/crudOperations.feature:21)\r\n"},"stage":"finished","steps":[],"attachments":[],"parameters":[],"start":1767856053851,"stop":1767856053894}],"attachments":[],"parameters":[{"name":"userId","value":"2"},{"name":"statusCode","value":"200"}],"start":1767856050926,"stop":1767856054011}