{"uuid":"74596891-beaa-49cc-8096-681161e27e1d","historyId":"4db184c945f1eb0e521a0408d52258bd","fullName":"src/test/java/com/api/features/GetUser.feature:12","labels":[{"name":"tag","value":"ReqresTests"},{"name":"host","value":"DESKTOP-IREC5PQ"},{"name":"thread","value":"23788@DESKTOP-IREC5PQ.TestNG-PoolService-1(31)"},{"name":"feature","value":"User API Testing with Authentication"},{"name":"story","value":"Validate User API responses"},{"name":"suite","value":"User API Testing with Authentication"},{"name":"testClass","value":"Validate User API responses"},{"name":"framework","value":"cucumber4jvm"},{"name":"language","value":"java"},{"name":"gherkin_uri","value":"file:///C:/Users/Admin/git/RestAssured_Cucumber/src/test/java/com/api/features/GetUser.feature"},{"name":"package","value":"src.test.java.com.api.features.GetUser_feature.User API Testing with Authentication"}],"links":[],"name":"Validate User API responses","status":"failed","statusDetails":{"known":false,"muted":false,"flaky":false,"message":"Expected status code 200 but got 403 expected [200] but found [403]","trace":"java.lang.AssertionError: Expected status code 200 but got 403 expected [200] but found [403]\r\n\tat org.testng.Assert.fail(Assert.java:111)\r\n\tat org.testng.Assert.failNotEquals(Assert.java:1578)\r\n\tat org.testng.Assert.assertEqualsImpl(Assert.java:150)\r\n\tat org.testng.Assert.assertEquals(Assert.java:132)\r\n\tat org.testng.Assert.assertEquals(Assert.java:1419)\r\n\tat org.testng.Assert.assertEquals(Assert.java:1383)\r\n\tat com.api.stepdefinitions.GetUserSteps.validateUserStatusCode(GetUserSteps.java:47)\r\n\tat ✽.the system should deliver 200 as the status(file:///C:/Users/Admin/git/RestAssured_Cucumber/src/test/java/com/api/features/GetUser.feature:7)\r\n"},"stage":"finished","steps":[{"name":"Given  I configure the user API resource \"https://reqres.in/api/users?page=2\" with auth type \"BASIC\"","status":"passed","statusDetails":{"known":false,"muted":false,"flaky":false},"stage":"finished","steps":[],"attachments":[],"parameters":[],"start":1767434722622,"stop":1767434722991},{"name":"When  I perform a GET call on the user resource","status":"passed","statusDetails":{"known":false,"muted":false,"flaky":false},"stage":"finished","steps":[],"attachments":[],"parameters":[],"start":1767434723006,"stop":1767434727710},{"name":"Then  the system should deliver 200 as the status","status":"failed","statusDetails":{"known":false,"muted":false,"flaky":false,"message":"Expected status code 200 but got 403 expected [200] but found [403]","trace":"java.lang.AssertionError: Expected status code 200 but got 403 expected [200] but found [403]\r\n\tat org.testng.Assert.fail(Assert.java:111)\r\n\tat org.testng.Assert.failNotEquals(Assert.java:1578)\r\n\tat org.testng.Assert.assertEqualsImpl(Assert.java:150)\r\n\tat org.testng.Assert.assertEquals(Assert.java:132)\r\n\tat org.testng.Assert.assertEquals(Assert.java:1419)\r\n\tat org.testng.Assert.assertEquals(Assert.java:1383)\r\n\tat com.api.stepdefinitions.GetUserSteps.validateUserStatusCode(GetUserSteps.java:47)\r\n\tat ✽.the system should deliver 200 as the status(file:///C:/Users/Admin/git/RestAssured_Cucumber/src/test/java/com/api/features/GetUser.feature:7)\r\n"},"stage":"finished","steps":[],"attachments":[],"parameters":[],"start":1767434727710,"stop":1767434727724},{"name":"And  the body should include the field \"page\"","status":"skipped","statusDetails":{"known":false,"muted":false,"flaky":false},"stage":"finished","steps":[],"attachments":[],"parameters":[],"start":1767434727732,"stop":1767434727786}],"attachments":[],"parameters":[{"name":"authType","value":"BASIC"},{"name":"endpoint","value":"https://reqres.in/api/users?page=2"},{"name":"statusCode","value":"200"},{"name":"expectedField","value":"page"}],"start":1767434722622,"stop":1767434727816}