{"uuid":"7a253a6c-83ee-4cdb-b492-9ca29a0209c7","historyId":"25f217c4840ff150a3fd4391f758b5f0","fullName":"src/test/java/com/api/features/crudOperations.feature:25","labels":[{"name":"tag","value":"ReqresTests"},{"name":"host","value":"DESKTOP-IREC5PQ"},{"name":"thread","value":"38580@DESKTOP-IREC5PQ.TestNG-PoolService-7(36)"},{"name":"feature","value":"API CRUD Operations"},{"name":"story","value":"Read user details"},{"name":"suite","value":"API CRUD Operations"},{"name":"testClass","value":"Read user details"},{"name":"framework","value":"cucumber4jvm"},{"name":"language","value":"java"},{"name":"gherkin_uri","value":"file:///C:/Users/Admin/git/RestAssured_Cucumber/src/test/java/com/api/features/crudOperations.feature"},{"name":"package","value":"src.test.java.com.api.features.crudOperations_feature.API CRUD Operations"}],"links":[],"name":"Read user details","status":"failed","statusDetails":{"known":false,"muted":false,"flaky":false,"message":"Expected status code 200 but got 403 expected [200] but found [403]","trace":"java.lang.AssertionError: Expected status code 200 but got 403 expected [200] but found [403]\r\n\tat org.testng.Assert.fail(Assert.java:111)\r\n\tat org.testng.Assert.failNotEquals(Assert.java:1578)\r\n\tat org.testng.Assert.assertEqualsImpl(Assert.java:150)\r\n\tat org.testng.Assert.assertEquals(Assert.java:132)\r\n\tat org.testng.Assert.assertEquals(Assert.java:1419)\r\n\tat org.testng.Assert.assertEquals(Assert.java:1383)\r\n\tat com.api.stepdefinitions.CRUDOperationsSteps.validateStatusCode(CRUDOperationsSteps.java:84)\r\n\tat ✽.I should receive a 200 status code(file:///C:/Users/Admin/git/RestAssured_Cucumber/src/test/java/com/api/features/crudOperations.feature:20)\r\n"},"stage":"finished","steps":[{"name":"Given  I set the GET endpoint for user \"5\"","status":"passed","statusDetails":{"known":false,"muted":false,"flaky":false},"stage":"finished","steps":[],"attachments":[],"parameters":[],"start":1767170636097,"stop":1767170636101},{"name":"When  I send a GET request","status":"passed","statusDetails":{"known":false,"muted":false,"flaky":false},"stage":"finished","steps":[],"attachments":[],"parameters":[],"start":1767170636102,"stop":1767170636229},{"name":"Then  I should receive a 200 status code","status":"failed","statusDetails":{"known":false,"muted":false,"flaky":false,"message":"Expected status code 200 but got 403 expected [200] but found [403]","trace":"java.lang.AssertionError: Expected status code 200 but got 403 expected [200] but found [403]\r\n\tat org.testng.Assert.fail(Assert.java:111)\r\n\tat org.testng.Assert.failNotEquals(Assert.java:1578)\r\n\tat org.testng.Assert.assertEqualsImpl(Assert.java:150)\r\n\tat org.testng.Assert.assertEquals(Assert.java:132)\r\n\tat org.testng.Assert.assertEquals(Assert.java:1419)\r\n\tat org.testng.Assert.assertEquals(Assert.java:1383)\r\n\tat com.api.stepdefinitions.CRUDOperationsSteps.validateStatusCode(CRUDOperationsSteps.java:84)\r\n\tat ✽.I should receive a 200 status code(file:///C:/Users/Admin/git/RestAssured_Cucumber/src/test/java/com/api/features/crudOperations.feature:20)\r\n"},"stage":"finished","steps":[],"attachments":[],"parameters":[],"start":1767170636229,"stop":1767170636233}],"attachments":[],"parameters":[{"name":"userId","value":"5"},{"name":"statusCode","value":"200"}],"start":1767170636097,"stop":1767170636233}