{"uuid":"853370e8-3e68-4d0d-902e-a85c0921ba8b","historyId":"4db184c945f1eb0e521a0408d52258bd","fullName":"src/test/java/com/api/features/GetUser.feature:12","labels":[{"name":"tag","value":"ReqresTests"},{"name":"host","value":"DESKTOP-IREC5PQ"},{"name":"thread","value":"38580@DESKTOP-IREC5PQ.TestNG-PoolService-6(35)"},{"name":"feature","value":"User API Testing"},{"name":"story","value":"Validate User API responses"},{"name":"suite","value":"User API Testing"},{"name":"testClass","value":"Validate User API responses"},{"name":"framework","value":"cucumber4jvm"},{"name":"language","value":"java"},{"name":"gherkin_uri","value":"file:///C:/Users/Admin/git/RestAssured_Cucumber/src/test/java/com/api/features/GetUser.feature"},{"name":"package","value":"src.test.java.com.api.features.GetUser_feature.User API Testing"}],"links":[],"name":"Validate User API responses","status":"failed","statusDetails":{"known":false,"muted":false,"flaky":false,"message":"Expected status code 200 but got 403 expected [200] but found [403]","trace":"java.lang.AssertionError: Expected status code 200 but got 403 expected [200] but found [403]\r\n\tat org.testng.Assert.fail(Assert.java:111)\r\n\tat org.testng.Assert.failNotEquals(Assert.java:1578)\r\n\tat org.testng.Assert.assertEqualsImpl(Assert.java:150)\r\n\tat org.testng.Assert.assertEquals(Assert.java:132)\r\n\tat org.testng.Assert.assertEquals(Assert.java:1419)\r\n\tat org.testng.Assert.assertEquals(Assert.java:1383)\r\n\tat com.api.stepdefinitions.GetUserSteps.validateStatusCode(GetUserSteps.java:30)\r\n\tat ✽.the response status code should be 200(file:///C:/Users/Admin/git/RestAssured_Cucumber/src/test/java/com/api/features/GetUser.feature:6)\r\n"},"stage":"finished","steps":[{"name":"Given  the API endpoint is \"https://reqres.in/api/users/2\"","status":"passed","statusDetails":{"known":false,"muted":false,"flaky":false},"stage":"finished","steps":[],"attachments":[],"parameters":[],"start":1767170633183,"stop":1767170633914},{"name":"When  I send a GET request to the endpoint","status":"passed","statusDetails":{"known":false,"muted":false,"flaky":false},"stage":"finished","steps":[],"attachments":[],"parameters":[],"start":1767170633914,"stop":1767170635840},{"name":"Then  the response status code should be 200","status":"failed","statusDetails":{"known":false,"muted":false,"flaky":false,"message":"Expected status code 200 but got 403 expected [200] but found [403]","trace":"java.lang.AssertionError: Expected status code 200 but got 403 expected [200] but found [403]\r\n\tat org.testng.Assert.fail(Assert.java:111)\r\n\tat org.testng.Assert.failNotEquals(Assert.java:1578)\r\n\tat org.testng.Assert.assertEqualsImpl(Assert.java:150)\r\n\tat org.testng.Assert.assertEquals(Assert.java:132)\r\n\tat org.testng.Assert.assertEquals(Assert.java:1419)\r\n\tat org.testng.Assert.assertEquals(Assert.java:1383)\r\n\tat com.api.stepdefinitions.GetUserSteps.validateStatusCode(GetUserSteps.java:30)\r\n\tat ✽.the response status code should be 200(file:///C:/Users/Admin/git/RestAssured_Cucumber/src/test/java/com/api/features/GetUser.feature:6)\r\n"},"stage":"finished","steps":[],"attachments":[],"parameters":[],"start":1767170635841,"stop":1767170635886},{"name":"And  the response should contain \"data\"","status":"skipped","statusDetails":{"known":false,"muted":false,"flaky":false},"stage":"finished","steps":[],"attachments":[],"parameters":[],"start":1767170635895,"stop":1767170635896}],"attachments":[],"parameters":[{"name":"endpoint","value":"https://reqres.in/api/users/2"},{"name":"statusCode","value":"200"},{"name":"expectedField","value":"data"}],"start":1767170633166,"stop":1767170636017}