{"uuid":"8596f626-10c4-455c-b073-90da5dcb7f9a","historyId":"da8d72900c09830f1911c6cbef684435","fullName":"src/test/java/com/api/features/AuthToken.feature:12","labels":[{"name":"tag","value":"RestfuleBooker"},{"name":"host","value":"DESKTOP-IREC5PQ"},{"name":"thread","value":"28440@DESKTOP-IREC5PQ.TestNG-PoolService-2(31)"},{"name":"feature","value":"Authentication Token Creation"},{"name":"story","value":"Generate auth token with different credentials"},{"name":"suite","value":"Authentication Token Creation"},{"name":"testClass","value":"Generate auth token with different credentials"},{"name":"framework","value":"cucumber4jvm"},{"name":"language","value":"java"},{"name":"gherkin_uri","value":"file:///C:/Users/Admin/git/RestAssured_Cucumber/src/test/java/com/api/features/AuthToken.feature"},{"name":"package","value":"src.test.java.com.api.features.AuthToken_feature.Authentication Token Creation"}],"links":[],"name":"Generate auth token with different credentials","status":"failed","statusDetails":{"known":false,"muted":false,"flaky":false,"message":"Expected failure but got success did not expect [200] but found [200]","trace":"java.lang.AssertionError: Expected failure but got success did not expect [200] but found [200]\r\n\tat org.testng.Assert.fail(Assert.java:111)\r\n\tat org.testng.Assert.failEquals(Assert.java:1582)\r\n\tat org.testng.Assert.assertNotEqualsImpl(Assert.java:157)\r\n\tat org.testng.Assert.assertNotEquals(Assert.java:2201)\r\n\tat com.api.stepdefinitions.AuthTokenSteps.iShouldReceiveFailureResponse(AuthTokenSteps.java:49)\r\n\tat ✽.I should receive a failure response(file:///C:/Users/Admin/git/RestAssured_Cucumber/src/test/java/com/api/features/AuthToken.feature:7)\r\n"},"stage":"finished","steps":[{"name":"Given  I have username \"admin\" and password \"wrongpass\"","status":"passed","statusDetails":{"known":false,"muted":false,"flaky":false},"stage":"finished","steps":[],"attachments":[],"parameters":[],"start":1767171034653,"stop":1767171034666},{"name":"When  I send a POST request to create an auth token","status":"passed","statusDetails":{"known":false,"muted":false,"flaky":false},"stage":"finished","steps":[],"attachments":[],"parameters":[],"start":1767171034669,"stop":1767171037987},{"name":"Then  I should receive a failure response","status":"failed","statusDetails":{"known":false,"muted":false,"flaky":false,"message":"Expected failure but got success did not expect [200] but found [200]","trace":"java.lang.AssertionError: Expected failure but got success did not expect [200] but found [200]\r\n\tat org.testng.Assert.fail(Assert.java:111)\r\n\tat org.testng.Assert.failEquals(Assert.java:1582)\r\n\tat org.testng.Assert.assertNotEqualsImpl(Assert.java:157)\r\n\tat org.testng.Assert.assertNotEquals(Assert.java:2201)\r\n\tat com.api.stepdefinitions.AuthTokenSteps.iShouldReceiveFailureResponse(AuthTokenSteps.java:49)\r\n\tat ✽.I should receive a failure response(file:///C:/Users/Admin/git/RestAssured_Cucumber/src/test/java/com/api/features/AuthToken.feature:7)\r\n"},"stage":"finished","steps":[],"attachments":[],"parameters":[],"start":1767171037988,"stop":1767171037992}],"attachments":[],"parameters":[{"name":"username","value":"admin"},{"name":"password","value":"wrongpass"},{"name":"status","value":"failure"}],"start":1767171034652,"stop":1767171037994}