{"uuid":"905e6258-d772-49b9-be75-c7b54939ab91","historyId":"d5b8dd91f98201e5361469b1167749fd","fullName":"src/test/java/com/api/features/crudOperations.feature:49","labels":[{"name":"tag","value":"ReqresTests"},{"name":"host","value":"DESKTOP-IREC5PQ"},{"name":"thread","value":"6456@DESKTOP-IREC5PQ.TestNG-PoolService-7(38)"},{"name":"feature","value":"API CRUD Operations with Authentication"},{"name":"story","value":"Delete a user"},{"name":"suite","value":"API CRUD Operations with Authentication"},{"name":"testClass","value":"Delete a user"},{"name":"framework","value":"cucumber4jvm"},{"name":"language","value":"java"},{"name":"gherkin_uri","value":"file:///C:/Users/Admin/git/RestAssured_Cucumber/src/test/java/com/api/features/crudOperations.feature"},{"name":"package","value":"src.test.java.com.api.features.crudOperations_feature.API CRUD Operations with Authentication"}],"links":[],"name":"Delete a user","status":"failed","statusDetails":{"known":false,"muted":false,"flaky":false,"message":"Expected 204 but got 403 expected [204] but found [403]","trace":"java.lang.AssertionError: Expected 204 but got 403 expected [204] but found [403]\r\n\tat org.testng.Assert.fail(Assert.java:111)\r\n\tat org.testng.Assert.failNotEquals(Assert.java:1578)\r\n\tat org.testng.Assert.assertEqualsImpl(Assert.java:150)\r\n\tat org.testng.Assert.assertEquals(Assert.java:132)\r\n\tat org.testng.Assert.assertEquals(Assert.java:1419)\r\n\tat org.testng.Assert.assertEquals(Assert.java:1383)\r\n\tat com.api.stepdefinitions.CRUDOperationsSteps.validateResponseStatus(CRUDOperationsSteps.java:76)\r\n\tat ✽.the response status should be 204(file:///C:/Users/Admin/git/RestAssured_Cucumber/src/test/java/com/api/features/crudOperations.feature:45)\r\n"},"stage":"finished","description":"  This feature validates Create, Read, Update, and Delete operations on Reqres API.","steps":[{"name":"Given  I set up the DELETE endpoint for user \"2\"","status":"passed","statusDetails":{"known":false,"muted":false,"flaky":false},"stage":"finished","steps":[],"attachments":[],"parameters":[],"start":1769926834867,"stop":1769926834887},{"name":"When  I send a DELETE request","status":"passed","statusDetails":{"known":false,"muted":false,"flaky":false},"stage":"finished","steps":[],"attachments":[],"parameters":[],"start":1769926834891,"stop":1769926835079},{"name":"Then  the response status should be 204","status":"failed","statusDetails":{"known":false,"muted":false,"flaky":false,"message":"Expected 204 but got 403 expected [204] but found [403]","trace":"java.lang.AssertionError: Expected 204 but got 403 expected [204] but found [403]\r\n\tat org.testng.Assert.fail(Assert.java:111)\r\n\tat org.testng.Assert.failNotEquals(Assert.java:1578)\r\n\tat org.testng.Assert.assertEqualsImpl(Assert.java:150)\r\n\tat org.testng.Assert.assertEquals(Assert.java:132)\r\n\tat org.testng.Assert.assertEquals(Assert.java:1419)\r\n\tat org.testng.Assert.assertEquals(Assert.java:1383)\r\n\tat com.api.stepdefinitions.CRUDOperationsSteps.validateResponseStatus(CRUDOperationsSteps.java:76)\r\n\tat ✽.the response status should be 204(file:///C:/Users/Admin/git/RestAssured_Cucumber/src/test/java/com/api/features/crudOperations.feature:45)\r\n"},"stage":"finished","steps":[],"attachments":[],"parameters":[],"start":1769926835080,"stop":1769926835093}],"attachments":[],"parameters":[{"name":"userId","value":"2"},{"name":"statusCode","value":"204"}],"start":1769926831828,"stop":1769926835608}