{"uuid":"95430c6f-2de3-4f77-af61-5fd0cfa8f7f0","historyId":"c8bb95636399b82611a5f89f3577a2b8","fullName":"src/test/java/com/api/features/crudOperations.feature:50","labels":[{"name":"tag","value":"ReqresTests"},{"name":"host","value":"DESKTOP-IREC5PQ"},{"name":"thread","value":"28120@DESKTOP-IREC5PQ.TestNG-PoolService-8(38)"},{"name":"feature","value":"API CRUD Operations with Authentication"},{"name":"story","value":"Delete a user"},{"name":"suite","value":"API CRUD Operations with Authentication"},{"name":"testClass","value":"Delete a user"},{"name":"framework","value":"cucumber4jvm"},{"name":"language","value":"java"},{"name":"gherkin_uri","value":"file:///C:/Users/Admin/git/RestAssured_Cucumber/src/test/java/com/api/features/crudOperations.feature"},{"name":"package","value":"src.test.java.com.api.features.crudOperations_feature.API CRUD Operations with Authentication"}],"links":[],"name":"Delete a user","status":"failed","statusDetails":{"known":false,"muted":false,"flaky":false,"message":"Expected 204 but got 403 expected [204] but found [403]","trace":"java.lang.AssertionError: Expected 204 but got 403 expected [204] but found [403]\r\n\tat org.testng.Assert.fail(Assert.java:111)\r\n\tat org.testng.Assert.failNotEquals(Assert.java:1578)\r\n\tat org.testng.Assert.assertEqualsImpl(Assert.java:150)\r\n\tat org.testng.Assert.assertEquals(Assert.java:132)\r\n\tat org.testng.Assert.assertEquals(Assert.java:1419)\r\n\tat org.testng.Assert.assertEquals(Assert.java:1383)\r\n\tat com.api.stepdefinitions.CRUDOperationsSteps.validateResponseStatus(CRUDOperationsSteps.java:76)\r\n\tat ✽.the response status should be 204(file:///C:/Users/Admin/git/RestAssured_Cucumber/src/test/java/com/api/features/crudOperations.feature:45)\r\n"},"stage":"finished","description":"  This feature validates Create, Read, Update, and Delete operations on Reqres API.","steps":[{"name":"Given  I set up the DELETE endpoint for user \"5\"","status":"passed","statusDetails":{"known":false,"muted":false,"flaky":false},"stage":"finished","steps":[],"attachments":[],"parameters":[],"start":1768125132546,"stop":1768125132594},{"name":"When  I send a DELETE request","status":"passed","statusDetails":{"known":false,"muted":false,"flaky":false},"stage":"finished","steps":[],"attachments":[],"parameters":[],"start":1768125132609,"stop":1768125132891},{"name":"Then  the response status should be 204","status":"failed","statusDetails":{"known":false,"muted":false,"flaky":false,"message":"Expected 204 but got 403 expected [204] but found [403]","trace":"java.lang.AssertionError: Expected 204 but got 403 expected [204] but found [403]\r\n\tat org.testng.Assert.fail(Assert.java:111)\r\n\tat org.testng.Assert.failNotEquals(Assert.java:1578)\r\n\tat org.testng.Assert.assertEqualsImpl(Assert.java:150)\r\n\tat org.testng.Assert.assertEquals(Assert.java:132)\r\n\tat org.testng.Assert.assertEquals(Assert.java:1419)\r\n\tat org.testng.Assert.assertEquals(Assert.java:1383)\r\n\tat com.api.stepdefinitions.CRUDOperationsSteps.validateResponseStatus(CRUDOperationsSteps.java:76)\r\n\tat ✽.the response status should be 204(file:///C:/Users/Admin/git/RestAssured_Cucumber/src/test/java/com/api/features/crudOperations.feature:45)\r\n"},"stage":"finished","steps":[],"attachments":[],"parameters":[],"start":1768125132894,"stop":1768125132915}],"attachments":[],"parameters":[{"name":"userId","value":"5"},{"name":"statusCode","value":"204"}],"start":1768125127858,"stop":1768125133840}