{"uuid":"a1b954a3-4cde-4a24-9a85-221c18367fb5","historyId":"1c732f3fe480ee24dfeb328f83d78af","fullName":"src/test/java/com/api/features/crudOperations.feature:13","labels":[{"name":"tag","value":"ReqresTests"},{"name":"host","value":"DESKTOP-IREC5PQ"},{"name":"thread","value":"23788@DESKTOP-IREC5PQ.TestNG-PoolService-2(32)"},{"name":"feature","value":"API CRUD Operations with Authentication"},{"name":"story","value":"Create a new user"},{"name":"suite","value":"API CRUD Operations with Authentication"},{"name":"testClass","value":"Create a new user"},{"name":"framework","value":"cucumber4jvm"},{"name":"language","value":"java"},{"name":"gherkin_uri","value":"file:///C:/Users/Admin/git/RestAssured_Cucumber/src/test/java/com/api/features/crudOperations.feature"},{"name":"package","value":"src.test.java.com.api.features.crudOperations_feature.API CRUD Operations with Authentication"}],"links":[],"name":"Create a new user","status":"failed","statusDetails":{"known":false,"muted":false,"flaky":false,"message":"Expected 201 but got 403 expected [201] but found [403]","trace":"java.lang.AssertionError: Expected 201 but got 403 expected [201] but found [403]\r\n\tat org.testng.Assert.fail(Assert.java:111)\r\n\tat org.testng.Assert.failNotEquals(Assert.java:1578)\r\n\tat org.testng.Assert.assertEqualsImpl(Assert.java:150)\r\n\tat org.testng.Assert.assertEquals(Assert.java:132)\r\n\tat org.testng.Assert.assertEquals(Assert.java:1419)\r\n\tat org.testng.Assert.assertEquals(Assert.java:1383)\r\n\tat com.api.stepdefinitions.CRUDOperationsSteps.validatePostOutcome(CRUDOperationsSteps.java:44)\r\n\tat ✽.the service should return 201 as the outcome(file:///C:/Users/Admin/git/RestAssured_Cucumber/src/test/java/com/api/features/crudOperations.feature:9)\r\n"},"stage":"finished","steps":[{"name":"Given  I prepare the POST resource with auth type \"BASIC\"","status":"passed","statusDetails":{"known":false,"muted":false,"flaky":false},"stage":"finished","steps":[],"attachments":[],"parameters":[],"start":1767434727841,"stop":1767434727842},{"name":"When  I trigger a POST call using user details","status":"passed","statusDetails":{"known":false,"muted":false,"flaky":false},"stage":"finished","steps":[],"attachments":[{"name":"Data table","source":"a782e747-536e-463f-bfc2-292e9684c1bc-attachment.csv","type":"text/tab-separated-values"}],"parameters":[],"start":1767434727842,"stop":1767434731148},{"name":"Then  the service should return 201 as the outcome","status":"failed","statusDetails":{"known":false,"muted":false,"flaky":false,"message":"Expected 201 but got 403 expected [201] but found [403]","trace":"java.lang.AssertionError: Expected 201 but got 403 expected [201] but found [403]\r\n\tat org.testng.Assert.fail(Assert.java:111)\r\n\tat org.testng.Assert.failNotEquals(Assert.java:1578)\r\n\tat org.testng.Assert.assertEqualsImpl(Assert.java:150)\r\n\tat org.testng.Assert.assertEquals(Assert.java:132)\r\n\tat org.testng.Assert.assertEquals(Assert.java:1419)\r\n\tat org.testng.Assert.assertEquals(Assert.java:1383)\r\n\tat com.api.stepdefinitions.CRUDOperationsSteps.validatePostOutcome(CRUDOperationsSteps.java:44)\r\n\tat ✽.the service should return 201 as the outcome(file:///C:/Users/Admin/git/RestAssured_Cucumber/src/test/java/com/api/features/crudOperations.feature:9)\r\n"},"stage":"finished","steps":[],"attachments":[],"parameters":[],"start":1767434731148,"stop":1767434731150}],"attachments":[],"parameters":[{"name":"authType","value":"BASIC"},{"name":"name","value":"Nagaraja"},{"name":"job","value":"Test Automation Engineer"},{"name":"statusCode","value":"201"}],"start":1767434727840,"stop":1767434731150}