{"uuid":"b077883d-9fbb-4ec6-8a3e-f1491e88bae1","historyId":"25f217c4840ff150a3fd4391f758b5f0","fullName":"src/test/java/com/api/features/crudOperations.feature:25","labels":[{"name":"tag","value":"ReqresTests"},{"name":"host","value":"DESKTOP-IREC5PQ"},{"name":"thread","value":"36620@DESKTOP-IREC5PQ.TestNG-PoolService-8(38)"},{"name":"feature","value":"API CRUD Operations"},{"name":"story","value":"Read user details"},{"name":"suite","value":"API CRUD Operations"},{"name":"testClass","value":"Read user details"},{"name":"framework","value":"cucumber4jvm"},{"name":"language","value":"java"},{"name":"gherkin_uri","value":"file:///C:/Users/Admin/git/RestAssured_Cucumber/src/test/java/com/api/features/crudOperations.feature"},{"name":"package","value":"src.test.java.com.api.features.crudOperations_feature.API CRUD Operations"}],"links":[],"name":"Read user details","status":"failed","statusDetails":{"known":false,"muted":false,"flaky":false,"message":"Expected status code 200 but got 403 expected [200] but found [403]","trace":"java.lang.AssertionError: Expected status code 200 but got 403 expected [200] but found [403]\r\n\tat org.testng.Assert.fail(Assert.java:111)\r\n\tat org.testng.Assert.failNotEquals(Assert.java:1578)\r\n\tat org.testng.Assert.assertEqualsImpl(Assert.java:150)\r\n\tat org.testng.Assert.assertEquals(Assert.java:132)\r\n\tat org.testng.Assert.assertEquals(Assert.java:1419)\r\n\tat org.testng.Assert.assertEquals(Assert.java:1383)\r\n\tat com.api.stepdefinitions.CommonSteps.validateStatusCode(CommonSteps.java:19)\r\n\tat ✽.I should receive a 200 status code(file:///C:/Users/Admin/git/RestAssured_Cucumber/src/test/java/com/api/features/crudOperations.feature:20)\r\n"},"stage":"finished","steps":[{"name":"Given  I set the GET endpoint for user \"5\"","status":"passed","statusDetails":{"known":false,"muted":false,"flaky":false},"stage":"finished","steps":[],"attachments":[],"parameters":[],"start":1767431177055,"stop":1767431177930},{"name":"When  I send a GET request","status":"passed","statusDetails":{"known":false,"muted":false,"flaky":false},"stage":"finished","steps":[],"attachments":[],"parameters":[],"start":1767431177938,"stop":1767431180324},{"name":"Then  I should receive a 200 status code","status":"failed","statusDetails":{"known":false,"muted":false,"flaky":false,"message":"Expected status code 200 but got 403 expected [200] but found [403]","trace":"java.lang.AssertionError: Expected status code 200 but got 403 expected [200] but found [403]\r\n\tat org.testng.Assert.fail(Assert.java:111)\r\n\tat org.testng.Assert.failNotEquals(Assert.java:1578)\r\n\tat org.testng.Assert.assertEqualsImpl(Assert.java:150)\r\n\tat org.testng.Assert.assertEquals(Assert.java:132)\r\n\tat org.testng.Assert.assertEquals(Assert.java:1419)\r\n\tat org.testng.Assert.assertEquals(Assert.java:1383)\r\n\tat com.api.stepdefinitions.CommonSteps.validateStatusCode(CommonSteps.java:19)\r\n\tat ✽.I should receive a 200 status code(file:///C:/Users/Admin/git/RestAssured_Cucumber/src/test/java/com/api/features/crudOperations.feature:20)\r\n"},"stage":"finished","steps":[],"attachments":[],"parameters":[],"start":1767431180341,"stop":1767431180390}],"attachments":[],"parameters":[{"name":"userId","value":"5"},{"name":"statusCode","value":"200"}],"start":1767431177037,"stop":1767431180529}