{"uuid":"e9ab1de9-903a-4431-8114-dd696953a825","historyId":"1c732f3fe480ee24dfeb328f83d78af","fullName":"src/test/java/com/api/features/crudOperations.feature:13","labels":[{"name":"tag","value":"ReqresTests"},{"name":"host","value":"DESKTOP-IREC5PQ"},{"name":"thread","value":"36620@DESKTOP-IREC5PQ.TestNG-PoolService-5(35)"},{"name":"feature","value":"API CRUD Operations"},{"name":"story","value":"Create a new user"},{"name":"suite","value":"API CRUD Operations"},{"name":"testClass","value":"Create a new user"},{"name":"framework","value":"cucumber4jvm"},{"name":"language","value":"java"},{"name":"gherkin_uri","value":"file:///C:/Users/Admin/git/RestAssured_Cucumber/src/test/java/com/api/features/crudOperations.feature"},{"name":"package","value":"src.test.java.com.api.features.crudOperations_feature.API CRUD Operations"}],"links":[],"name":"Create a new user","status":"failed","statusDetails":{"known":false,"muted":false,"flaky":false,"message":"Expected status code 201 but got 403 expected [201] but found [403]","trace":"java.lang.AssertionError: Expected status code 201 but got 403 expected [201] but found [403]\r\n\tat org.testng.Assert.fail(Assert.java:111)\r\n\tat org.testng.Assert.failNotEquals(Assert.java:1578)\r\n\tat org.testng.Assert.assertEqualsImpl(Assert.java:150)\r\n\tat org.testng.Assert.assertEquals(Assert.java:132)\r\n\tat org.testng.Assert.assertEquals(Assert.java:1419)\r\n\tat org.testng.Assert.assertEquals(Assert.java:1383)\r\n\tat com.api.stepdefinitions.CommonSteps.validateStatusCode(CommonSteps.java:19)\r\n\tat ✽.I should receive a 201 status code(file:///C:/Users/Admin/git/RestAssured_Cucumber/src/test/java/com/api/features/crudOperations.feature:9)\r\n"},"stage":"finished","steps":[{"name":"Given  I set the POST endpoint","status":"passed","statusDetails":{"known":false,"muted":false,"flaky":false},"stage":"finished","steps":[],"attachments":[],"parameters":[],"start":1767431177055,"stop":1767431177929},{"name":"When  I send a POST request with user data","status":"passed","statusDetails":{"known":false,"muted":false,"flaky":false},"stage":"finished","steps":[],"attachments":[{"name":"Data table","source":"4f8026b9-ba37-4810-8442-b0ab58a2b581-attachment.csv","type":"text/tab-separated-values"}],"parameters":[],"start":1767431177942,"stop":1767431180338},{"name":"Then  I should receive a 201 status code","status":"failed","statusDetails":{"known":false,"muted":false,"flaky":false,"message":"Expected status code 201 but got 403 expected [201] but found [403]","trace":"java.lang.AssertionError: Expected status code 201 but got 403 expected [201] but found [403]\r\n\tat org.testng.Assert.fail(Assert.java:111)\r\n\tat org.testng.Assert.failNotEquals(Assert.java:1578)\r\n\tat org.testng.Assert.assertEqualsImpl(Assert.java:150)\r\n\tat org.testng.Assert.assertEquals(Assert.java:132)\r\n\tat org.testng.Assert.assertEquals(Assert.java:1419)\r\n\tat org.testng.Assert.assertEquals(Assert.java:1383)\r\n\tat com.api.stepdefinitions.CommonSteps.validateStatusCode(CommonSteps.java:19)\r\n\tat ✽.I should receive a 201 status code(file:///C:/Users/Admin/git/RestAssured_Cucumber/src/test/java/com/api/features/crudOperations.feature:9)\r\n"},"stage":"finished","steps":[],"attachments":[],"parameters":[],"start":1767431180342,"stop":1767431180387}],"attachments":[],"parameters":[{"name":"name","value":"Nagaraja"},{"name":"job","value":"Test Automation Engineer"},{"name":"statusCode","value":"201"}],"start":1767431177035,"stop":1767431180539}