{"uuid":"f3dac2ce-d024-40d1-a420-48e97d64bbc8","historyId":"1de7a6e4fd27eb857299bdeffac90658","fullName":"src/test/java/com/api/features/crudOperations.feature:38","labels":[{"name":"tag","value":"ReqresTests"},{"name":"host","value":"DESKTOP-IREC5PQ"},{"name":"thread","value":"39296@DESKTOP-IREC5PQ.TestNG-PoolService-8(37)"},{"name":"feature","value":"API CRUD Operations"},{"name":"story","value":"Update user details"},{"name":"suite","value":"API CRUD Operations"},{"name":"testClass","value":"Update user details"},{"name":"framework","value":"cucumber4jvm"},{"name":"language","value":"java"},{"name":"gherkin_uri","value":"file:///C:/Users/Admin/git/RestAssured_Cucumber/src/test/java/com/api/features/crudOperations.feature"},{"name":"package","value":"src.test.java.com.api.features.crudOperations_feature.API CRUD Operations"}],"links":[],"name":"Update user details","status":"failed","statusDetails":{"known":false,"muted":false,"flaky":false,"message":"Expected status code 200 but got 403 expected [200] but found [403]","trace":"java.lang.AssertionError: Expected status code 200 but got 403 expected [200] but found [403]\r\n\tat org.testng.Assert.fail(Assert.java:111)\r\n\tat org.testng.Assert.failNotEquals(Assert.java:1578)\r\n\tat org.testng.Assert.assertEqualsImpl(Assert.java:150)\r\n\tat org.testng.Assert.assertEquals(Assert.java:132)\r\n\tat org.testng.Assert.assertEquals(Assert.java:1419)\r\n\tat org.testng.Assert.assertEquals(Assert.java:1383)\r\n\tat com.api.stepdefinitions.CRUDOperationsSteps.validateStatusCode(CRUDOperationsSteps.java:66)\r\n\tat ✽.I should receive a 200 status code(file:///C:/Users/Admin/git/RestAssured_Cucumber/src/test/java/com/api/features/crudOperations.feature:33)\r\n"},"stage":"finished","steps":[{"name":"Given  I set the PUT endpoint for user \"5\"","status":"passed","statusDetails":{"known":false,"muted":false,"flaky":false},"stage":"finished","steps":[],"attachments":[],"parameters":[],"start":1767168249884,"stop":1767168249887},{"name":"When  I send a PUT request with updated data","status":"passed","statusDetails":{"known":false,"muted":false,"flaky":false},"stage":"finished","steps":[],"attachments":[{"name":"Data table","source":"e6e45554-df1f-4391-bd0a-6ec523407182-attachment.csv","type":"text/tab-separated-values"}],"parameters":[],"start":1767168249887,"stop":1767168249999},{"name":"Then  I should receive a 200 status code","status":"failed","statusDetails":{"known":false,"muted":false,"flaky":false,"message":"Expected status code 200 but got 403 expected [200] but found [403]","trace":"java.lang.AssertionError: Expected status code 200 but got 403 expected [200] but found [403]\r\n\tat org.testng.Assert.fail(Assert.java:111)\r\n\tat org.testng.Assert.failNotEquals(Assert.java:1578)\r\n\tat org.testng.Assert.assertEqualsImpl(Assert.java:150)\r\n\tat org.testng.Assert.assertEquals(Assert.java:132)\r\n\tat org.testng.Assert.assertEquals(Assert.java:1419)\r\n\tat org.testng.Assert.assertEquals(Assert.java:1383)\r\n\tat com.api.stepdefinitions.CRUDOperationsSteps.validateStatusCode(CRUDOperationsSteps.java:66)\r\n\tat ✽.I should receive a 200 status code(file:///C:/Users/Admin/git/RestAssured_Cucumber/src/test/java/com/api/features/crudOperations.feature:33)\r\n"},"stage":"finished","steps":[],"attachments":[],"parameters":[],"start":1767168249999,"stop":1767168250002}],"attachments":[],"parameters":[{"name":"userId","value":"5"},{"name":"name","value":"John Updated"},{"name":"job","value":"Lead Developer"},{"name":"statusCode","value":"200"}],"start":1767168249884,"stop":1767168250002}