<!DOCTYPE html>

<html>
  <head>
  <meta charset='utf-8'>
  <title>TestNG reports</title>

    <link type="text/css" href="testng-reports1.css" rel="stylesheet" id="ultra" />
    <link type="text/css" href="testng-reports.css" rel="stylesheet" id="retro" disabled="false"/>
    <script type="text/javascript" src="jquery-3.6.0.min.js"></script>
    <script type="text/javascript" src="testng-reports.js"></script>
    <script type="text/javascript" src="https://www.google.com/jsapi"></script>
    <script type='text/javascript'>
      google.load('visualization', '1', {packages:['table']});
      google.setOnLoadCallback(drawTable);
      var suiteTableInitFunctions = new Array();
      var suiteTableData = new Array();
    </script>
    <!--
      <script type="text/javascript" src="jquery-ui/js/jquery-ui-1.8.16.custom.min.js"></script>
     -->
  </head>

  <body>    <div class="top-banner-root">
      <span class="top-banner-title-font">Test results</span>
      <button id="button" class="button">Switch Retro Theme</button> <!-- button -->
      <br/>
      <span class="top-banner-font-1">1 suite, 19 failed tests</span>
    </div> <!-- top-banner-root -->
    <div class="navigator-root">
      <div class="navigator-suite-header">
        <span>All suites</span>
        <a href="#" title="Collapse/expand all the suites" class="collapse-all-link">
          <img src="collapseall.gif" class="collapse-all-icon">
          </img> <!-- collapse-all-icon -->
        </a> <!-- collapse-all-link -->
      </div> <!-- navigator-suite-header -->
      <div class="suite">
        <div class="rounded-window">
          <div class="suite-header light-rounded-window-top">
            <a href="#" panel-name="suite-Default_suite" class="navigator-link">
              <span class="suite-name border-failed">Default suite</span>
            </a> <!-- navigator-link -->
          </div> <!-- suite-header light-rounded-window-top -->
          <div class="navigator-suite-content">
            <div class="suite-section-title">
              <span>Info</span>
            </div> <!-- suite-section-title -->
            <div class="suite-section-content">
              <ul>
                <li>
                  <a href="#" panel-name="test-xml-Default_suite" class="navigator-link ">
                    <span>C:\Users\Admin\AppData\Local\Temp\testng-eclipse--499814678\testng-customsuite.xml</span>
                  </a> <!-- navigator-link  -->
                </li>
                <li>
                  <a href="#" panel-name="testlist-Default_suite" class="navigator-link ">
                    <span class="test-stats">1 test</span>
                  </a> <!-- navigator-link  -->
                </li>
                <li>
                  <a href="#" panel-name="group-Default_suite" class="navigator-link ">
                    <span>1 group</span>
                  </a> <!-- navigator-link  -->
                </li>
                <li>
                  <a href="#" panel-name="times-Default_suite" class="navigator-link ">
                    <span>Times</span>
                  </a> <!-- navigator-link  -->
                </li>
                <li>
                  <a href="#" panel-name="reporter-Default_suite" class="navigator-link ">
                    <span>Reporter output</span>
                  </a> <!-- navigator-link  -->
                </li>
                <li>
                  <a href="#" panel-name="ignored-methods-Default_suite" class="navigator-link ">
                    <span>Ignored methods</span>
                  </a> <!-- navigator-link  -->
                </li>
                <li>
                  <a href="#" panel-name="chronological-Default_suite" class="navigator-link ">
                    <span>Chronological view</span>
                  </a> <!-- navigator-link  -->
                </li>
              </ul>
            </div> <!-- suite-section-content -->
            <div class="result-section">
              <div class="suite-section-title">
                <span>Results</span>
              </div> <!-- suite-section-title -->
              <div class="suite-section-content">
                <ul>
                  <li>
                    <span class="method-stats">19 methods, 19 failed,   </span>
                  </li>
                  <li>
                    <span class="method-list-title failed">Failed methods</span>
                    <span class="show-or-hide-methods failed">
                      <a href="#" panel-name="suite-Default_suite" class="hide-methods failed suite-Default_suite"> (hide)</a> <!-- hide-methods failed suite-Default_suite -->
                      <a href="#" panel-name="suite-Default_suite" class="show-methods failed suite-Default_suite"> (show)</a> <!-- show-methods failed suite-Default_suite -->
                    </span>
                    <div class="method-list-content failed suite-Default_suite">
                      <span>
                        <img src="failed.png" width="3%"/>
                        <a href="#" panel-name="suite-Default_suite" title="com.api.runners.TestRunner" class="method navigator-link" hash-for-method="runScenario(&quot;Read user details&quot;, &quot;API CRUD Operations with Authentication&quot;)">runScenario("Read user details", "API CRUD Operations with Authentication")</a> <!-- method navigator-link -->
                      </span>
                      <br/>
                      <span>
                        <img src="failed.png" width="3%"/>
                        <a href="#" panel-name="suite-Default_suite" title="com.api.runners.TestRunner" class="method navigator-link" hash-for-method="runScenario(&quot;Create multiple users with DataTable&quot;, &quot;Create multiple users on Reqres.in with Authentication&quot;)">runScenario("Create multiple users with DataTable", "Create multiple users on Reqres.in with Authentication")</a> <!-- method navigator-link -->
                      </span>
                      <br/>
                      <span>
                        <img src="failed.png" width="3%"/>
                        <a href="#" panel-name="suite-Default_suite" title="com.api.runners.TestRunner" class="method navigator-link" hash-for-method="runScenario(&quot;Create multiple users with DataTable&quot;, &quot;Create multiple users on Reqres.in with Authentication&quot;)">runScenario("Create multiple users with DataTable", "Create multiple users on Reqres.in with Authentication")</a> <!-- method navigator-link -->
                      </span>
                      <br/>
                      <span>
                        <img src="failed.png" width="3%"/>
                        <a href="#" panel-name="suite-Default_suite" title="com.api.runners.TestRunner" class="method navigator-link" hash-for-method="runScenario(&quot;Create multiple users with DataTable&quot;, &quot;Create multiple users on Reqres.in with Authentication&quot;)">runScenario("Create multiple users with DataTable", "Create multiple users on Reqres.in with Authentication")</a> <!-- method navigator-link -->
                      </span>
                      <br/>
                      <span>
                        <img src="failed.png" width="3%"/>
                        <a href="#" panel-name="suite-Default_suite" title="com.api.runners.TestRunner" class="method navigator-link" hash-for-method="runScenario(&quot;Validate User API responses&quot;, &quot;User API Testing with Authentication&quot;)">runScenario("Validate User API responses", "User API Testing with Authentication")</a> <!-- method navigator-link -->
                      </span>
                      <br/>
                      <span>
                        <img src="failed.png" width="3%"/>
                        <a href="#" panel-name="suite-Default_suite" title="com.api.runners.TestRunner" class="method navigator-link" hash-for-method="runScenario(&quot;Validate User API responses&quot;, &quot;User API Testing with Authentication&quot;)">runScenario("Validate User API responses", "User API Testing with Authentication")</a> <!-- method navigator-link -->
                      </span>
                      <br/>
                      <span>
                        <img src="failed.png" width="3%"/>
                        <a href="#" panel-name="suite-Default_suite" title="com.api.runners.TestRunner" class="method navigator-link" hash-for-method="runScenario(&quot;Create multiple users with DataTable&quot;, &quot;Create multiple users on Reqres.in with Authentication&quot;)">runScenario("Create multiple users with DataTable", "Create multiple users on Reqres.in with Authentication")</a> <!-- method navigator-link -->
                      </span>
                      <br/>
                      <span>
                        <img src="failed.png" width="3%"/>
                        <a href="#" panel-name="suite-Default_suite" title="com.api.runners.TestRunner" class="method navigator-link" hash-for-method="runScenario(&quot;Create multiple users with DataTable&quot;, &quot;Create multiple users on Reqres.in with Authentication&quot;)">runScenario("Create multiple users with DataTable", "Create multiple users on Reqres.in with Authentication")</a> <!-- method navigator-link -->
                      </span>
                      <br/>
                      <span>
                        <img src="failed.png" width="3%"/>
                        <a href="#" panel-name="suite-Default_suite" title="com.api.runners.TestRunner" class="method navigator-link" hash-for-method="runScenario(&quot;Validate User API responses&quot;, &quot;User API Testing with Authentication&quot;)">runScenario("Validate User API responses", "User API Testing with Authentication")</a> <!-- method navigator-link -->
                      </span>
                      <br/>
                      <span>
                        <img src="failed.png" width="3%"/>
                        <a href="#" panel-name="suite-Default_suite" title="com.api.runners.TestRunner" class="method navigator-link" hash-for-method="runScenario(&quot;Update user details&quot;, &quot;API CRUD Operations with Authentication&quot;)">runScenario("Update user details", "API CRUD Operations with Authentication")</a> <!-- method navigator-link -->
                      </span>
                      <br/>
                      <span>
                        <img src="failed.png" width="3%"/>
                        <a href="#" panel-name="suite-Default_suite" title="com.api.runners.TestRunner" class="method navigator-link" hash-for-method="runScenario(&quot;Read user details&quot;, &quot;API CRUD Operations with Authentication&quot;)">runScenario("Read user details", "API CRUD Operations with Authentication")</a> <!-- method navigator-link -->
                      </span>
                      <br/>
                      <span>
                        <img src="failed.png" width="3%"/>
                        <a href="#" panel-name="suite-Default_suite" title="com.api.runners.TestRunner" class="method navigator-link" hash-for-method="runScenario(&quot;Create a new user&quot;, &quot;API CRUD Operations with Authentication&quot;)">runScenario("Create a new user", "API CRUD Operations with Authentication")</a> <!-- method navigator-link -->
                      </span>
                      <br/>
                      <span>
                        <img src="failed.png" width="3%"/>
                        <a href="#" panel-name="suite-Default_suite" title="com.api.runners.TestRunner" class="method navigator-link" hash-for-method="runScenario(&quot;Create multiple users with DataTable&quot;, &quot;Create multiple users on Reqres.in with Authentication&quot;)">runScenario("Create multiple users with DataTable", "Create multiple users on Reqres.in with Authentication")</a> <!-- method navigator-link -->
                      </span>
                      <br/>
                      <span>
                        <img src="failed.png" width="3%"/>
                        <a href="#" panel-name="suite-Default_suite" title="com.api.runners.TestRunner" class="method navigator-link" hash-for-method="runScenario(&quot;Update user details&quot;, &quot;API CRUD Operations with Authentication&quot;)">runScenario("Update user details", "API CRUD Operations with Authentication")</a> <!-- method navigator-link -->
                      </span>
                      <br/>
                      <span>
                        <img src="failed.png" width="3%"/>
                        <a href="#" panel-name="suite-Default_suite" title="com.api.runners.TestRunner" class="method navigator-link" hash-for-method="runScenario(&quot;Delete a user&quot;, &quot;API CRUD Operations with Authentication&quot;)">runScenario("Delete a user", "API CRUD Operations with Authentication")</a> <!-- method navigator-link -->
                      </span>
                      <br/>
                      <span>
                        <img src="failed.png" width="3%"/>
                        <a href="#" panel-name="suite-Default_suite" title="com.api.runners.TestRunner" class="method navigator-link" hash-for-method="runScenario(&quot;Create multiple users with DataTable&quot;, &quot;Create multiple users on Reqres.in with Authentication&quot;)">runScenario("Create multiple users with DataTable", "Create multiple users on Reqres.in with Authentication")</a> <!-- method navigator-link -->
                      </span>
                      <br/>
                      <span>
                        <img src="failed.png" width="3%"/>
                        <a href="#" panel-name="suite-Default_suite" title="com.api.runners.TestRunner" class="method navigator-link" hash-for-method="runScenario(&quot;Create multiple users with DataTable&quot;, &quot;Create multiple users on Reqres.in with Authentication&quot;)">runScenario("Create multiple users with DataTable", "Create multiple users on Reqres.in with Authentication")</a> <!-- method navigator-link -->
                      </span>
                      <br/>
                      <span>
                        <img src="failed.png" width="3%"/>
                        <a href="#" panel-name="suite-Default_suite" title="com.api.runners.TestRunner" class="method navigator-link" hash-for-method="runScenario(&quot;Create a new user&quot;, &quot;API CRUD Operations with Authentication&quot;)">runScenario("Create a new user", "API CRUD Operations with Authentication")</a> <!-- method navigator-link -->
                      </span>
                      <br/>
                      <span>
                        <img src="failed.png" width="3%"/>
                        <a href="#" panel-name="suite-Default_suite" title="com.api.runners.TestRunner" class="method navigator-link" hash-for-method="runScenario(&quot;Delete a user&quot;, &quot;API CRUD Operations with Authentication&quot;)">runScenario("Delete a user", "API CRUD Operations with Authentication")</a> <!-- method navigator-link -->
                      </span>
                      <br/>
                    </div> <!-- method-list-content failed suite-Default_suite -->
                  </li>
                </ul>
              </div> <!-- suite-section-content -->
            </div> <!-- result-section -->
          </div> <!-- navigator-suite-content -->
        </div> <!-- rounded-window -->
      </div> <!-- suite -->
    </div> <!-- navigator-root -->
    <div class="wrapper">
      <div class="main-panel-root">
        <div panel-name="suite-Default_suite" class="panel Default_suite">
          <div class="suite-Default_suite-class-failed">
            <div class="main-panel-header rounded-window-top">
              <img src="failed.png"/>
              <span class="class-name">com.api.runners.TestRunner</span>
            </div> <!-- main-panel-header rounded-window-top -->
            <div class="main-panel-content rounded-window-bottom">
              <div class="method">
                <div class="method-content">
                  <a name="runScenario(&quot;Read user details&quot;, &quot;API CRUD Operations with Authentication&quot;)">
                  </a> <!-- runScenario("Read user details", "API CRUD Operations with Authentication") -->
                  <span class="method-name">runScenario</span>
                  <span class="parameters">("Read user details","API CRUD Operations with Authentication")</span>
                  <div class="stack-trace">java.lang.AssertionError: Expected 200 but got 403 expected [200] but found [403]
	at org.testng.Assert.fail(Assert.java:111)
	at org.testng.Assert.failNotEquals(Assert.java:1578)
	at org.testng.Assert.assertEqualsImpl(Assert.java:150)
	at org.testng.Assert.assertEquals(Assert.java:132)
	at org.testng.Assert.assertEquals(Assert.java:1419)
	at org.testng.Assert.assertEquals(Assert.java:1383)
	at com.api.stepdefinitions.CRUDOperationsSteps.validateGetResponse(CRUDOperationsSteps.java:71)
	at ✽.the service should respond with 200(file:///C:/Users/Admin/git/RestAssured_Cucumber/src/test/java/com/api/features/crudOperations.feature:20)

</div> <!-- stack-trace -->
                  <em>
(Runs Cucumber Scenarios)                  </em>
                </div> <!-- method-content -->
              </div> <!-- method -->
              <div class="method">
                <div class="method-content">
                  <a name="runScenario(&quot;Create multiple users with DataTable&quot;, &quot;Create multiple users on Reqres.in with Authentication&quot;)">
                  </a> <!-- runScenario("Create multiple users with DataTable", "Create multiple users on Reqres.in with Authentication") -->
                  <span class="method-name">runScenario</span>
                  <span class="parameters">("Create multiple users with DataTable","Create multiple users on Reqres.in with Authentication")</span>
                  <div class="stack-trace">java.lang.AssertionError: Expected status code 201 but got 403 expected [201] but found [403]
	at org.testng.Assert.fail(Assert.java:111)
	at org.testng.Assert.failNotEquals(Assert.java:1578)
	at org.testng.Assert.assertEqualsImpl(Assert.java:150)
	at org.testng.Assert.assertEquals(Assert.java:132)
	at org.testng.Assert.assertEquals(Assert.java:1419)
	at org.testng.Assert.assertEquals(Assert.java:1383)
	at com.api.stepdefinitions.CreateMultipleUsersSteps.dispatchPostCallsForUsers(CreateMultipleUsersSteps.java:44)
	at ✽.I dispatch POST calls for each user entry(file:///C:/Users/Admin/git/RestAssured_Cucumber/src/test/java/com/api/features/createMultipleUsers.feature:6)

</div> <!-- stack-trace -->
                  <em>
(Runs Cucumber Scenarios)                  </em>
                </div> <!-- method-content -->
              </div> <!-- method -->
              <div class="method">
                <div class="method-content">
                  <a name="runScenario(&quot;Create multiple users with DataTable&quot;, &quot;Create multiple users on Reqres.in with Authentication&quot;)">
                  </a> <!-- runScenario("Create multiple users with DataTable", "Create multiple users on Reqres.in with Authentication") -->
                  <span class="method-name">runScenario</span>
                  <span class="parameters">("Create multiple users with DataTable","Create multiple users on Reqres.in with Authentication")</span>
                  <div class="stack-trace">java.lang.AssertionError: Expected status code 201 but got 403 expected [201] but found [403]
	at org.testng.Assert.fail(Assert.java:111)
	at org.testng.Assert.failNotEquals(Assert.java:1578)
	at org.testng.Assert.assertEqualsImpl(Assert.java:150)
	at org.testng.Assert.assertEquals(Assert.java:132)
	at org.testng.Assert.assertEquals(Assert.java:1419)
	at org.testng.Assert.assertEquals(Assert.java:1383)
	at com.api.stepdefinitions.CreateMultipleUsersSteps.dispatchPostCallsForUsers(CreateMultipleUsersSteps.java:44)
	at ✽.I dispatch POST calls for each user entry(file:///C:/Users/Admin/git/RestAssured_Cucumber/src/test/java/com/api/features/createMultipleUsers.feature:6)

</div> <!-- stack-trace -->
                  <em>
(Runs Cucumber Scenarios)                  </em>
                </div> <!-- method-content -->
              </div> <!-- method -->
              <div class="method">
                <div class="method-content">
                  <a name="runScenario(&quot;Create multiple users with DataTable&quot;, &quot;Create multiple users on Reqres.in with Authentication&quot;)">
                  </a> <!-- runScenario("Create multiple users with DataTable", "Create multiple users on Reqres.in with Authentication") -->
                  <span class="method-name">runScenario</span>
                  <span class="parameters">("Create multiple users with DataTable","Create multiple users on Reqres.in with Authentication")</span>
                  <div class="stack-trace">java.lang.AssertionError: Expected status code 201 but got 403 expected [201] but found [403]
	at org.testng.Assert.fail(Assert.java:111)
	at org.testng.Assert.failNotEquals(Assert.java:1578)
	at org.testng.Assert.assertEqualsImpl(Assert.java:150)
	at org.testng.Assert.assertEquals(Assert.java:132)
	at org.testng.Assert.assertEquals(Assert.java:1419)
	at org.testng.Assert.assertEquals(Assert.java:1383)
	at com.api.stepdefinitions.CreateMultipleUsersSteps.dispatchPostCallsForUsers(CreateMultipleUsersSteps.java:44)
	at ✽.I dispatch POST calls for each user entry(file:///C:/Users/Admin/git/RestAssured_Cucumber/src/test/java/com/api/features/createMultipleUsers.feature:6)

</div> <!-- stack-trace -->
                  <em>
(Runs Cucumber Scenarios)                  </em>
                </div> <!-- method-content -->
              </div> <!-- method -->
              <div class="method">
                <div class="method-content">
                  <a name="runScenario(&quot;Validate User API responses&quot;, &quot;User API Testing with Authentication&quot;)">
                  </a> <!-- runScenario("Validate User API responses", "User API Testing with Authentication") -->
                  <span class="method-name">runScenario</span>
                  <span class="parameters">("Validate User API responses","User API Testing with Authentication")</span>
                  <div class="stack-trace">java.lang.AssertionError: Expected status code 200 but got 403 expected [200] but found [403]
	at org.testng.Assert.fail(Assert.java:111)
	at org.testng.Assert.failNotEquals(Assert.java:1578)
	at org.testng.Assert.assertEqualsImpl(Assert.java:150)
	at org.testng.Assert.assertEquals(Assert.java:132)
	at org.testng.Assert.assertEquals(Assert.java:1419)
	at org.testng.Assert.assertEquals(Assert.java:1383)
	at com.api.stepdefinitions.GetUserSteps.validateUserStatusCode(GetUserSteps.java:47)
	at ✽.the system should deliver 200 as the status(file:///C:/Users/Admin/git/RestAssured_Cucumber/src/test/java/com/api/features/GetUser.feature:7)

</div> <!-- stack-trace -->
                  <em>
(Runs Cucumber Scenarios)                  </em>
                </div> <!-- method-content -->
              </div> <!-- method -->
              <div class="method">
                <div class="method-content">
                  <a name="runScenario(&quot;Validate User API responses&quot;, &quot;User API Testing with Authentication&quot;)">
                  </a> <!-- runScenario("Validate User API responses", "User API Testing with Authentication") -->
                  <span class="method-name">runScenario</span>
                  <span class="parameters">("Validate User API responses","User API Testing with Authentication")</span>
                  <div class="stack-trace">java.lang.AssertionError: Expected status code 200 but got 403 expected [200] but found [403]
	at org.testng.Assert.fail(Assert.java:111)
	at org.testng.Assert.failNotEquals(Assert.java:1578)
	at org.testng.Assert.assertEqualsImpl(Assert.java:150)
	at org.testng.Assert.assertEquals(Assert.java:132)
	at org.testng.Assert.assertEquals(Assert.java:1419)
	at org.testng.Assert.assertEquals(Assert.java:1383)
	at com.api.stepdefinitions.GetUserSteps.validateUserStatusCode(GetUserSteps.java:47)
	at ✽.the system should deliver 200 as the status(file:///C:/Users/Admin/git/RestAssured_Cucumber/src/test/java/com/api/features/GetUser.feature:7)

</div> <!-- stack-trace -->
                  <em>
(Runs Cucumber Scenarios)                  </em>
                </div> <!-- method-content -->
              </div> <!-- method -->
              <div class="method">
                <div class="method-content">
                  <a name="runScenario(&quot;Create multiple users with DataTable&quot;, &quot;Create multiple users on Reqres.in with Authentication&quot;)">
                  </a> <!-- runScenario("Create multiple users with DataTable", "Create multiple users on Reqres.in with Authentication") -->
                  <span class="method-name">runScenario</span>
                  <span class="parameters">("Create multiple users with DataTable","Create multiple users on Reqres.in with Authentication")</span>
                  <div class="stack-trace">java.lang.AssertionError: Expected status code 201 but got 403 expected [201] but found [403]
	at org.testng.Assert.fail(Assert.java:111)
	at org.testng.Assert.failNotEquals(Assert.java:1578)
	at org.testng.Assert.assertEqualsImpl(Assert.java:150)
	at org.testng.Assert.assertEquals(Assert.java:132)
	at org.testng.Assert.assertEquals(Assert.java:1419)
	at org.testng.Assert.assertEquals(Assert.java:1383)
	at com.api.stepdefinitions.CreateMultipleUsersSteps.dispatchPostCallsForUsers(CreateMultipleUsersSteps.java:44)
	at ✽.I dispatch POST calls for each user entry(file:///C:/Users/Admin/git/RestAssured_Cucumber/src/test/java/com/api/features/createMultipleUsers.feature:6)

</div> <!-- stack-trace -->
                  <em>
(Runs Cucumber Scenarios)                  </em>
                </div> <!-- method-content -->
              </div> <!-- method -->
              <div class="method">
                <div class="method-content">
                  <a name="runScenario(&quot;Create multiple users with DataTable&quot;, &quot;Create multiple users on Reqres.in with Authentication&quot;)">
                  </a> <!-- runScenario("Create multiple users with DataTable", "Create multiple users on Reqres.in with Authentication") -->
                  <span class="method-name">runScenario</span>
                  <span class="parameters">("Create multiple users with DataTable","Create multiple users on Reqres.in with Authentication")</span>
                  <div class="stack-trace">java.lang.AssertionError: Expected status code 201 but got 403 expected [201] but found [403]
	at org.testng.Assert.fail(Assert.java:111)
	at org.testng.Assert.failNotEquals(Assert.java:1578)
	at org.testng.Assert.assertEqualsImpl(Assert.java:150)
	at org.testng.Assert.assertEquals(Assert.java:132)
	at org.testng.Assert.assertEquals(Assert.java:1419)
	at org.testng.Assert.assertEquals(Assert.java:1383)
	at com.api.stepdefinitions.CreateMultipleUsersSteps.dispatchPostCallsForUsers(CreateMultipleUsersSteps.java:44)
	at ✽.I dispatch POST calls for each user entry(file:///C:/Users/Admin/git/RestAssured_Cucumber/src/test/java/com/api/features/createMultipleUsers.feature:6)

</div> <!-- stack-trace -->
                  <em>
(Runs Cucumber Scenarios)                  </em>
                </div> <!-- method-content -->
              </div> <!-- method -->
              <div class="method">
                <div class="method-content">
                  <a name="runScenario(&quot;Validate User API responses&quot;, &quot;User API Testing with Authentication&quot;)">
                  </a> <!-- runScenario("Validate User API responses", "User API Testing with Authentication") -->
                  <span class="method-name">runScenario</span>
                  <span class="parameters">("Validate User API responses","User API Testing with Authentication")</span>
                  <div class="stack-trace">java.lang.AssertionError: Expected status code 200 but got 403 expected [200] but found [403]
	at org.testng.Assert.fail(Assert.java:111)
	at org.testng.Assert.failNotEquals(Assert.java:1578)
	at org.testng.Assert.assertEqualsImpl(Assert.java:150)
	at org.testng.Assert.assertEquals(Assert.java:132)
	at org.testng.Assert.assertEquals(Assert.java:1419)
	at org.testng.Assert.assertEquals(Assert.java:1383)
	at com.api.stepdefinitions.GetUserSteps.validateUserStatusCode(GetUserSteps.java:47)
	at ✽.the system should deliver 200 as the status(file:///C:/Users/Admin/git/RestAssured_Cucumber/src/test/java/com/api/features/GetUser.feature:7)

</div> <!-- stack-trace -->
                  <em>
(Runs Cucumber Scenarios)                  </em>
                </div> <!-- method-content -->
              </div> <!-- method -->
              <div class="method">
                <div class="method-content">
                  <a name="runScenario(&quot;Update user details&quot;, &quot;API CRUD Operations with Authentication&quot;)">
                  </a> <!-- runScenario("Update user details", "API CRUD Operations with Authentication") -->
                  <span class="method-name">runScenario</span>
                  <span class="parameters">("Update user details","API CRUD Operations with Authentication")</span>
                  <div class="stack-trace">java.lang.AssertionError: Expected 200 but got 403 expected [200] but found [403]
	at org.testng.Assert.fail(Assert.java:111)
	at org.testng.Assert.failNotEquals(Assert.java:1578)
	at org.testng.Assert.assertEqualsImpl(Assert.java:150)
	at org.testng.Assert.assertEquals(Assert.java:132)
	at org.testng.Assert.assertEquals(Assert.java:1419)
	at org.testng.Assert.assertEquals(Assert.java:1383)
	at com.api.stepdefinitions.CRUDOperationsSteps.validatePutResponse(CRUDOperationsSteps.java:101)
	at ✽.the service should acknowledge with 200(file:///C:/Users/Admin/git/RestAssured_Cucumber/src/test/java/com/api/features/crudOperations.feature:33)

</div> <!-- stack-trace -->
                  <em>
(Runs Cucumber Scenarios)                  </em>
                </div> <!-- method-content -->
              </div> <!-- method -->
              <div class="method">
                <div class="method-content">
                  <a name="runScenario(&quot;Read user details&quot;, &quot;API CRUD Operations with Authentication&quot;)">
                  </a> <!-- runScenario("Read user details", "API CRUD Operations with Authentication") -->
                  <span class="method-name">runScenario</span>
                  <span class="parameters">("Read user details","API CRUD Operations with Authentication")</span>
                  <div class="stack-trace">java.lang.AssertionError: Expected 200 but got 403 expected [200] but found [403]
	at org.testng.Assert.fail(Assert.java:111)
	at org.testng.Assert.failNotEquals(Assert.java:1578)
	at org.testng.Assert.assertEqualsImpl(Assert.java:150)
	at org.testng.Assert.assertEquals(Assert.java:132)
	at org.testng.Assert.assertEquals(Assert.java:1419)
	at org.testng.Assert.assertEquals(Assert.java:1383)
	at com.api.stepdefinitions.CRUDOperationsSteps.validateGetResponse(CRUDOperationsSteps.java:71)
	at ✽.the service should respond with 200(file:///C:/Users/Admin/git/RestAssured_Cucumber/src/test/java/com/api/features/crudOperations.feature:20)

</div> <!-- stack-trace -->
                  <em>
(Runs Cucumber Scenarios)                  </em>
                </div> <!-- method-content -->
              </div> <!-- method -->
              <div class="method">
                <div class="method-content">
                  <a name="runScenario(&quot;Create a new user&quot;, &quot;API CRUD Operations with Authentication&quot;)">
                  </a> <!-- runScenario("Create a new user", "API CRUD Operations with Authentication") -->
                  <span class="method-name">runScenario</span>
                  <span class="parameters">("Create a new user","API CRUD Operations with Authentication")</span>
                  <div class="stack-trace">java.lang.AssertionError: Expected 201 but got 403 expected [201] but found [403]
	at org.testng.Assert.fail(Assert.java:111)
	at org.testng.Assert.failNotEquals(Assert.java:1578)
	at org.testng.Assert.assertEqualsImpl(Assert.java:150)
	at org.testng.Assert.assertEquals(Assert.java:132)
	at org.testng.Assert.assertEquals(Assert.java:1419)
	at org.testng.Assert.assertEquals(Assert.java:1383)
	at com.api.stepdefinitions.CRUDOperationsSteps.validatePostOutcome(CRUDOperationsSteps.java:44)
	at ✽.the service should return 201 as the outcome(file:///C:/Users/Admin/git/RestAssured_Cucumber/src/test/java/com/api/features/crudOperations.feature:9)

</div> <!-- stack-trace -->
                  <em>
(Runs Cucumber Scenarios)                  </em>
                </div> <!-- method-content -->
              </div> <!-- method -->
              <div class="method">
                <div class="method-content">
                  <a name="runScenario(&quot;Create multiple users with DataTable&quot;, &quot;Create multiple users on Reqres.in with Authentication&quot;)">
                  </a> <!-- runScenario("Create multiple users with DataTable", "Create multiple users on Reqres.in with Authentication") -->
                  <span class="method-name">runScenario</span>
                  <span class="parameters">("Create multiple users with DataTable","Create multiple users on Reqres.in with Authentication")</span>
                  <div class="stack-trace">java.lang.AssertionError: Expected status code 201 but got 403 expected [201] but found [403]
	at org.testng.Assert.fail(Assert.java:111)
	at org.testng.Assert.failNotEquals(Assert.java:1578)
	at org.testng.Assert.assertEqualsImpl(Assert.java:150)
	at org.testng.Assert.assertEquals(Assert.java:132)
	at org.testng.Assert.assertEquals(Assert.java:1419)
	at org.testng.Assert.assertEquals(Assert.java:1383)
	at com.api.stepdefinitions.CreateMultipleUsersSteps.dispatchPostCallsForUsers(CreateMultipleUsersSteps.java:44)
	at ✽.I dispatch POST calls for each user entry(file:///C:/Users/Admin/git/RestAssured_Cucumber/src/test/java/com/api/features/createMultipleUsers.feature:6)

</div> <!-- stack-trace -->
                  <em>
(Runs Cucumber Scenarios)                  </em>
                </div> <!-- method-content -->
              </div> <!-- method -->
              <div class="method">
                <div class="method-content">
                  <a name="runScenario(&quot;Update user details&quot;, &quot;API CRUD Operations with Authentication&quot;)">
                  </a> <!-- runScenario("Update user details", "API CRUD Operations with Authentication") -->
                  <span class="method-name">runScenario</span>
                  <span class="parameters">("Update user details","API CRUD Operations with Authentication")</span>
                  <div class="stack-trace">java.lang.AssertionError: Expected 200 but got 403 expected [200] but found [403]
	at org.testng.Assert.fail(Assert.java:111)
	at org.testng.Assert.failNotEquals(Assert.java:1578)
	at org.testng.Assert.assertEqualsImpl(Assert.java:150)
	at org.testng.Assert.assertEquals(Assert.java:132)
	at org.testng.Assert.assertEquals(Assert.java:1419)
	at org.testng.Assert.assertEquals(Assert.java:1383)
	at com.api.stepdefinitions.CRUDOperationsSteps.validatePutResponse(CRUDOperationsSteps.java:101)
	at ✽.the service should acknowledge with 200(file:///C:/Users/Admin/git/RestAssured_Cucumber/src/test/java/com/api/features/crudOperations.feature:33)

</div> <!-- stack-trace -->
                  <em>
(Runs Cucumber Scenarios)                  </em>
                </div> <!-- method-content -->
              </div> <!-- method -->
              <div class="method">
                <div class="method-content">
                  <a name="runScenario(&quot;Delete a user&quot;, &quot;API CRUD Operations with Authentication&quot;)">
                  </a> <!-- runScenario("Delete a user", "API CRUD Operations with Authentication") -->
                  <span class="method-name">runScenario</span>
                  <span class="parameters">("Delete a user","API CRUD Operations with Authentication")</span>
                  <div class="stack-trace">java.lang.AssertionError: Expected 204 but got 403 expected [204] but found [403]
	at org.testng.Assert.fail(Assert.java:111)
	at org.testng.Assert.failNotEquals(Assert.java:1578)
	at org.testng.Assert.assertEqualsImpl(Assert.java:150)
	at org.testng.Assert.assertEquals(Assert.java:132)
	at org.testng.Assert.assertEquals(Assert.java:1419)
	at org.testng.Assert.assertEquals(Assert.java:1383)
	at com.api.stepdefinitions.CRUDOperationsSteps.validateDeleteResponse(CRUDOperationsSteps.java:128)
	at ✽.the service should confirm with 204(file:///C:/Users/Admin/git/RestAssured_Cucumber/src/test/java/com/api/features/crudOperations.feature:44)

</div> <!-- stack-trace -->
                  <em>
(Runs Cucumber Scenarios)                  </em>
                </div> <!-- method-content -->
              </div> <!-- method -->
              <div class="method">
                <div class="method-content">
                  <a name="runScenario(&quot;Create multiple users with DataTable&quot;, &quot;Create multiple users on Reqres.in with Authentication&quot;)">
                  </a> <!-- runScenario("Create multiple users with DataTable", "Create multiple users on Reqres.in with Authentication") -->
                  <span class="method-name">runScenario</span>
                  <span class="parameters">("Create multiple users with DataTable","Create multiple users on Reqres.in with Authentication")</span>
                  <div class="stack-trace">java.lang.AssertionError: Expected status code 201 but got 403 expected [201] but found [403]
	at org.testng.Assert.fail(Assert.java:111)
	at org.testng.Assert.failNotEquals(Assert.java:1578)
	at org.testng.Assert.assertEqualsImpl(Assert.java:150)
	at org.testng.Assert.assertEquals(Assert.java:132)
	at org.testng.Assert.assertEquals(Assert.java:1419)
	at org.testng.Assert.assertEquals(Assert.java:1383)
	at com.api.stepdefinitions.CreateMultipleUsersSteps.dispatchPostCallsForUsers(CreateMultipleUsersSteps.java:44)
	at ✽.I dispatch POST calls for each user entry(file:///C:/Users/Admin/git/RestAssured_Cucumber/src/test/java/com/api/features/createMultipleUsers.feature:6)

</div> <!-- stack-trace -->
                  <em>
(Runs Cucumber Scenarios)                  </em>
                </div> <!-- method-content -->
              </div> <!-- method -->
              <div class="method">
                <div class="method-content">
                  <a name="runScenario(&quot;Create multiple users with DataTable&quot;, &quot;Create multiple users on Reqres.in with Authentication&quot;)">
                  </a> <!-- runScenario("Create multiple users with DataTable", "Create multiple users on Reqres.in with Authentication") -->
                  <span class="method-name">runScenario</span>
                  <span class="parameters">("Create multiple users with DataTable","Create multiple users on Reqres.in with Authentication")</span>
                  <div class="stack-trace">java.lang.AssertionError: Expected status code 201 but got 403 expected [201] but found [403]
	at org.testng.Assert.fail(Assert.java:111)
	at org.testng.Assert.failNotEquals(Assert.java:1578)
	at org.testng.Assert.assertEqualsImpl(Assert.java:150)
	at org.testng.Assert.assertEquals(Assert.java:132)
	at org.testng.Assert.assertEquals(Assert.java:1419)
	at org.testng.Assert.assertEquals(Assert.java:1383)
	at com.api.stepdefinitions.CreateMultipleUsersSteps.dispatchPostCallsForUsers(CreateMultipleUsersSteps.java:44)
	at ✽.I dispatch POST calls for each user entry(file:///C:/Users/Admin/git/RestAssured_Cucumber/src/test/java/com/api/features/createMultipleUsers.feature:6)

</div> <!-- stack-trace -->
                  <em>
(Runs Cucumber Scenarios)                  </em>
                </div> <!-- method-content -->
              </div> <!-- method -->
              <div class="method">
                <div class="method-content">
                  <a name="runScenario(&quot;Create a new user&quot;, &quot;API CRUD Operations with Authentication&quot;)">
                  </a> <!-- runScenario("Create a new user", "API CRUD Operations with Authentication") -->
                  <span class="method-name">runScenario</span>
                  <span class="parameters">("Create a new user","API CRUD Operations with Authentication")</span>
                  <div class="stack-trace">java.lang.AssertionError: Expected 201 but got 403 expected [201] but found [403]
	at org.testng.Assert.fail(Assert.java:111)
	at org.testng.Assert.failNotEquals(Assert.java:1578)
	at org.testng.Assert.assertEqualsImpl(Assert.java:150)
	at org.testng.Assert.assertEquals(Assert.java:132)
	at org.testng.Assert.assertEquals(Assert.java:1419)
	at org.testng.Assert.assertEquals(Assert.java:1383)
	at com.api.stepdefinitions.CRUDOperationsSteps.validatePostOutcome(CRUDOperationsSteps.java:44)
	at ✽.the service should return 201 as the outcome(file:///C:/Users/Admin/git/RestAssured_Cucumber/src/test/java/com/api/features/crudOperations.feature:9)

</div> <!-- stack-trace -->
                  <em>
(Runs Cucumber Scenarios)                  </em>
                </div> <!-- method-content -->
              </div> <!-- method -->
              <div class="method">
                <div class="method-content">
                  <a name="runScenario(&quot;Delete a user&quot;, &quot;API CRUD Operations with Authentication&quot;)">
                  </a> <!-- runScenario("Delete a user", "API CRUD Operations with Authentication") -->
                  <span class="method-name">runScenario</span>
                  <span class="parameters">("Delete a user","API CRUD Operations with Authentication")</span>
                  <div class="stack-trace">java.lang.AssertionError: Expected 204 but got 403 expected [204] but found [403]
	at org.testng.Assert.fail(Assert.java:111)
	at org.testng.Assert.failNotEquals(Assert.java:1578)
	at org.testng.Assert.assertEqualsImpl(Assert.java:150)
	at org.testng.Assert.assertEquals(Assert.java:132)
	at org.testng.Assert.assertEquals(Assert.java:1419)
	at org.testng.Assert.assertEquals(Assert.java:1383)
	at com.api.stepdefinitions.CRUDOperationsSteps.validateDeleteResponse(CRUDOperationsSteps.java:128)
	at ✽.the service should confirm with 204(file:///C:/Users/Admin/git/RestAssured_Cucumber/src/test/java/com/api/features/crudOperations.feature:44)

</div> <!-- stack-trace -->
                  <em>
(Runs Cucumber Scenarios)                  </em>
                </div> <!-- method-content -->
              </div> <!-- method -->
            </div> <!-- main-panel-content rounded-window-bottom -->
          </div> <!-- suite-Default_suite-class-failed -->
        </div> <!-- panel Default_suite -->
        <div panel-name="test-xml-Default_suite" class="panel">
          <div class="main-panel-header rounded-window-top">
            <span class="header-content">C:\Users\Admin\AppData\Local\Temp\testng-eclipse--499814678\testng-customsuite.xml</span>
          </div> <!-- main-panel-header rounded-window-top -->
          <div class="main-panel-content rounded-window-bottom">
            <pre>
&lt;?xml version=&quot;1.0&quot; encoding=&quot;UTF-8&quot;?&gt;
&lt;!DOCTYPE suite SYSTEM &quot;https://testng.org/testng-1.0.dtd&quot;&gt;
&lt;suite name=&quot;Default suite&quot; guice-stage=&quot;DEVELOPMENT&quot;&gt;
  &lt;test thread-count=&quot;5&quot; name=&quot;Default test&quot; verbose=&quot;2&quot;&gt;
    &lt;classes&gt;
      &lt;class name=&quot;com.api.runners.TestRunner&quot;/&gt;
    &lt;/classes&gt;
  &lt;/test&gt; &lt;!-- Default test --&gt;
&lt;/suite&gt; &lt;!-- Default suite --&gt;
            </pre>
          </div> <!-- main-panel-content rounded-window-bottom -->
        </div> <!-- panel -->
        <div panel-name="testlist-Default_suite" class="panel">
          <div class="main-panel-header rounded-window-top">
            <span class="header-content">Tests for Default suite</span>
          </div> <!-- main-panel-header rounded-window-top -->
          <div class="main-panel-content rounded-window-bottom">
            <ul>
              <li>
                <span class="test-name">Default test (1 class)</span>
              </li>
            </ul>
          </div> <!-- main-panel-content rounded-window-bottom -->
        </div> <!-- panel -->
        <div panel-name="group-Default_suite" class="panel">
          <div class="main-panel-header rounded-window-top">
            <span class="header-content">Groups for Default suite</span>
          </div> <!-- main-panel-header rounded-window-top -->
          <div class="main-panel-content rounded-window-bottom">
            <div class="test-group">
              <span class="test-group-name">cucumber</span>
              <br/>
              <div class="method-in-group">
                <span class="method-in-group-name">runScenario</span>
                <br/>
              </div> <!-- method-in-group -->
            </div> <!-- test-group -->
          </div> <!-- main-panel-content rounded-window-bottom -->
        </div> <!-- panel -->
        <div panel-name="times-Default_suite" class="panel">
          <div class="main-panel-header rounded-window-top">
            <span class="header-content">Times for Default suite</span>
          </div> <!-- main-panel-header rounded-window-top -->
          <div class="main-panel-content rounded-window-bottom">
            <div class="times-div">
              <script type="text/javascript">
suiteTableInitFunctions.push('tableData_Default_suite');
function tableData_Default_suite() {
var data = new google.visualization.DataTable();
data.addColumn('number', 'Number');
data.addColumn('string', 'Method');
data.addColumn('string', 'Class');
data.addColumn('number', 'Time (ms)');
data.addRows(19);
data.setCell(0, 0, 0)
data.setCell(0, 1, 'runScenario')
data.setCell(0, 2, 'com.api.runners.TestRunner')
data.setCell(0, 3, 5934);
data.setCell(1, 0, 1)
data.setCell(1, 1, 'runScenario')
data.setCell(1, 2, 'com.api.runners.TestRunner')
data.setCell(1, 3, 5387);
data.setCell(2, 0, 2)
data.setCell(2, 1, 'runScenario')
data.setCell(2, 2, 'com.api.runners.TestRunner')
data.setCell(2, 3, 5379);
data.setCell(3, 0, 3)
data.setCell(3, 1, 'runScenario')
data.setCell(3, 2, 'com.api.runners.TestRunner')
data.setCell(3, 3, 5371);
data.setCell(4, 0, 4)
data.setCell(4, 1, 'runScenario')
data.setCell(4, 2, 'com.api.runners.TestRunner')
data.setCell(4, 3, 5367);
data.setCell(5, 0, 5)
data.setCell(5, 1, 'runScenario')
data.setCell(5, 2, 'com.api.runners.TestRunner')
data.setCell(5, 3, 5366);
data.setCell(6, 0, 6)
data.setCell(6, 1, 'runScenario')
data.setCell(6, 2, 'com.api.runners.TestRunner')
data.setCell(6, 3, 5363);
data.setCell(7, 0, 7)
data.setCell(7, 1, 'runScenario')
data.setCell(7, 2, 'com.api.runners.TestRunner')
data.setCell(7, 3, 5357);
data.setCell(8, 0, 8)
data.setCell(8, 1, 'runScenario')
data.setCell(8, 2, 'com.api.runners.TestRunner')
data.setCell(8, 3, 5352);
data.setCell(9, 0, 9)
data.setCell(9, 1, 'runScenario')
data.setCell(9, 2, 'com.api.runners.TestRunner')
data.setCell(9, 3, 5349);
data.setCell(10, 0, 10)
data.setCell(10, 1, 'runScenario')
data.setCell(10, 2, 'com.api.runners.TestRunner')
data.setCell(10, 3, 4456);
data.setCell(11, 0, 11)
data.setCell(11, 1, 'runScenario')
data.setCell(11, 2, 'com.api.runners.TestRunner')
data.setCell(11, 3, 3429);
data.setCell(12, 0, 12)
data.setCell(12, 1, 'runScenario')
data.setCell(12, 2, 'com.api.runners.TestRunner')
data.setCell(12, 3, 3411);
data.setCell(13, 0, 13)
data.setCell(13, 1, 'runScenario')
data.setCell(13, 2, 'com.api.runners.TestRunner')
data.setCell(13, 3, 3401);
data.setCell(14, 0, 14)
data.setCell(14, 1, 'runScenario')
data.setCell(14, 2, 'com.api.runners.TestRunner')
data.setCell(14, 3, 3398);
data.setCell(15, 0, 15)
data.setCell(15, 1, 'runScenario')
data.setCell(15, 2, 'com.api.runners.TestRunner')
data.setCell(15, 3, 3368);
data.setCell(16, 0, 16)
data.setCell(16, 1, 'runScenario')
data.setCell(16, 2, 'com.api.runners.TestRunner')
data.setCell(16, 3, 3361);
data.setCell(17, 0, 17)
data.setCell(17, 1, 'runScenario')
data.setCell(17, 2, 'com.api.runners.TestRunner')
data.setCell(17, 3, 3359);
data.setCell(18, 0, 18)
data.setCell(18, 1, 'runScenario')
data.setCell(18, 2, 'com.api.runners.TestRunner')
data.setCell(18, 3, 3342);
window.suiteTableData['Default_suite']= { tableData: data, tableDiv: 'times-div-Default_suite'}
return data;
}
              </script>
              <span class="suite-total-time">Total running time: 1 minutes</span>
              <div id="times-div-Default_suite">
              </div> <!-- times-div-Default_suite -->
            </div> <!-- times-div -->
          </div> <!-- main-panel-content rounded-window-bottom -->
        </div> <!-- panel -->
        <div panel-name="reporter-Default_suite" class="panel">
          <div class="main-panel-header rounded-window-top">
            <span class="header-content">Reporter output for Default suite</span>
          </div> <!-- main-panel-header rounded-window-top -->
          <div class="main-panel-content rounded-window-bottom">
          </div> <!-- main-panel-content rounded-window-bottom -->
        </div> <!-- panel -->
        <div panel-name="ignored-methods-Default_suite" class="panel">
          <div class="main-panel-header rounded-window-top">
            <span class="header-content">0 ignored methods</span>
          </div> <!-- main-panel-header rounded-window-top -->
          <div class="main-panel-content rounded-window-bottom">
          </div> <!-- main-panel-content rounded-window-bottom -->
        </div> <!-- panel -->
        <div panel-name="chronological-Default_suite" class="panel">
          <div class="main-panel-header rounded-window-top">
            <span class="header-content">Methods in chronological order</span>
          </div> <!-- main-panel-header rounded-window-top -->
          <div class="main-panel-content rounded-window-bottom">
            <div class="chronological-class">
              <div class="chronological-class-name">com.api.runners.TestRunner</div> <!-- chronological-class-name -->
              <div class="configuration-class before">
                <span class="method-name">setUpClass(org.testng.TestRunner@38548b19)</span>
                <span class="method-start">0 ms</span>
              </div> <!-- configuration-class before -->
              <div class="test-method">
                <img src="failed.png">
                </img>
                <span class="method-name">runScenario("Create multiple users with DataTable", "Create multiple users on Reqres.in with Authentication")</span>
                <span class="method-start">207 ms</span>
              </div> <!-- test-method -->
              <div class="test-method">
                <img src="failed.png">
                </img>
                <span class="method-name">runScenario("Create multiple users with DataTable", "Create multiple users on Reqres.in with Authentication")</span>
                <span class="method-start">207 ms</span>
              </div> <!-- test-method -->
              <div class="test-method">
                <img src="failed.png">
                </img>
                <span class="method-name">runScenario("Validate User API responses", "User API Testing with Authentication")</span>
                <span class="method-start">207 ms</span>
              </div> <!-- test-method -->
              <div class="test-method">
                <img src="failed.png">
                </img>
                <span class="method-name">runScenario("Create multiple users with DataTable", "Create multiple users on Reqres.in with Authentication")</span>
                <span class="method-start">207 ms</span>
              </div> <!-- test-method -->
              <div class="test-method">
                <img src="failed.png">
                </img>
                <span class="method-name">runScenario("Create multiple users with DataTable", "Create multiple users on Reqres.in with Authentication")</span>
                <span class="method-start">207 ms</span>
              </div> <!-- test-method -->
              <div class="test-method">
                <img src="failed.png">
                </img>
                <span class="method-name">runScenario("Create multiple users with DataTable", "Create multiple users on Reqres.in with Authentication")</span>
                <span class="method-start">208 ms</span>
              </div> <!-- test-method -->
              <div class="test-method">
                <img src="failed.png">
                </img>
                <span class="method-name">runScenario("Create multiple users with DataTable", "Create multiple users on Reqres.in with Authentication")</span>
                <span class="method-start">208 ms</span>
              </div> <!-- test-method -->
              <div class="test-method">
                <img src="failed.png">
                </img>
                <span class="method-name">runScenario("Validate User API responses", "User API Testing with Authentication")</span>
                <span class="method-start">208 ms</span>
              </div> <!-- test-method -->
              <div class="test-method">
                <img src="failed.png">
                </img>
                <span class="method-name">runScenario("Validate User API responses", "User API Testing with Authentication")</span>
                <span class="method-start">208 ms</span>
              </div> <!-- test-method -->
              <div class="test-method">
                <img src="failed.png">
                </img>
                <span class="method-name">runScenario("Create multiple users with DataTable", "Create multiple users on Reqres.in with Authentication")</span>
                <span class="method-start">208 ms</span>
              </div> <!-- test-method -->
              <div class="test-method">
                <img src="failed.png">
                </img>
                <span class="method-name">runScenario("Create multiple users with DataTable", "Create multiple users on Reqres.in with Authentication")</span>
                <span class="method-start">5562 ms</span>
              </div> <!-- test-method -->
              <div class="test-method">
                <img src="failed.png">
                </img>
                <span class="method-name">runScenario("Create a new user", "API CRUD Operations with Authentication")</span>
                <span class="method-start">5562 ms</span>
              </div> <!-- test-method -->
              <div class="test-method">
                <img src="failed.png">
                </img>
                <span class="method-name">runScenario("Create a new user", "API CRUD Operations with Authentication")</span>
                <span class="method-start">5565 ms</span>
              </div> <!-- test-method -->
              <div class="test-method">
                <img src="failed.png">
                </img>
                <span class="method-name">runScenario("Read user details", "API CRUD Operations with Authentication")</span>
                <span class="method-start">5573 ms</span>
              </div> <!-- test-method -->
              <div class="test-method">
                <img src="failed.png">
                </img>
                <span class="method-name">runScenario("Read user details", "API CRUD Operations with Authentication")</span>
                <span class="method-start">5576 ms</span>
              </div> <!-- test-method -->
              <div class="test-method">
                <img src="failed.png">
                </img>
                <span class="method-name">runScenario("Update user details", "API CRUD Operations with Authentication")</span>
                <span class="method-start">5579 ms</span>
              </div> <!-- test-method -->
              <div class="test-method">
                <img src="failed.png">
                </img>
                <span class="method-name">runScenario("Update user details", "API CRUD Operations with Authentication")</span>
                <span class="method-start">5580 ms</span>
              </div> <!-- test-method -->
              <div class="test-method">
                <img src="failed.png">
                </img>
                <span class="method-name">runScenario("Delete a user", "API CRUD Operations with Authentication")</span>
                <span class="method-start">5590 ms</span>
              </div> <!-- test-method -->
              <div class="test-method">
                <img src="failed.png">
                </img>
                <span class="method-name">runScenario("Delete a user", "API CRUD Operations with Authentication")</span>
                <span class="method-start">5596 ms</span>
              </div> <!-- test-method -->
              <div class="configuration-class after">
                <span class="method-name">tearDownClass</span>
                <span class="method-start">10038 ms</span>
              </div> <!-- configuration-class after -->
          </div> <!-- main-panel-content rounded-window-bottom -->
        </div> <!-- panel -->
      </div> <!-- main-panel-root -->
    </div> <!-- wrapper -->
  </body>
<script type="text/javascript" src="testng-reports2.js"></script>
</html>
