<?xml version="1.0" encoding="UTF-8"?>
<testng-results ignored="0" total="16" passed="1" failed="15" skipped="0">
  <reporter-output>
  </reporter-output>
  <suite started-at="2025-12-31T14:20:34 IST" name="Default suite" finished-at="2025-12-31T14:20:38 IST" duration-ms="4574">
    <groups>
      <group name="cucumber">
        <method signature="AbstractTestNGCucumberTests.runScenario(io.cucumber.testng.PickleWrapper,io.cucumber.testng.FeatureWrapper)[pri:0, instance:com.api.runners.TestRunner@38145825]" name="runScenario" class="io.cucumber.testng.AbstractTestNGCucumberTests"/>
      </group> <!-- cucumber -->
    </groups>
    <test started-at="2025-12-31T14:20:34 IST" name="Default test" finished-at="2025-12-31T14:20:38 IST" duration-ms="4574">
      <class name="com.api.runners.TestRunner">
        <test-method is-config="true" signature="setUpClass(org.testng.ITestContext)[pri:0, instance:com.api.runners.TestRunner@38145825]" started-at="2025-12-31T14:20:34 IST" name="setUpClass" finished-at="2025-12-31T14:20:34 IST" duration-ms="269" status="PASS">
          <params>
            <param index="0">
              <value>
                <![CDATA[org.testng.TestRunner@3a62c01e]]>
              </value>
            </param>
          </params>
          <reporter-output>
          </reporter-output>
        </test-method> <!-- setUpClass -->
        <test-method signature="runScenario(io.cucumber.testng.PickleWrapper,io.cucumber.testng.FeatureWrapper)[pri:0, instance:com.api.runners.TestRunner@38145825]" started-at="2025-12-31T14:20:34 IST" name="runScenario" description="Runs Cucumber Scenarios" data-provider="scenarios" finished-at="2025-12-31T14:20:38 IST" duration-ms="4240" status="PASS">
          <params>
            <param index="0">
              <value>
                <![CDATA["Generate auth token with different credentials"]]>
              </value>
            </param>
            <param index="1">
              <value>
                <![CDATA["Authentication Token Creation"]]>
              </value>
            </param>
          </params>
          <reporter-output>
          </reporter-output>
        </test-method> <!-- runScenario -->
        <test-method signature="runScenario(io.cucumber.testng.PickleWrapper,io.cucumber.testng.FeatureWrapper)[pri:0, instance:com.api.runners.TestRunner@38145825]" started-at="2025-12-31T14:20:34 IST" name="runScenario" description="Runs Cucumber Scenarios" data-provider="scenarios" finished-at="2025-12-31T14:20:38 IST" duration-ms="3625" status="FAIL">
          <params>
            <param index="0">
              <value>
                <![CDATA["Generate auth token with different credentials"]]>
              </value>
            </param>
            <param index="1">
              <value>
                <![CDATA["Authentication Token Creation"]]>
              </value>
            </param>
          </params>
          <exception class="java.lang.AssertionError">
            <message>
              <![CDATA[Expected failure but got success did not expect [200] but found [200]]]>
            </message>
            <full-stacktrace>
              <![CDATA[java.lang.AssertionError: Expected failure but got success did not expect [200] but found [200]
at org.testng.Assert.fail(Assert.java:111)
at org.testng.Assert.failEquals(Assert.java:1582)
at org.testng.Assert.assertNotEqualsImpl(Assert.java:157)
at org.testng.Assert.assertNotEquals(Assert.java:2201)
at com.api.stepdefinitions.AuthTokenSteps.iShouldReceiveFailureResponse(AuthTokenSteps.java:49)
at ✽.I should receive a failure response(file:///C:/Users/Admin/git/RestAssured_Cucumber/src/test/java/com/api/features/AuthToken.feature:7)
]]>
            </full-stacktrace>
          </exception> <!-- java.lang.AssertionError -->
          <reporter-output>
          </reporter-output>
        </test-method> <!-- runScenario -->
        <test-method signature="runScenario(io.cucumber.testng.PickleWrapper,io.cucumber.testng.FeatureWrapper)[pri:0, instance:com.api.runners.TestRunner@38145825]" started-at="2025-12-31T14:20:34 IST" name="runScenario" description="Runs Cucumber Scenarios" data-provider="scenarios" finished-at="2025-12-31T14:20:38 IST" duration-ms="3632" status="FAIL">
          <params>
            <param index="0">
              <value>
                <![CDATA["Generate auth token with different credentials"]]>
              </value>
            </param>
            <param index="1">
              <value>
                <![CDATA["Authentication Token Creation"]]>
              </value>
            </param>
          </params>
          <exception class="java.lang.AssertionError">
            <message>
              <![CDATA[Expected failure but got success did not expect [200] but found [200]]]>
            </message>
            <full-stacktrace>
              <![CDATA[java.lang.AssertionError: Expected failure but got success did not expect [200] but found [200]
at org.testng.Assert.fail(Assert.java:111)
at org.testng.Assert.failEquals(Assert.java:1582)
at org.testng.Assert.assertNotEqualsImpl(Assert.java:157)
at org.testng.Assert.assertNotEquals(Assert.java:2201)
at com.api.stepdefinitions.AuthTokenSteps.iShouldReceiveFailureResponse(AuthTokenSteps.java:49)
at ✽.I should receive a failure response(file:///C:/Users/Admin/git/RestAssured_Cucumber/src/test/java/com/api/features/AuthToken.feature:7)
]]>
            </full-stacktrace>
          </exception> <!-- java.lang.AssertionError -->
          <reporter-output>
          </reporter-output>
        </test-method> <!-- runScenario -->
        <test-method signature="runScenario(io.cucumber.testng.PickleWrapper,io.cucumber.testng.FeatureWrapper)[pri:0, instance:com.api.runners.TestRunner@38145825]" started-at="2025-12-31T14:20:34 IST" name="runScenario" description="Runs Cucumber Scenarios" data-provider="scenarios" finished-at="2025-12-31T14:20:37 IST" duration-ms="3083" status="FAIL">
          <params>
            <param index="0">
              <value>
                <![CDATA["Create a new user"]]>
              </value>
            </param>
            <param index="1">
              <value>
                <![CDATA["API CRUD Operations"]]>
              </value>
            </param>
          </params>
          <exception class="java.lang.AssertionError">
            <message>
              <![CDATA[Expected status code 201 but got 403 expected [201] but found [403]]]>
            </message>
            <full-stacktrace>
              <![CDATA[java.lang.AssertionError: Expected status code 201 but got 403 expected [201] but found [403]
at org.testng.Assert.fail(Assert.java:111)
at org.testng.Assert.failNotEquals(Assert.java:1578)
at org.testng.Assert.assertEqualsImpl(Assert.java:150)
at org.testng.Assert.assertEquals(Assert.java:132)
at org.testng.Assert.assertEquals(Assert.java:1419)
at org.testng.Assert.assertEquals(Assert.java:1383)
at com.api.stepdefinitions.CRUDOperationsSteps.validateStatusCode(CRUDOperationsSteps.java:91)
at ✽.I should receive a 201 status code(file:///C:/Users/Admin/git/RestAssured_Cucumber/src/test/java/com/api/features/crudOperations.feature:9)
]]>
            </full-stacktrace>
          </exception> <!-- java.lang.AssertionError -->
          <reporter-output>
          </reporter-output>
        </test-method> <!-- runScenario -->
        <test-method signature="runScenario(io.cucumber.testng.PickleWrapper,io.cucumber.testng.FeatureWrapper)[pri:0, instance:com.api.runners.TestRunner@38145825]" started-at="2025-12-31T14:20:34 IST" name="runScenario" description="Runs Cucumber Scenarios" data-provider="scenarios" finished-at="2025-12-31T14:20:38 IST" duration-ms="3624" status="FAIL">
          <params>
            <param index="0">
              <value>
                <![CDATA["Generate auth token with different credentials"]]>
              </value>
            </param>
            <param index="1">
              <value>
                <![CDATA["Authentication Token Creation"]]>
              </value>
            </param>
          </params>
          <exception class="java.lang.AssertionError">
            <message>
              <![CDATA[Expected failure but got success did not expect [200] but found [200]]]>
            </message>
            <full-stacktrace>
              <![CDATA[java.lang.AssertionError: Expected failure but got success did not expect [200] but found [200]
at org.testng.Assert.fail(Assert.java:111)
at org.testng.Assert.failEquals(Assert.java:1582)
at org.testng.Assert.assertNotEqualsImpl(Assert.java:157)
at org.testng.Assert.assertNotEquals(Assert.java:2201)
at com.api.stepdefinitions.AuthTokenSteps.iShouldReceiveFailureResponse(AuthTokenSteps.java:49)
at ✽.I should receive a failure response(file:///C:/Users/Admin/git/RestAssured_Cucumber/src/test/java/com/api/features/AuthToken.feature:7)
]]>
            </full-stacktrace>
          </exception> <!-- java.lang.AssertionError -->
          <reporter-output>
          </reporter-output>
        </test-method> <!-- runScenario -->
        <test-method signature="runScenario(io.cucumber.testng.PickleWrapper,io.cucumber.testng.FeatureWrapper)[pri:0, instance:com.api.runners.TestRunner@38145825]" started-at="2025-12-31T14:20:34 IST" name="runScenario" description="Runs Cucumber Scenarios" data-provider="scenarios" finished-at="2025-12-31T14:20:37 IST" duration-ms="3075" status="FAIL">
          <params>
            <param index="0">
              <value>
                <![CDATA["Create a new user"]]>
              </value>
            </param>
            <param index="1">
              <value>
                <![CDATA["API CRUD Operations"]]>
              </value>
            </param>
          </params>
          <exception class="java.lang.AssertionError">
            <message>
              <![CDATA[Expected status code 201 but got 403 expected [201] but found [403]]]>
            </message>
            <full-stacktrace>
              <![CDATA[java.lang.AssertionError: Expected status code 201 but got 403 expected [201] but found [403]
at org.testng.Assert.fail(Assert.java:111)
at org.testng.Assert.failNotEquals(Assert.java:1578)
at org.testng.Assert.assertEqualsImpl(Assert.java:150)
at org.testng.Assert.assertEquals(Assert.java:132)
at org.testng.Assert.assertEquals(Assert.java:1419)
at org.testng.Assert.assertEquals(Assert.java:1383)
at com.api.stepdefinitions.CRUDOperationsSteps.validateStatusCode(CRUDOperationsSteps.java:91)
at ✽.I should receive a 201 status code(file:///C:/Users/Admin/git/RestAssured_Cucumber/src/test/java/com/api/features/crudOperations.feature:9)
]]>
            </full-stacktrace>
          </exception> <!-- java.lang.AssertionError -->
          <reporter-output>
          </reporter-output>
        </test-method> <!-- runScenario -->
        <test-method signature="runScenario(io.cucumber.testng.PickleWrapper,io.cucumber.testng.FeatureWrapper)[pri:0, instance:com.api.runners.TestRunner@38145825]" started-at="2025-12-31T14:20:34 IST" name="runScenario" description="Runs Cucumber Scenarios" data-provider="scenarios" finished-at="2025-12-31T14:20:37 IST" duration-ms="3091" status="FAIL">
          <params>
            <param index="0">
              <value>
                <![CDATA["Validate User API responses"]]>
              </value>
            </param>
            <param index="1">
              <value>
                <![CDATA["User API Testing"]]>
              </value>
            </param>
          </params>
          <exception class="java.lang.AssertionError">
            <message>
              <![CDATA[Expected status code 200 but got 403 expected [200] but found [403]]]>
            </message>
            <full-stacktrace>
              <![CDATA[java.lang.AssertionError: Expected status code 200 but got 403 expected [200] but found [403]
at org.testng.Assert.fail(Assert.java:111)
at org.testng.Assert.failNotEquals(Assert.java:1578)
at org.testng.Assert.assertEqualsImpl(Assert.java:150)
at org.testng.Assert.assertEquals(Assert.java:132)
at org.testng.Assert.assertEquals(Assert.java:1419)
at org.testng.Assert.assertEquals(Assert.java:1383)
at com.api.stepdefinitions.GetUserSteps.validateStatusCode(GetUserSteps.java:30)
at ✽.the response status code should be 200(file:///C:/Users/Admin/git/RestAssured_Cucumber/src/test/java/com/api/features/GetUser.feature:6)
]]>
            </full-stacktrace>
          </exception> <!-- java.lang.AssertionError -->
          <reporter-output>
          </reporter-output>
        </test-method> <!-- runScenario -->
        <test-method signature="runScenario(io.cucumber.testng.PickleWrapper,io.cucumber.testng.FeatureWrapper)[pri:0, instance:com.api.runners.TestRunner@38145825]" started-at="2025-12-31T14:20:34 IST" name="runScenario" description="Runs Cucumber Scenarios" data-provider="scenarios" finished-at="2025-12-31T14:20:37 IST" duration-ms="3097" status="FAIL">
          <params>
            <param index="0">
              <value>
                <![CDATA["Validate User API responses"]]>
              </value>
            </param>
            <param index="1">
              <value>
                <![CDATA["User API Testing"]]>
              </value>
            </param>
          </params>
          <exception class="java.lang.AssertionError">
            <message>
              <![CDATA[Expected status code 200 but got 403 expected [200] but found [403]]]>
            </message>
            <full-stacktrace>
              <![CDATA[java.lang.AssertionError: Expected status code 200 but got 403 expected [200] but found [403]
at org.testng.Assert.fail(Assert.java:111)
at org.testng.Assert.failNotEquals(Assert.java:1578)
at org.testng.Assert.assertEqualsImpl(Assert.java:150)
at org.testng.Assert.assertEquals(Assert.java:132)
at org.testng.Assert.assertEquals(Assert.java:1419)
at org.testng.Assert.assertEquals(Assert.java:1383)
at com.api.stepdefinitions.GetUserSteps.validateStatusCode(GetUserSteps.java:30)
at ✽.the response status code should be 200(file:///C:/Users/Admin/git/RestAssured_Cucumber/src/test/java/com/api/features/GetUser.feature:6)
]]>
            </full-stacktrace>
          </exception> <!-- java.lang.AssertionError -->
          <reporter-output>
          </reporter-output>
        </test-method> <!-- runScenario -->
        <test-method signature="runScenario(io.cucumber.testng.PickleWrapper,io.cucumber.testng.FeatureWrapper)[pri:0, instance:com.api.runners.TestRunner@38145825]" started-at="2025-12-31T14:20:34 IST" name="runScenario" description="Runs Cucumber Scenarios" data-provider="scenarios" finished-at="2025-12-31T14:20:37 IST" duration-ms="3075" status="FAIL">
          <params>
            <param index="0">
              <value>
                <![CDATA["Validate User API responses"]]>
              </value>
            </param>
            <param index="1">
              <value>
                <![CDATA["User API Testing"]]>
              </value>
            </param>
          </params>
          <exception class="java.lang.AssertionError">
            <message>
              <![CDATA[Expected status code 200 but got 403 expected [200] but found [403]]]>
            </message>
            <full-stacktrace>
              <![CDATA[java.lang.AssertionError: Expected status code 200 but got 403 expected [200] but found [403]
at org.testng.Assert.fail(Assert.java:111)
at org.testng.Assert.failNotEquals(Assert.java:1578)
at org.testng.Assert.assertEqualsImpl(Assert.java:150)
at org.testng.Assert.assertEquals(Assert.java:132)
at org.testng.Assert.assertEquals(Assert.java:1419)
at org.testng.Assert.assertEquals(Assert.java:1383)
at com.api.stepdefinitions.GetUserSteps.validateStatusCode(GetUserSteps.java:30)
at ✽.the response status code should be 200(file:///C:/Users/Admin/git/RestAssured_Cucumber/src/test/java/com/api/features/GetUser.feature:6)
]]>
            </full-stacktrace>
          </exception> <!-- java.lang.AssertionError -->
          <reporter-output>
          </reporter-output>
        </test-method> <!-- runScenario -->
        <test-method signature="runScenario(io.cucumber.testng.PickleWrapper,io.cucumber.testng.FeatureWrapper)[pri:0, instance:com.api.runners.TestRunner@38145825]" started-at="2025-12-31T14:20:34 IST" name="runScenario" description="Runs Cucumber Scenarios" data-provider="scenarios" finished-at="2025-12-31T14:20:37 IST" duration-ms="3063" status="FAIL">
          <params>
            <param index="0">
              <value>
                <![CDATA["Create multiple users with DataTable"]]>
              </value>
            </param>
            <param index="1">
              <value>
                <![CDATA["Create multiple users on Reqres.in"]]>
              </value>
            </param>
          </params>
          <exception class="java.lang.AssertionError">
            <message>
              <![CDATA[Expected status code 201 but got 403 expected [201] but found [403]]]>
            </message>
            <full-stacktrace>
              <![CDATA[java.lang.AssertionError: Expected status code 201 but got 403 expected [201] but found [403]
at org.testng.Assert.fail(Assert.java:111)
at org.testng.Assert.failNotEquals(Assert.java:1578)
at org.testng.Assert.assertEqualsImpl(Assert.java:150)
at org.testng.Assert.assertEquals(Assert.java:132)
at org.testng.Assert.assertEquals(Assert.java:1419)
at org.testng.Assert.assertEquals(Assert.java:1383)
at com.api.stepdefinitions.CreateMultipleUsersSteps.sendPostRequestsForMultipleUsers(CreateMultipleUsersSteps.java:34)
at ✽.I send POST requests for multiple users(file:///C:/Users/Admin/git/RestAssured_Cucumber/src/test/java/com/api/features/createMultipleUsers.feature:6)
]]>
            </full-stacktrace>
          </exception> <!-- java.lang.AssertionError -->
          <reporter-output>
          </reporter-output>
        </test-method> <!-- runScenario -->
        <test-method signature="runScenario(io.cucumber.testng.PickleWrapper,io.cucumber.testng.FeatureWrapper)[pri:0, instance:com.api.runners.TestRunner@38145825]" started-at="2025-12-31T14:20:37 IST" name="runScenario" description="Runs Cucumber Scenarios" data-provider="scenarios" finished-at="2025-12-31T14:20:37 IST" duration-ms="181" status="FAIL">
          <params>
            <param index="0">
              <value>
                <![CDATA["Read user details"]]>
              </value>
            </param>
            <param index="1">
              <value>
                <![CDATA["API CRUD Operations"]]>
              </value>
            </param>
          </params>
          <exception class="java.lang.AssertionError">
            <message>
              <![CDATA[Expected status code 200 but got 403 expected [200] but found [403]]]>
            </message>
            <full-stacktrace>
              <![CDATA[java.lang.AssertionError: Expected status code 200 but got 403 expected [200] but found [403]
at org.testng.Assert.fail(Assert.java:111)
at org.testng.Assert.failNotEquals(Assert.java:1578)
at org.testng.Assert.assertEqualsImpl(Assert.java:150)
at org.testng.Assert.assertEquals(Assert.java:132)
at org.testng.Assert.assertEquals(Assert.java:1419)
at org.testng.Assert.assertEquals(Assert.java:1383)
at com.api.stepdefinitions.CRUDOperationsSteps.validateStatusCode(CRUDOperationsSteps.java:91)
at ✽.I should receive a 200 status code(file:///C:/Users/Admin/git/RestAssured_Cucumber/src/test/java/com/api/features/crudOperations.feature:20)
]]>
            </full-stacktrace>
          </exception> <!-- java.lang.AssertionError -->
          <reporter-output>
          </reporter-output>
        </test-method> <!-- runScenario -->
        <test-method signature="runScenario(io.cucumber.testng.PickleWrapper,io.cucumber.testng.FeatureWrapper)[pri:0, instance:com.api.runners.TestRunner@38145825]" started-at="2025-12-31T14:20:37 IST" name="runScenario" description="Runs Cucumber Scenarios" data-provider="scenarios" finished-at="2025-12-31T14:20:37 IST" duration-ms="169" status="FAIL">
          <params>
            <param index="0">
              <value>
                <![CDATA["Read user details"]]>
              </value>
            </param>
            <param index="1">
              <value>
                <![CDATA["API CRUD Operations"]]>
              </value>
            </param>
          </params>
          <exception class="java.lang.AssertionError">
            <message>
              <![CDATA[Expected status code 200 but got 403 expected [200] but found [403]]]>
            </message>
            <full-stacktrace>
              <![CDATA[java.lang.AssertionError: Expected status code 200 but got 403 expected [200] but found [403]
at org.testng.Assert.fail(Assert.java:111)
at org.testng.Assert.failNotEquals(Assert.java:1578)
at org.testng.Assert.assertEqualsImpl(Assert.java:150)
at org.testng.Assert.assertEquals(Assert.java:132)
at org.testng.Assert.assertEquals(Assert.java:1419)
at org.testng.Assert.assertEquals(Assert.java:1383)
at com.api.stepdefinitions.CRUDOperationsSteps.validateStatusCode(CRUDOperationsSteps.java:91)
at ✽.I should receive a 200 status code(file:///C:/Users/Admin/git/RestAssured_Cucumber/src/test/java/com/api/features/crudOperations.feature:20)
]]>
            </full-stacktrace>
          </exception> <!-- java.lang.AssertionError -->
          <reporter-output>
          </reporter-output>
        </test-method> <!-- runScenario -->
        <test-method signature="runScenario(io.cucumber.testng.PickleWrapper,io.cucumber.testng.FeatureWrapper)[pri:0, instance:com.api.runners.TestRunner@38145825]" started-at="2025-12-31T14:20:37 IST" name="runScenario" description="Runs Cucumber Scenarios" data-provider="scenarios" finished-at="2025-12-31T14:20:37 IST" duration-ms="182" status="FAIL">
          <params>
            <param index="0">
              <value>
                <![CDATA["Update user details"]]>
              </value>
            </param>
            <param index="1">
              <value>
                <![CDATA["API CRUD Operations"]]>
              </value>
            </param>
          </params>
          <exception class="java.lang.AssertionError">
            <message>
              <![CDATA[Expected status code 200 but got 403 expected [200] but found [403]]]>
            </message>
            <full-stacktrace>
              <![CDATA[java.lang.AssertionError: Expected status code 200 but got 403 expected [200] but found [403]
at org.testng.Assert.fail(Assert.java:111)
at org.testng.Assert.failNotEquals(Assert.java:1578)
at org.testng.Assert.assertEqualsImpl(Assert.java:150)
at org.testng.Assert.assertEquals(Assert.java:132)
at org.testng.Assert.assertEquals(Assert.java:1419)
at org.testng.Assert.assertEquals(Assert.java:1383)
at com.api.stepdefinitions.CRUDOperationsSteps.validateStatusCode(CRUDOperationsSteps.java:91)
at ✽.I should receive a 200 status code(file:///C:/Users/Admin/git/RestAssured_Cucumber/src/test/java/com/api/features/crudOperations.feature:33)
]]>
            </full-stacktrace>
          </exception> <!-- java.lang.AssertionError -->
          <reporter-output>
          </reporter-output>
        </test-method> <!-- runScenario -->
        <test-method signature="runScenario(io.cucumber.testng.PickleWrapper,io.cucumber.testng.FeatureWrapper)[pri:0, instance:com.api.runners.TestRunner@38145825]" started-at="2025-12-31T14:20:37 IST" name="runScenario" description="Runs Cucumber Scenarios" data-provider="scenarios" finished-at="2025-12-31T14:20:37 IST" duration-ms="191" status="FAIL">
          <params>
            <param index="0">
              <value>
                <![CDATA["Update user details"]]>
              </value>
            </param>
            <param index="1">
              <value>
                <![CDATA["API CRUD Operations"]]>
              </value>
            </param>
          </params>
          <exception class="java.lang.AssertionError">
            <message>
              <![CDATA[Expected status code 200 but got 403 expected [200] but found [403]]]>
            </message>
            <full-stacktrace>
              <![CDATA[java.lang.AssertionError: Expected status code 200 but got 403 expected [200] but found [403]
at org.testng.Assert.fail(Assert.java:111)
at org.testng.Assert.failNotEquals(Assert.java:1578)
at org.testng.Assert.assertEqualsImpl(Assert.java:150)
at org.testng.Assert.assertEquals(Assert.java:132)
at org.testng.Assert.assertEquals(Assert.java:1419)
at org.testng.Assert.assertEquals(Assert.java:1383)
at com.api.stepdefinitions.CRUDOperationsSteps.validateStatusCode(CRUDOperationsSteps.java:91)
at ✽.I should receive a 200 status code(file:///C:/Users/Admin/git/RestAssured_Cucumber/src/test/java/com/api/features/crudOperations.feature:33)
]]>
            </full-stacktrace>
          </exception> <!-- java.lang.AssertionError -->
          <reporter-output>
          </reporter-output>
        </test-method> <!-- runScenario -->
        <test-method signature="runScenario(io.cucumber.testng.PickleWrapper,io.cucumber.testng.FeatureWrapper)[pri:0, instance:com.api.runners.TestRunner@38145825]" started-at="2025-12-31T14:20:37 IST" name="runScenario" description="Runs Cucumber Scenarios" data-provider="scenarios" finished-at="2025-12-31T14:20:37 IST" duration-ms="175" status="FAIL">
          <params>
            <param index="0">
              <value>
                <![CDATA["Delete a user"]]>
              </value>
            </param>
            <param index="1">
              <value>
                <![CDATA["API CRUD Operations"]]>
              </value>
            </param>
          </params>
          <exception class="java.lang.AssertionError">
            <message>
              <![CDATA[Expected status code 204 but got 403 expected [204] but found [403]]]>
            </message>
            <full-stacktrace>
              <![CDATA[java.lang.AssertionError: Expected status code 204 but got 403 expected [204] but found [403]
at org.testng.Assert.fail(Assert.java:111)
at org.testng.Assert.failNotEquals(Assert.java:1578)
at org.testng.Assert.assertEqualsImpl(Assert.java:150)
at org.testng.Assert.assertEquals(Assert.java:132)
at org.testng.Assert.assertEquals(Assert.java:1419)
at org.testng.Assert.assertEquals(Assert.java:1383)
at com.api.stepdefinitions.CRUDOperationsSteps.validateStatusCode(CRUDOperationsSteps.java:91)
at ✽.I should receive a 204 status code(file:///C:/Users/Admin/git/RestAssured_Cucumber/src/test/java/com/api/features/crudOperations.feature:44)
]]>
            </full-stacktrace>
          </exception> <!-- java.lang.AssertionError -->
          <reporter-output>
          </reporter-output>
        </test-method> <!-- runScenario -->
        <test-method signature="runScenario(io.cucumber.testng.PickleWrapper,io.cucumber.testng.FeatureWrapper)[pri:0, instance:com.api.runners.TestRunner@38145825]" started-at="2025-12-31T14:20:37 IST" name="runScenario" description="Runs Cucumber Scenarios" data-provider="scenarios" finished-at="2025-12-31T14:20:37 IST" duration-ms="162" status="FAIL">
          <params>
            <param index="0">
              <value>
                <![CDATA["Delete a user"]]>
              </value>
            </param>
            <param index="1">
              <value>
                <![CDATA["API CRUD Operations"]]>
              </value>
            </param>
          </params>
          <exception class="java.lang.AssertionError">
            <message>
              <![CDATA[Expected status code 204 but got 403 expected [204] but found [403]]]>
            </message>
            <full-stacktrace>
              <![CDATA[java.lang.AssertionError: Expected status code 204 but got 403 expected [204] but found [403]
at org.testng.Assert.fail(Assert.java:111)
at org.testng.Assert.failNotEquals(Assert.java:1578)
at org.testng.Assert.assertEqualsImpl(Assert.java:150)
at org.testng.Assert.assertEquals(Assert.java:132)
at org.testng.Assert.assertEquals(Assert.java:1419)
at org.testng.Assert.assertEquals(Assert.java:1383)
at com.api.stepdefinitions.CRUDOperationsSteps.validateStatusCode(CRUDOperationsSteps.java:91)
at ✽.I should receive a 204 status code(file:///C:/Users/Admin/git/RestAssured_Cucumber/src/test/java/com/api/features/crudOperations.feature:44)
]]>
            </full-stacktrace>
          </exception> <!-- java.lang.AssertionError -->
          <reporter-output>
          </reporter-output>
        </test-method> <!-- runScenario -->
        <test-method is-config="true" signature="tearDownClass()[pri:0, instance:com.api.runners.TestRunner@38145825]" started-at="2025-12-31T14:20:38 IST" name="tearDownClass" finished-at="2025-12-31T14:20:38 IST" duration-ms="5" status="PASS">
          <reporter-output>
          </reporter-output>
        </test-method> <!-- tearDownClass -->
      </class> <!-- com.api.runners.TestRunner -->
    </test> <!-- Default test -->
  </suite> <!-- Default suite -->
</testng-results>
