<?xml version="1.0" encoding="UTF-8"?>
<testng-results ignored="0" total="8" passed="0" failed="8" skipped="0">
  <reporter-output>
  </reporter-output>
  <suite started-at="2026-02-01T11:50:31 IST" name="Suite" finished-at="2026-02-01T11:50:35 IST" duration-ms="4361">
    <groups>
      <group name="cucumber">
        <method signature="AbstractTestNGCucumberTests.runScenario(io.cucumber.testng.PickleWrapper,io.cucumber.testng.FeatureWrapper)[pri:0, instance:com.api.runners.TestRunner@5db4c359]" name="runScenario" class="io.cucumber.testng.AbstractTestNGCucumberTests"/>
      </group> <!-- cucumber -->
    </groups>
    <test started-at="2026-02-01T11:50:31 IST" name="Test" finished-at="2026-02-01T11:50:35 IST" duration-ms="4361">
      <class name="com.api.runners.TestRunner">
        <test-method is-config="true" signature="setUpClass(org.testng.ITestContext)[pri:0, instance:com.api.runners.TestRunner@5db4c359]" started-at="2026-02-01T11:50:31 IST" name="setUpClass" finished-at="2026-02-01T11:50:31 IST" duration-ms="386" status="PASS">
          <params>
            <param index="0">
              <value>
                <![CDATA[org.testng.TestRunner@7689ddef]]>
              </value>
            </param>
          </params>
          <reporter-output>
          </reporter-output>
        </test-method> <!-- setUpClass -->
        <test-method signature="runScenario(io.cucumber.testng.PickleWrapper,io.cucumber.testng.FeatureWrapper)[pri:0, instance:com.api.runners.TestRunner@5db4c359]" started-at="2026-02-01T11:50:31 IST" name="runScenario" description="Runs Cucumber Scenarios" data-provider="scenarios" finished-at="2026-02-01T11:50:35 IST" duration-ms="3916" status="FAIL">
          <params>
            <param index="0">
              <value>
                <![CDATA["Delete a user"]]>
              </value>
            </param>
            <param index="1">
              <value>
                <![CDATA["API CRUD Operations with Authentication"]]>
              </value>
            </param>
          </params>
          <exception class="java.lang.AssertionError">
            <message>
              <![CDATA[Expected 204 but got 403 expected [204] but found [403]]]>
            </message>
            <full-stacktrace>
              <![CDATA[java.lang.AssertionError: Expected 204 but got 403 expected [204] but found [403]
at org.testng.Assert.fail(Assert.java:111)
at org.testng.Assert.failNotEquals(Assert.java:1578)
at org.testng.Assert.assertEqualsImpl(Assert.java:150)
at org.testng.Assert.assertEquals(Assert.java:132)
at org.testng.Assert.assertEquals(Assert.java:1419)
at org.testng.Assert.assertEquals(Assert.java:1383)
at com.api.stepdefinitions.CRUDOperationsSteps.validateResponseStatus(CRUDOperationsSteps.java:76)
at ✽.the response status should be 204(file:///C:/Users/Admin/git/RestAssured_Cucumber/src/test/java/com/api/features/crudOperations.feature:45)
]]>
            </full-stacktrace>
          </exception> <!-- java.lang.AssertionError -->
          <reporter-output>
          </reporter-output>
        </test-method> <!-- runScenario -->
        <test-method signature="runScenario(io.cucumber.testng.PickleWrapper,io.cucumber.testng.FeatureWrapper)[pri:0, instance:com.api.runners.TestRunner@5db4c359]" started-at="2026-02-01T11:50:31 IST" name="runScenario" description="Runs Cucumber Scenarios" data-provider="scenarios" finished-at="2026-02-01T11:50:35 IST" duration-ms="3929" status="FAIL">
          <params>
            <param index="0">
              <value>
                <![CDATA["Delete a user"]]>
              </value>
            </param>
            <param index="1">
              <value>
                <![CDATA["API CRUD Operations with Authentication"]]>
              </value>
            </param>
          </params>
          <exception class="java.lang.AssertionError">
            <message>
              <![CDATA[Expected 204 but got 403 expected [204] but found [403]]]>
            </message>
            <full-stacktrace>
              <![CDATA[java.lang.AssertionError: Expected 204 but got 403 expected [204] but found [403]
at org.testng.Assert.fail(Assert.java:111)
at org.testng.Assert.failNotEquals(Assert.java:1578)
at org.testng.Assert.assertEqualsImpl(Assert.java:150)
at org.testng.Assert.assertEquals(Assert.java:132)
at org.testng.Assert.assertEquals(Assert.java:1419)
at org.testng.Assert.assertEquals(Assert.java:1383)
at com.api.stepdefinitions.CRUDOperationsSteps.validateResponseStatus(CRUDOperationsSteps.java:76)
at ✽.the response status should be 204(file:///C:/Users/Admin/git/RestAssured_Cucumber/src/test/java/com/api/features/crudOperations.feature:45)
]]>
            </full-stacktrace>
          </exception> <!-- java.lang.AssertionError -->
          <reporter-output>
          </reporter-output>
        </test-method> <!-- runScenario -->
        <test-method signature="runScenario(io.cucumber.testng.PickleWrapper,io.cucumber.testng.FeatureWrapper)[pri:0, instance:com.api.runners.TestRunner@5db4c359]" started-at="2026-02-01T11:50:31 IST" name="runScenario" description="Runs Cucumber Scenarios" data-provider="scenarios" finished-at="2026-02-01T11:50:35 IST" duration-ms="3917" status="FAIL">
          <params>
            <param index="0">
              <value>
                <![CDATA["Create a new user with valid details"]]>
              </value>
            </param>
            <param index="1">
              <value>
                <![CDATA["API CRUD Operations with Authentication"]]>
              </value>
            </param>
          </params>
          <exception class="java.lang.AssertionError">
            <message>
              <![CDATA[Expected 201 but got 403 expected [201] but found [403]]]>
            </message>
            <full-stacktrace>
              <![CDATA[java.lang.AssertionError: Expected 201 but got 403 expected [201] but found [403]
at org.testng.Assert.fail(Assert.java:111)
at org.testng.Assert.failNotEquals(Assert.java:1578)
at org.testng.Assert.assertEqualsImpl(Assert.java:150)
at org.testng.Assert.assertEquals(Assert.java:132)
at org.testng.Assert.assertEquals(Assert.java:1419)
at org.testng.Assert.assertEquals(Assert.java:1383)
at com.api.stepdefinitions.CRUDOperationsSteps.validateResponseStatus(CRUDOperationsSteps.java:76)
at ✽.the response status should be 201(file:///C:/Users/Admin/git/RestAssured_Cucumber/src/test/java/com/api/features/crudOperations.feature:10)
]]>
            </full-stacktrace>
          </exception> <!-- java.lang.AssertionError -->
          <reporter-output>
          </reporter-output>
        </test-method> <!-- runScenario -->
        <test-method signature="runScenario(io.cucumber.testng.PickleWrapper,io.cucumber.testng.FeatureWrapper)[pri:0, instance:com.api.runners.TestRunner@5db4c359]" started-at="2026-02-01T11:50:31 IST" name="runScenario" description="Runs Cucumber Scenarios" data-provider="scenarios" finished-at="2026-02-01T11:50:35 IST" duration-ms="3933" status="FAIL">
          <params>
            <param index="0">
              <value>
                <![CDATA["Retrieve user details"]]>
              </value>
            </param>
            <param index="1">
              <value>
                <![CDATA["API CRUD Operations with Authentication"]]>
              </value>
            </param>
          </params>
          <exception class="java.lang.AssertionError">
            <message>
              <![CDATA[Expected 200 but got 403 expected [200] but found [403]]]>
            </message>
            <full-stacktrace>
              <![CDATA[java.lang.AssertionError: Expected 200 but got 403 expected [200] but found [403]
at org.testng.Assert.fail(Assert.java:111)
at org.testng.Assert.failNotEquals(Assert.java:1578)
at org.testng.Assert.assertEqualsImpl(Assert.java:150)
at org.testng.Assert.assertEquals(Assert.java:132)
at org.testng.Assert.assertEquals(Assert.java:1419)
at org.testng.Assert.assertEquals(Assert.java:1383)
at com.api.stepdefinitions.CRUDOperationsSteps.validateResponseStatus(CRUDOperationsSteps.java:76)
at ✽.the response status should be 200(file:///C:/Users/Admin/git/RestAssured_Cucumber/src/test/java/com/api/features/crudOperations.feature:21)
]]>
            </full-stacktrace>
          </exception> <!-- java.lang.AssertionError -->
          <reporter-output>
          </reporter-output>
        </test-method> <!-- runScenario -->
        <test-method signature="runScenario(io.cucumber.testng.PickleWrapper,io.cucumber.testng.FeatureWrapper)[pri:0, instance:com.api.runners.TestRunner@5db4c359]" started-at="2026-02-01T11:50:31 IST" name="runScenario" description="Runs Cucumber Scenarios" data-provider="scenarios" finished-at="2026-02-01T11:50:35 IST" duration-ms="3931" status="FAIL">
          <params>
            <param index="0">
              <value>
                <![CDATA["Retrieve user details"]]>
              </value>
            </param>
            <param index="1">
              <value>
                <![CDATA["API CRUD Operations with Authentication"]]>
              </value>
            </param>
          </params>
          <exception class="java.lang.AssertionError">
            <message>
              <![CDATA[Expected 200 but got 403 expected [200] but found [403]]]>
            </message>
            <full-stacktrace>
              <![CDATA[java.lang.AssertionError: Expected 200 but got 403 expected [200] but found [403]
at org.testng.Assert.fail(Assert.java:111)
at org.testng.Assert.failNotEquals(Assert.java:1578)
at org.testng.Assert.assertEqualsImpl(Assert.java:150)
at org.testng.Assert.assertEquals(Assert.java:132)
at org.testng.Assert.assertEquals(Assert.java:1419)
at org.testng.Assert.assertEquals(Assert.java:1383)
at com.api.stepdefinitions.CRUDOperationsSteps.validateResponseStatus(CRUDOperationsSteps.java:76)
at ✽.the response status should be 200(file:///C:/Users/Admin/git/RestAssured_Cucumber/src/test/java/com/api/features/crudOperations.feature:21)
]]>
            </full-stacktrace>
          </exception> <!-- java.lang.AssertionError -->
          <reporter-output>
          </reporter-output>
        </test-method> <!-- runScenario -->
        <test-method signature="runScenario(io.cucumber.testng.PickleWrapper,io.cucumber.testng.FeatureWrapper)[pri:0, instance:com.api.runners.TestRunner@5db4c359]" started-at="2026-02-01T11:50:31 IST" name="runScenario" description="Runs Cucumber Scenarios" data-provider="scenarios" finished-at="2026-02-01T11:50:35 IST" duration-ms="3924" status="FAIL">
          <params>
            <param index="0">
              <value>
                <![CDATA["Update existing user details"]]>
              </value>
            </param>
            <param index="1">
              <value>
                <![CDATA["API CRUD Operations with Authentication"]]>
              </value>
            </param>
          </params>
          <exception class="java.lang.AssertionError">
            <message>
              <![CDATA[Expected 200 but got 403 expected [200] but found [403]]]>
            </message>
            <full-stacktrace>
              <![CDATA[java.lang.AssertionError: Expected 200 but got 403 expected [200] but found [403]
at org.testng.Assert.fail(Assert.java:111)
at org.testng.Assert.failNotEquals(Assert.java:1578)
at org.testng.Assert.assertEqualsImpl(Assert.java:150)
at org.testng.Assert.assertEquals(Assert.java:132)
at org.testng.Assert.assertEquals(Assert.java:1419)
at org.testng.Assert.assertEquals(Assert.java:1383)
at com.api.stepdefinitions.CRUDOperationsSteps.validateResponseStatus(CRUDOperationsSteps.java:76)
at ✽.the response status should be 200(file:///C:/Users/Admin/git/RestAssured_Cucumber/src/test/java/com/api/features/crudOperations.feature:34)
]]>
            </full-stacktrace>
          </exception> <!-- java.lang.AssertionError -->
          <reporter-output>
          </reporter-output>
        </test-method> <!-- runScenario -->
        <test-method signature="runScenario(io.cucumber.testng.PickleWrapper,io.cucumber.testng.FeatureWrapper)[pri:0, instance:com.api.runners.TestRunner@5db4c359]" started-at="2026-02-01T11:50:31 IST" name="runScenario" description="Runs Cucumber Scenarios" data-provider="scenarios" finished-at="2026-02-01T11:50:35 IST" duration-ms="3917" status="FAIL">
          <params>
            <param index="0">
              <value>
                <![CDATA["Update existing user details"]]>
              </value>
            </param>
            <param index="1">
              <value>
                <![CDATA["API CRUD Operations with Authentication"]]>
              </value>
            </param>
          </params>
          <exception class="java.lang.AssertionError">
            <message>
              <![CDATA[Expected 200 but got 403 expected [200] but found [403]]]>
            </message>
            <full-stacktrace>
              <![CDATA[java.lang.AssertionError: Expected 200 but got 403 expected [200] but found [403]
at org.testng.Assert.fail(Assert.java:111)
at org.testng.Assert.failNotEquals(Assert.java:1578)
at org.testng.Assert.assertEqualsImpl(Assert.java:150)
at org.testng.Assert.assertEquals(Assert.java:132)
at org.testng.Assert.assertEquals(Assert.java:1419)
at org.testng.Assert.assertEquals(Assert.java:1383)
at com.api.stepdefinitions.CRUDOperationsSteps.validateResponseStatus(CRUDOperationsSteps.java:76)
at ✽.the response status should be 200(file:///C:/Users/Admin/git/RestAssured_Cucumber/src/test/java/com/api/features/crudOperations.feature:34)
]]>
            </full-stacktrace>
          </exception> <!-- java.lang.AssertionError -->
          <reporter-output>
          </reporter-output>
        </test-method> <!-- runScenario -->
        <test-method signature="runScenario(io.cucumber.testng.PickleWrapper,io.cucumber.testng.FeatureWrapper)[pri:0, instance:com.api.runners.TestRunner@5db4c359]" started-at="2026-02-01T11:50:31 IST" name="runScenario" description="Runs Cucumber Scenarios" data-provider="scenarios" finished-at="2026-02-01T11:50:35 IST" duration-ms="3920" status="FAIL">
          <params>
            <param index="0">
              <value>
                <![CDATA["Create a new user with valid details"]]>
              </value>
            </param>
            <param index="1">
              <value>
                <![CDATA["API CRUD Operations with Authentication"]]>
              </value>
            </param>
          </params>
          <exception class="java.lang.AssertionError">
            <message>
              <![CDATA[Expected 201 but got 403 expected [201] but found [403]]]>
            </message>
            <full-stacktrace>
              <![CDATA[java.lang.AssertionError: Expected 201 but got 403 expected [201] but found [403]
at org.testng.Assert.fail(Assert.java:111)
at org.testng.Assert.failNotEquals(Assert.java:1578)
at org.testng.Assert.assertEqualsImpl(Assert.java:150)
at org.testng.Assert.assertEquals(Assert.java:132)
at org.testng.Assert.assertEquals(Assert.java:1419)
at org.testng.Assert.assertEquals(Assert.java:1383)
at com.api.stepdefinitions.CRUDOperationsSteps.validateResponseStatus(CRUDOperationsSteps.java:76)
at ✽.the response status should be 201(file:///C:/Users/Admin/git/RestAssured_Cucumber/src/test/java/com/api/features/crudOperations.feature:10)
]]>
            </full-stacktrace>
          </exception> <!-- java.lang.AssertionError -->
          <reporter-output>
          </reporter-output>
        </test-method> <!-- runScenario -->
        <test-method is-config="true" signature="tearDownClass()[pri:0, instance:com.api.runners.TestRunner@5db4c359]" started-at="2026-02-01T11:50:35 IST" name="tearDownClass" finished-at="2026-02-01T11:50:35 IST" duration-ms="3" status="PASS">
          <reporter-output>
          </reporter-output>
        </test-method> <!-- tearDownClass -->
      </class> <!-- com.api.runners.TestRunner -->
    </test> <!-- Test -->
  </suite> <!-- Suite -->
</testng-results>
