<?xml version="1.0" encoding="UTF-8"?>
<!-- Generated by org.testng.reporters.JUnitReportReporter -->
<testsuite hostname="DESKTOP-IREC5PQ" failures="15" tests="16" name="com.api.runners.TestRunner" time="34.665" errors="0" timestamp="2025-12-31T14:20:38 IST" skipped="0">
  <testcase classname="com.api.runners.TestRunner" name="runScenario" time="0.162">
    <failure message="Expected status code 204 but got 403 expected [204] but found [403]" type="java.lang.AssertionError">
      <![CDATA[java.lang.AssertionError: Expected status code 204 but got 403 expected [204] but found [403]
at org.testng.Assert.fail(Assert.java:111)
at org.testng.Assert.failNotEquals(Assert.java:1578)
at org.testng.Assert.assertEqualsImpl(Assert.java:150)
at org.testng.Assert.assertEquals(Assert.java:132)
at org.testng.Assert.assertEquals(Assert.java:1419)
at org.testng.Assert.assertEquals(Assert.java:1383)
at com.api.stepdefinitions.CRUDOperationsSteps.validateStatusCode(CRUDOperationsSteps.java:91)
at ✽.I should receive a 204 status code(file:///C:/Users/Admin/git/RestAssured_Cucumber/src/test/java/com/api/features/crudOperations.feature:44)
]]>
    </failure>
  </testcase> <!-- runScenario -->
  <testcase classname="com.api.runners.TestRunner" name="runScenario" time="0.181">
    <failure message="Expected status code 200 but got 403 expected [200] but found [403]" type="java.lang.AssertionError">
      <![CDATA[java.lang.AssertionError: Expected status code 200 but got 403 expected [200] but found [403]
at org.testng.Assert.fail(Assert.java:111)
at org.testng.Assert.failNotEquals(Assert.java:1578)
at org.testng.Assert.assertEqualsImpl(Assert.java:150)
at org.testng.Assert.assertEquals(Assert.java:132)
at org.testng.Assert.assertEquals(Assert.java:1419)
at org.testng.Assert.assertEquals(Assert.java:1383)
at com.api.stepdefinitions.CRUDOperationsSteps.validateStatusCode(CRUDOperationsSteps.java:91)
at ✽.I should receive a 200 status code(file:///C:/Users/Admin/git/RestAssured_Cucumber/src/test/java/com/api/features/crudOperations.feature:20)
]]>
    </failure>
  </testcase> <!-- runScenario -->
  <testcase classname="com.api.runners.TestRunner" name="runScenario" time="3.075">
    <failure message="Expected status code 201 but got 403 expected [201] but found [403]" type="java.lang.AssertionError">
      <![CDATA[java.lang.AssertionError: Expected status code 201 but got 403 expected [201] but found [403]
at org.testng.Assert.fail(Assert.java:111)
at org.testng.Assert.failNotEquals(Assert.java:1578)
at org.testng.Assert.assertEqualsImpl(Assert.java:150)
at org.testng.Assert.assertEquals(Assert.java:132)
at org.testng.Assert.assertEquals(Assert.java:1419)
at org.testng.Assert.assertEquals(Assert.java:1383)
at com.api.stepdefinitions.CRUDOperationsSteps.validateStatusCode(CRUDOperationsSteps.java:91)
at ✽.I should receive a 201 status code(file:///C:/Users/Admin/git/RestAssured_Cucumber/src/test/java/com/api/features/crudOperations.feature:9)
]]>
    </failure>
  </testcase> <!-- runScenario -->
  <testcase classname="com.api.runners.TestRunner" name="runScenario" time="3.091">
    <failure message="Expected status code 200 but got 403 expected [200] but found [403]" type="java.lang.AssertionError">
      <![CDATA[java.lang.AssertionError: Expected status code 200 but got 403 expected [200] but found [403]
at org.testng.Assert.fail(Assert.java:111)
at org.testng.Assert.failNotEquals(Assert.java:1578)
at org.testng.Assert.assertEqualsImpl(Assert.java:150)
at org.testng.Assert.assertEquals(Assert.java:132)
at org.testng.Assert.assertEquals(Assert.java:1419)
at org.testng.Assert.assertEquals(Assert.java:1383)
at com.api.stepdefinitions.GetUserSteps.validateStatusCode(GetUserSteps.java:30)
at ✽.the response status code should be 200(file:///C:/Users/Admin/git/RestAssured_Cucumber/src/test/java/com/api/features/GetUser.feature:6)
]]>
    </failure>
  </testcase> <!-- runScenario -->
  <testcase classname="com.api.runners.TestRunner" name="runScenario" time="3.632">
    <failure message="Expected failure but got success did not expect [200] but found [200]" type="java.lang.AssertionError">
      <![CDATA[java.lang.AssertionError: Expected failure but got success did not expect [200] but found [200]
at org.testng.Assert.fail(Assert.java:111)
at org.testng.Assert.failEquals(Assert.java:1582)
at org.testng.Assert.assertNotEqualsImpl(Assert.java:157)
at org.testng.Assert.assertNotEquals(Assert.java:2201)
at com.api.stepdefinitions.AuthTokenSteps.iShouldReceiveFailureResponse(AuthTokenSteps.java:49)
at ✽.I should receive a failure response(file:///C:/Users/Admin/git/RestAssured_Cucumber/src/test/java/com/api/features/AuthToken.feature:7)
]]>
    </failure>
  </testcase> <!-- runScenario -->
  <testcase classname="com.api.runners.TestRunner" name="runScenario" time="4.240"/>
  <testcase classname="com.api.runners.TestRunner" name="runScenario" time="0.169">
    <failure message="Expected status code 200 but got 403 expected [200] but found [403]" type="java.lang.AssertionError">
      <![CDATA[java.lang.AssertionError: Expected status code 200 but got 403 expected [200] but found [403]
at org.testng.Assert.fail(Assert.java:111)
at org.testng.Assert.failNotEquals(Assert.java:1578)
at org.testng.Assert.assertEqualsImpl(Assert.java:150)
at org.testng.Assert.assertEquals(Assert.java:132)
at org.testng.Assert.assertEquals(Assert.java:1419)
at org.testng.Assert.assertEquals(Assert.java:1383)
at com.api.stepdefinitions.CRUDOperationsSteps.validateStatusCode(CRUDOperationsSteps.java:91)
at ✽.I should receive a 200 status code(file:///C:/Users/Admin/git/RestAssured_Cucumber/src/test/java/com/api/features/crudOperations.feature:20)
]]>
    </failure>
  </testcase> <!-- runScenario -->
  <testcase classname="com.api.runners.TestRunner" name="runScenario" time="3.083">
    <failure message="Expected status code 201 but got 403 expected [201] but found [403]" type="java.lang.AssertionError">
      <![CDATA[java.lang.AssertionError: Expected status code 201 but got 403 expected [201] but found [403]
at org.testng.Assert.fail(Assert.java:111)
at org.testng.Assert.failNotEquals(Assert.java:1578)
at org.testng.Assert.assertEqualsImpl(Assert.java:150)
at org.testng.Assert.assertEquals(Assert.java:132)
at org.testng.Assert.assertEquals(Assert.java:1419)
at org.testng.Assert.assertEquals(Assert.java:1383)
at com.api.stepdefinitions.CRUDOperationsSteps.validateStatusCode(CRUDOperationsSteps.java:91)
at ✽.I should receive a 201 status code(file:///C:/Users/Admin/git/RestAssured_Cucumber/src/test/java/com/api/features/crudOperations.feature:9)
]]>
    </failure>
  </testcase> <!-- runScenario -->
  <testcase classname="com.api.runners.TestRunner" name="runScenario" time="3.097">
    <failure message="Expected status code 200 but got 403 expected [200] but found [403]" type="java.lang.AssertionError">
      <![CDATA[java.lang.AssertionError: Expected status code 200 but got 403 expected [200] but found [403]
at org.testng.Assert.fail(Assert.java:111)
at org.testng.Assert.failNotEquals(Assert.java:1578)
at org.testng.Assert.assertEqualsImpl(Assert.java:150)
at org.testng.Assert.assertEquals(Assert.java:132)
at org.testng.Assert.assertEquals(Assert.java:1419)
at org.testng.Assert.assertEquals(Assert.java:1383)
at com.api.stepdefinitions.GetUserSteps.validateStatusCode(GetUserSteps.java:30)
at ✽.the response status code should be 200(file:///C:/Users/Admin/git/RestAssured_Cucumber/src/test/java/com/api/features/GetUser.feature:6)
]]>
    </failure>
  </testcase> <!-- runScenario -->
  <testcase classname="com.api.runners.TestRunner" name="runScenario" time="0.175">
    <failure message="Expected status code 204 but got 403 expected [204] but found [403]" type="java.lang.AssertionError">
      <![CDATA[java.lang.AssertionError: Expected status code 204 but got 403 expected [204] but found [403]
at org.testng.Assert.fail(Assert.java:111)
at org.testng.Assert.failNotEquals(Assert.java:1578)
at org.testng.Assert.assertEqualsImpl(Assert.java:150)
at org.testng.Assert.assertEquals(Assert.java:132)
at org.testng.Assert.assertEquals(Assert.java:1419)
at org.testng.Assert.assertEquals(Assert.java:1383)
at com.api.stepdefinitions.CRUDOperationsSteps.validateStatusCode(CRUDOperationsSteps.java:91)
at ✽.I should receive a 204 status code(file:///C:/Users/Admin/git/RestAssured_Cucumber/src/test/java/com/api/features/crudOperations.feature:44)
]]>
    </failure>
  </testcase> <!-- runScenario -->
  <testcase classname="com.api.runners.TestRunner" name="runScenario" time="3.075">
    <failure message="Expected status code 200 but got 403 expected [200] but found [403]" type="java.lang.AssertionError">
      <![CDATA[java.lang.AssertionError: Expected status code 200 but got 403 expected [200] but found [403]
at org.testng.Assert.fail(Assert.java:111)
at org.testng.Assert.failNotEquals(Assert.java:1578)
at org.testng.Assert.assertEqualsImpl(Assert.java:150)
at org.testng.Assert.assertEquals(Assert.java:132)
at org.testng.Assert.assertEquals(Assert.java:1419)
at org.testng.Assert.assertEquals(Assert.java:1383)
at com.api.stepdefinitions.GetUserSteps.validateStatusCode(GetUserSteps.java:30)
at ✽.the response status code should be 200(file:///C:/Users/Admin/git/RestAssured_Cucumber/src/test/java/com/api/features/GetUser.feature:6)
]]>
    </failure>
  </testcase> <!-- runScenario -->
  <testcase classname="com.api.runners.TestRunner" name="runScenario" time="0.182">
    <failure message="Expected status code 200 but got 403 expected [200] but found [403]" type="java.lang.AssertionError">
      <![CDATA[java.lang.AssertionError: Expected status code 200 but got 403 expected [200] but found [403]
at org.testng.Assert.fail(Assert.java:111)
at org.testng.Assert.failNotEquals(Assert.java:1578)
at org.testng.Assert.assertEqualsImpl(Assert.java:150)
at org.testng.Assert.assertEquals(Assert.java:132)
at org.testng.Assert.assertEquals(Assert.java:1419)
at org.testng.Assert.assertEquals(Assert.java:1383)
at com.api.stepdefinitions.CRUDOperationsSteps.validateStatusCode(CRUDOperationsSteps.java:91)
at ✽.I should receive a 200 status code(file:///C:/Users/Admin/git/RestAssured_Cucumber/src/test/java/com/api/features/crudOperations.feature:33)
]]>
    </failure>
  </testcase> <!-- runScenario -->
  <testcase classname="com.api.runners.TestRunner" name="runScenario" time="3.624">
    <failure message="Expected failure but got success did not expect [200] but found [200]" type="java.lang.AssertionError">
      <![CDATA[java.lang.AssertionError: Expected failure but got success did not expect [200] but found [200]
at org.testng.Assert.fail(Assert.java:111)
at org.testng.Assert.failEquals(Assert.java:1582)
at org.testng.Assert.assertNotEqualsImpl(Assert.java:157)
at org.testng.Assert.assertNotEquals(Assert.java:2201)
at com.api.stepdefinitions.AuthTokenSteps.iShouldReceiveFailureResponse(AuthTokenSteps.java:49)
at ✽.I should receive a failure response(file:///C:/Users/Admin/git/RestAssured_Cucumber/src/test/java/com/api/features/AuthToken.feature:7)
]]>
    </failure>
  </testcase> <!-- runScenario -->
  <testcase classname="com.api.runners.TestRunner" name="runScenario" time="0.191">
    <failure message="Expected status code 200 but got 403 expected [200] but found [403]" type="java.lang.AssertionError">
      <![CDATA[java.lang.AssertionError: Expected status code 200 but got 403 expected [200] but found [403]
at org.testng.Assert.fail(Assert.java:111)
at org.testng.Assert.failNotEquals(Assert.java:1578)
at org.testng.Assert.assertEqualsImpl(Assert.java:150)
at org.testng.Assert.assertEquals(Assert.java:132)
at org.testng.Assert.assertEquals(Assert.java:1419)
at org.testng.Assert.assertEquals(Assert.java:1383)
at com.api.stepdefinitions.CRUDOperationsSteps.validateStatusCode(CRUDOperationsSteps.java:91)
at ✽.I should receive a 200 status code(file:///C:/Users/Admin/git/RestAssured_Cucumber/src/test/java/com/api/features/crudOperations.feature:33)
]]>
    </failure>
  </testcase> <!-- runScenario -->
  <testcase classname="com.api.runners.TestRunner" name="runScenario" time="3.063">
    <failure message="Expected status code 201 but got 403 expected [201] but found [403]" type="java.lang.AssertionError">
      <![CDATA[java.lang.AssertionError: Expected status code 201 but got 403 expected [201] but found [403]
at org.testng.Assert.fail(Assert.java:111)
at org.testng.Assert.failNotEquals(Assert.java:1578)
at org.testng.Assert.assertEqualsImpl(Assert.java:150)
at org.testng.Assert.assertEquals(Assert.java:132)
at org.testng.Assert.assertEquals(Assert.java:1419)
at org.testng.Assert.assertEquals(Assert.java:1383)
at com.api.stepdefinitions.CreateMultipleUsersSteps.sendPostRequestsForMultipleUsers(CreateMultipleUsersSteps.java:34)
at ✽.I send POST requests for multiple users(file:///C:/Users/Admin/git/RestAssured_Cucumber/src/test/java/com/api/features/createMultipleUsers.feature:6)
]]>
    </failure>
  </testcase> <!-- runScenario -->
  <testcase classname="com.api.runners.TestRunner" name="runScenario" time="3.625">
    <failure message="Expected failure but got success did not expect [200] but found [200]" type="java.lang.AssertionError">
      <![CDATA[java.lang.AssertionError: Expected failure but got success did not expect [200] but found [200]
at org.testng.Assert.fail(Assert.java:111)
at org.testng.Assert.failEquals(Assert.java:1582)
at org.testng.Assert.assertNotEqualsImpl(Assert.java:157)
at org.testng.Assert.assertNotEquals(Assert.java:2201)
at com.api.stepdefinitions.AuthTokenSteps.iShouldReceiveFailureResponse(AuthTokenSteps.java:49)
at ✽.I should receive a failure response(file:///C:/Users/Admin/git/RestAssured_Cucumber/src/test/java/com/api/features/AuthToken.feature:7)
]]>
    </failure>
  </testcase> <!-- runScenario -->
</testsuite> <!-- com.api.runners.TestRunner -->
