<?xml version="1.0" encoding="UTF-8"?>
<!-- Generated by org.testng.reporters.JUnitReportReporter -->
<testsuite hostname="LIN-5CG5162TZK" failures="0" tests="8" name="com.api.runners.TestRunner" time="0.582" errors="0" timestamp="2025-08-26T13:06:02 IST" skipped="0">
  <testcase classname="com.api.runners.TestRunner" name="runScenario" time="0.408"/>
  <testcase classname="com.api.runners.TestRunner" name="runScenario" time="0.025"/>
  <testcase classname="com.api.runners.TestRunner" name="runScenario" time="0.027"/>
  <testcase classname="com.api.runners.TestRunner" name="runScenario" time="0.024"/>
  <testcase classname="com.api.runners.TestRunner" name="runScenario" time="0.027"/>
  <testcase classname="com.api.runners.TestRunner" name="runScenario" time="0.021"/>
  <testcase classname="com.api.runners.TestRunner" name="runScenario" time="0.027"/>
  <testcase classname="com.api.runners.TestRunner" name="runScenario" time="0.023"/>
</testsuite> <!-- com.api.runners.TestRunner -->
