<?xml version="1.0" encoding="UTF-8"?>
<!-- Generated by org.testng.reporters.JUnitReportReporter -->
<testsuite hostname="DESKTOP-IREC5PQ" failures="8" tests="8" name="com.api.runners.TestRunner" time="31.387" errors="0" timestamp="2026-02-01T11:50:35 IST" skipped="0">
  <testcase classname="com.api.runners.TestRunner" name="runScenario" time="3.916">
    <failure message="Expected 204 but got 403 expected [204] but found [403]" type="java.lang.AssertionError">
      <![CDATA[java.lang.AssertionError: Expected 204 but got 403 expected [204] but found [403]
at org.testng.Assert.fail(Assert.java:111)
at org.testng.Assert.failNotEquals(Assert.java:1578)
at org.testng.Assert.assertEqualsImpl(Assert.java:150)
at org.testng.Assert.assertEquals(Assert.java:132)
at org.testng.Assert.assertEquals(Assert.java:1419)
at org.testng.Assert.assertEquals(Assert.java:1383)
at com.api.stepdefinitions.CRUDOperationsSteps.validateResponseStatus(CRUDOperationsSteps.java:76)
at ✽.the response status should be 204(file:///C:/Users/Admin/git/RestAssured_Cucumber/src/test/java/com/api/features/crudOperations.feature:45)
]]>
    </failure>
  </testcase> <!-- runScenario -->
  <testcase classname="com.api.runners.TestRunner" name="runScenario" time="3.929">
    <failure message="Expected 204 but got 403 expected [204] but found [403]" type="java.lang.AssertionError">
      <![CDATA[java.lang.AssertionError: Expected 204 but got 403 expected [204] but found [403]
at org.testng.Assert.fail(Assert.java:111)
at org.testng.Assert.failNotEquals(Assert.java:1578)
at org.testng.Assert.assertEqualsImpl(Assert.java:150)
at org.testng.Assert.assertEquals(Assert.java:132)
at org.testng.Assert.assertEquals(Assert.java:1419)
at org.testng.Assert.assertEquals(Assert.java:1383)
at com.api.stepdefinitions.CRUDOperationsSteps.validateResponseStatus(CRUDOperationsSteps.java:76)
at ✽.the response status should be 204(file:///C:/Users/Admin/git/RestAssured_Cucumber/src/test/java/com/api/features/crudOperations.feature:45)
]]>
    </failure>
  </testcase> <!-- runScenario -->
  <testcase classname="com.api.runners.TestRunner" name="runScenario" time="3.917">
    <failure message="Expected 201 but got 403 expected [201] but found [403]" type="java.lang.AssertionError">
      <![CDATA[java.lang.AssertionError: Expected 201 but got 403 expected [201] but found [403]
at org.testng.Assert.fail(Assert.java:111)
at org.testng.Assert.failNotEquals(Assert.java:1578)
at org.testng.Assert.assertEqualsImpl(Assert.java:150)
at org.testng.Assert.assertEquals(Assert.java:132)
at org.testng.Assert.assertEquals(Assert.java:1419)
at org.testng.Assert.assertEquals(Assert.java:1383)
at com.api.stepdefinitions.CRUDOperationsSteps.validateResponseStatus(CRUDOperationsSteps.java:76)
at ✽.the response status should be 201(file:///C:/Users/Admin/git/RestAssured_Cucumber/src/test/java/com/api/features/crudOperations.feature:10)
]]>
    </failure>
  </testcase> <!-- runScenario -->
  <testcase classname="com.api.runners.TestRunner" name="runScenario" time="3.933">
    <failure message="Expected 200 but got 403 expected [200] but found [403]" type="java.lang.AssertionError">
      <![CDATA[java.lang.AssertionError: Expected 200 but got 403 expected [200] but found [403]
at org.testng.Assert.fail(Assert.java:111)
at org.testng.Assert.failNotEquals(Assert.java:1578)
at org.testng.Assert.assertEqualsImpl(Assert.java:150)
at org.testng.Assert.assertEquals(Assert.java:132)
at org.testng.Assert.assertEquals(Assert.java:1419)
at org.testng.Assert.assertEquals(Assert.java:1383)
at com.api.stepdefinitions.CRUDOperationsSteps.validateResponseStatus(CRUDOperationsSteps.java:76)
at ✽.the response status should be 200(file:///C:/Users/Admin/git/RestAssured_Cucumber/src/test/java/com/api/features/crudOperations.feature:21)
]]>
    </failure>
  </testcase> <!-- runScenario -->
  <testcase classname="com.api.runners.TestRunner" name="runScenario" time="3.931">
    <failure message="Expected 200 but got 403 expected [200] but found [403]" type="java.lang.AssertionError">
      <![CDATA[java.lang.AssertionError: Expected 200 but got 403 expected [200] but found [403]
at org.testng.Assert.fail(Assert.java:111)
at org.testng.Assert.failNotEquals(Assert.java:1578)
at org.testng.Assert.assertEqualsImpl(Assert.java:150)
at org.testng.Assert.assertEquals(Assert.java:132)
at org.testng.Assert.assertEquals(Assert.java:1419)
at org.testng.Assert.assertEquals(Assert.java:1383)
at com.api.stepdefinitions.CRUDOperationsSteps.validateResponseStatus(CRUDOperationsSteps.java:76)
at ✽.the response status should be 200(file:///C:/Users/Admin/git/RestAssured_Cucumber/src/test/java/com/api/features/crudOperations.feature:21)
]]>
    </failure>
  </testcase> <!-- runScenario -->
  <testcase classname="com.api.runners.TestRunner" name="runScenario" time="3.924">
    <failure message="Expected 200 but got 403 expected [200] but found [403]" type="java.lang.AssertionError">
      <![CDATA[java.lang.AssertionError: Expected 200 but got 403 expected [200] but found [403]
at org.testng.Assert.fail(Assert.java:111)
at org.testng.Assert.failNotEquals(Assert.java:1578)
at org.testng.Assert.assertEqualsImpl(Assert.java:150)
at org.testng.Assert.assertEquals(Assert.java:132)
at org.testng.Assert.assertEquals(Assert.java:1419)
at org.testng.Assert.assertEquals(Assert.java:1383)
at com.api.stepdefinitions.CRUDOperationsSteps.validateResponseStatus(CRUDOperationsSteps.java:76)
at ✽.the response status should be 200(file:///C:/Users/Admin/git/RestAssured_Cucumber/src/test/java/com/api/features/crudOperations.feature:34)
]]>
    </failure>
  </testcase> <!-- runScenario -->
  <testcase classname="com.api.runners.TestRunner" name="runScenario" time="3.917">
    <failure message="Expected 200 but got 403 expected [200] but found [403]" type="java.lang.AssertionError">
      <![CDATA[java.lang.AssertionError: Expected 200 but got 403 expected [200] but found [403]
at org.testng.Assert.fail(Assert.java:111)
at org.testng.Assert.failNotEquals(Assert.java:1578)
at org.testng.Assert.assertEqualsImpl(Assert.java:150)
at org.testng.Assert.assertEquals(Assert.java:132)
at org.testng.Assert.assertEquals(Assert.java:1419)
at org.testng.Assert.assertEquals(Assert.java:1383)
at com.api.stepdefinitions.CRUDOperationsSteps.validateResponseStatus(CRUDOperationsSteps.java:76)
at ✽.the response status should be 200(file:///C:/Users/Admin/git/RestAssured_Cucumber/src/test/java/com/api/features/crudOperations.feature:34)
]]>
    </failure>
  </testcase> <!-- runScenario -->
  <testcase classname="com.api.runners.TestRunner" name="runScenario" time="3.920">
    <failure message="Expected 201 but got 403 expected [201] but found [403]" type="java.lang.AssertionError">
      <![CDATA[java.lang.AssertionError: Expected 201 but got 403 expected [201] but found [403]
at org.testng.Assert.fail(Assert.java:111)
at org.testng.Assert.failNotEquals(Assert.java:1578)
at org.testng.Assert.assertEqualsImpl(Assert.java:150)
at org.testng.Assert.assertEquals(Assert.java:132)
at org.testng.Assert.assertEquals(Assert.java:1419)
at org.testng.Assert.assertEquals(Assert.java:1383)
at com.api.stepdefinitions.CRUDOperationsSteps.validateResponseStatus(CRUDOperationsSteps.java:76)
at ✽.the response status should be 201(file:///C:/Users/Admin/git/RestAssured_Cucumber/src/test/java/com/api/features/crudOperations.feature:10)
]]>
    </failure>
  </testcase> <!-- runScenario -->
</testsuite> <!-- com.api.runners.TestRunner -->
