<?xml version="1.0" encoding="UTF-8"?>
<!-- Generated by org.testng.reporters.JUnitReportReporter -->
<testsuite hostname="DESKTOP-IREC5PQ" failures="19" tests="19" name="com.api.runners.TestRunner" time="85.750" errors="0" timestamp="2026-01-03T15:35:32 IST" skipped="0">
  <testcase classname="com.api.runners.TestRunner" name="runScenario" time="3.411">
    <failure message="Expected 200 but got 403 expected [200] but found [403]" type="java.lang.AssertionError">
      <![CDATA[java.lang.AssertionError: Expected 200 but got 403 expected [200] but found [403]
at org.testng.Assert.fail(Assert.java:111)
at org.testng.Assert.failNotEquals(Assert.java:1578)
at org.testng.Assert.assertEqualsImpl(Assert.java:150)
at org.testng.Assert.assertEquals(Assert.java:132)
at org.testng.Assert.assertEquals(Assert.java:1419)
at org.testng.Assert.assertEquals(Assert.java:1383)
at com.api.stepdefinitions.CRUDOperationsSteps.validateGetResponse(CRUDOperationsSteps.java:71)
at ✽.the service should respond with 200(file:///C:/Users/Admin/git/RestAssured_Cucumber/src/test/java/com/api/features/crudOperations.feature:20)
]]>
    </failure>
  </testcase> <!-- runScenario -->
  <testcase classname="com.api.runners.TestRunner" name="runScenario" time="5.387">
    <failure message="Expected status code 201 but got 403 expected [201] but found [403]" type="java.lang.AssertionError">
      <![CDATA[java.lang.AssertionError: Expected status code 201 but got 403 expected [201] but found [403]
at org.testng.Assert.fail(Assert.java:111)
at org.testng.Assert.failNotEquals(Assert.java:1578)
at org.testng.Assert.assertEqualsImpl(Assert.java:150)
at org.testng.Assert.assertEquals(Assert.java:132)
at org.testng.Assert.assertEquals(Assert.java:1419)
at org.testng.Assert.assertEquals(Assert.java:1383)
at com.api.stepdefinitions.CreateMultipleUsersSteps.dispatchPostCallsForUsers(CreateMultipleUsersSteps.java:44)
at ✽.I dispatch POST calls for each user entry(file:///C:/Users/Admin/git/RestAssured_Cucumber/src/test/java/com/api/features/createMultipleUsers.feature:6)
]]>
    </failure>
  </testcase> <!-- runScenario -->
  <testcase classname="com.api.runners.TestRunner" name="runScenario" time="5.363">
    <failure message="Expected status code 201 but got 403 expected [201] but found [403]" type="java.lang.AssertionError">
      <![CDATA[java.lang.AssertionError: Expected status code 201 but got 403 expected [201] but found [403]
at org.testng.Assert.fail(Assert.java:111)
at org.testng.Assert.failNotEquals(Assert.java:1578)
at org.testng.Assert.assertEqualsImpl(Assert.java:150)
at org.testng.Assert.assertEquals(Assert.java:132)
at org.testng.Assert.assertEquals(Assert.java:1419)
at org.testng.Assert.assertEquals(Assert.java:1383)
at com.api.stepdefinitions.CreateMultipleUsersSteps.dispatchPostCallsForUsers(CreateMultipleUsersSteps.java:44)
at ✽.I dispatch POST calls for each user entry(file:///C:/Users/Admin/git/RestAssured_Cucumber/src/test/java/com/api/features/createMultipleUsers.feature:6)
]]>
    </failure>
  </testcase> <!-- runScenario -->
  <testcase classname="com.api.runners.TestRunner" name="runScenario" time="5.349">
    <failure message="Expected status code 201 but got 403 expected [201] but found [403]" type="java.lang.AssertionError">
      <![CDATA[java.lang.AssertionError: Expected status code 201 but got 403 expected [201] but found [403]
at org.testng.Assert.fail(Assert.java:111)
at org.testng.Assert.failNotEquals(Assert.java:1578)
at org.testng.Assert.assertEqualsImpl(Assert.java:150)
at org.testng.Assert.assertEquals(Assert.java:132)
at org.testng.Assert.assertEquals(Assert.java:1419)
at org.testng.Assert.assertEquals(Assert.java:1383)
at com.api.stepdefinitions.CreateMultipleUsersSteps.dispatchPostCallsForUsers(CreateMultipleUsersSteps.java:44)
at ✽.I dispatch POST calls for each user entry(file:///C:/Users/Admin/git/RestAssured_Cucumber/src/test/java/com/api/features/createMultipleUsers.feature:6)
]]>
    </failure>
  </testcase> <!-- runScenario -->
  <testcase classname="com.api.runners.TestRunner" name="runScenario" time="5.934">
    <failure message="Expected status code 200 but got 403 expected [200] but found [403]" type="java.lang.AssertionError">
      <![CDATA[java.lang.AssertionError: Expected status code 200 but got 403 expected [200] but found [403]
at org.testng.Assert.fail(Assert.java:111)
at org.testng.Assert.failNotEquals(Assert.java:1578)
at org.testng.Assert.assertEqualsImpl(Assert.java:150)
at org.testng.Assert.assertEquals(Assert.java:132)
at org.testng.Assert.assertEquals(Assert.java:1419)
at org.testng.Assert.assertEquals(Assert.java:1383)
at com.api.stepdefinitions.GetUserSteps.validateUserStatusCode(GetUserSteps.java:47)
at ✽.the system should deliver 200 as the status(file:///C:/Users/Admin/git/RestAssured_Cucumber/src/test/java/com/api/features/GetUser.feature:7)
]]>
    </failure>
  </testcase> <!-- runScenario -->
  <testcase classname="com.api.runners.TestRunner" name="runScenario" time="5.379">
    <failure message="Expected status code 200 but got 403 expected [200] but found [403]" type="java.lang.AssertionError">
      <![CDATA[java.lang.AssertionError: Expected status code 200 but got 403 expected [200] but found [403]
at org.testng.Assert.fail(Assert.java:111)
at org.testng.Assert.failNotEquals(Assert.java:1578)
at org.testng.Assert.assertEqualsImpl(Assert.java:150)
at org.testng.Assert.assertEquals(Assert.java:132)
at org.testng.Assert.assertEquals(Assert.java:1419)
at org.testng.Assert.assertEquals(Assert.java:1383)
at com.api.stepdefinitions.GetUserSteps.validateUserStatusCode(GetUserSteps.java:47)
at ✽.the system should deliver 200 as the status(file:///C:/Users/Admin/git/RestAssured_Cucumber/src/test/java/com/api/features/GetUser.feature:7)
]]>
    </failure>
  </testcase> <!-- runScenario -->
  <testcase classname="com.api.runners.TestRunner" name="runScenario" time="5.371">
    <failure message="Expected status code 201 but got 403 expected [201] but found [403]" type="java.lang.AssertionError">
      <![CDATA[java.lang.AssertionError: Expected status code 201 but got 403 expected [201] but found [403]
at org.testng.Assert.fail(Assert.java:111)
at org.testng.Assert.failNotEquals(Assert.java:1578)
at org.testng.Assert.assertEqualsImpl(Assert.java:150)
at org.testng.Assert.assertEquals(Assert.java:132)
at org.testng.Assert.assertEquals(Assert.java:1419)
at org.testng.Assert.assertEquals(Assert.java:1383)
at com.api.stepdefinitions.CreateMultipleUsersSteps.dispatchPostCallsForUsers(CreateMultipleUsersSteps.java:44)
at ✽.I dispatch POST calls for each user entry(file:///C:/Users/Admin/git/RestAssured_Cucumber/src/test/java/com/api/features/createMultipleUsers.feature:6)
]]>
    </failure>
  </testcase> <!-- runScenario -->
  <testcase classname="com.api.runners.TestRunner" name="runScenario" time="3.398">
    <failure message="Expected status code 201 but got 403 expected [201] but found [403]" type="java.lang.AssertionError">
      <![CDATA[java.lang.AssertionError: Expected status code 201 but got 403 expected [201] but found [403]
at org.testng.Assert.fail(Assert.java:111)
at org.testng.Assert.failNotEquals(Assert.java:1578)
at org.testng.Assert.assertEqualsImpl(Assert.java:150)
at org.testng.Assert.assertEquals(Assert.java:132)
at org.testng.Assert.assertEquals(Assert.java:1419)
at org.testng.Assert.assertEquals(Assert.java:1383)
at com.api.stepdefinitions.CreateMultipleUsersSteps.dispatchPostCallsForUsers(CreateMultipleUsersSteps.java:44)
at ✽.I dispatch POST calls for each user entry(file:///C:/Users/Admin/git/RestAssured_Cucumber/src/test/java/com/api/features/createMultipleUsers.feature:6)
]]>
    </failure>
  </testcase> <!-- runScenario -->
  <testcase classname="com.api.runners.TestRunner" name="runScenario" time="5.352">
    <failure message="Expected status code 200 but got 403 expected [200] but found [403]" type="java.lang.AssertionError">
      <![CDATA[java.lang.AssertionError: Expected status code 200 but got 403 expected [200] but found [403]
at org.testng.Assert.fail(Assert.java:111)
at org.testng.Assert.failNotEquals(Assert.java:1578)
at org.testng.Assert.assertEqualsImpl(Assert.java:150)
at org.testng.Assert.assertEquals(Assert.java:132)
at org.testng.Assert.assertEquals(Assert.java:1419)
at org.testng.Assert.assertEquals(Assert.java:1383)
at com.api.stepdefinitions.GetUserSteps.validateUserStatusCode(GetUserSteps.java:47)
at ✽.the system should deliver 200 as the status(file:///C:/Users/Admin/git/RestAssured_Cucumber/src/test/java/com/api/features/GetUser.feature:7)
]]>
    </failure>
  </testcase> <!-- runScenario -->
  <testcase classname="com.api.runners.TestRunner" name="runScenario" time="3.429">
    <failure message="Expected 200 but got 403 expected [200] but found [403]" type="java.lang.AssertionError">
      <![CDATA[java.lang.AssertionError: Expected 200 but got 403 expected [200] but found [403]
at org.testng.Assert.fail(Assert.java:111)
at org.testng.Assert.failNotEquals(Assert.java:1578)
at org.testng.Assert.assertEqualsImpl(Assert.java:150)
at org.testng.Assert.assertEquals(Assert.java:132)
at org.testng.Assert.assertEquals(Assert.java:1419)
at org.testng.Assert.assertEquals(Assert.java:1383)
at com.api.stepdefinitions.CRUDOperationsSteps.validatePutResponse(CRUDOperationsSteps.java:101)
at ✽.the service should acknowledge with 200(file:///C:/Users/Admin/git/RestAssured_Cucumber/src/test/java/com/api/features/crudOperations.feature:33)
]]>
    </failure>
  </testcase> <!-- runScenario -->
  <testcase classname="com.api.runners.TestRunner" name="runScenario" time="3.368">
    <failure message="Expected 200 but got 403 expected [200] but found [403]" type="java.lang.AssertionError">
      <![CDATA[java.lang.AssertionError: Expected 200 but got 403 expected [200] but found [403]
at org.testng.Assert.fail(Assert.java:111)
at org.testng.Assert.failNotEquals(Assert.java:1578)
at org.testng.Assert.assertEqualsImpl(Assert.java:150)
at org.testng.Assert.assertEquals(Assert.java:132)
at org.testng.Assert.assertEquals(Assert.java:1419)
at org.testng.Assert.assertEquals(Assert.java:1383)
at com.api.stepdefinitions.CRUDOperationsSteps.validateGetResponse(CRUDOperationsSteps.java:71)
at ✽.the service should respond with 200(file:///C:/Users/Admin/git/RestAssured_Cucumber/src/test/java/com/api/features/crudOperations.feature:20)
]]>
    </failure>
  </testcase> <!-- runScenario -->
  <testcase classname="com.api.runners.TestRunner" name="runScenario" time="3.342">
    <failure message="Expected 201 but got 403 expected [201] but found [403]" type="java.lang.AssertionError">
      <![CDATA[java.lang.AssertionError: Expected 201 but got 403 expected [201] but found [403]
at org.testng.Assert.fail(Assert.java:111)
at org.testng.Assert.failNotEquals(Assert.java:1578)
at org.testng.Assert.assertEqualsImpl(Assert.java:150)
at org.testng.Assert.assertEquals(Assert.java:132)
at org.testng.Assert.assertEquals(Assert.java:1419)
at org.testng.Assert.assertEquals(Assert.java:1383)
at com.api.stepdefinitions.CRUDOperationsSteps.validatePostOutcome(CRUDOperationsSteps.java:44)
at ✽.the service should return 201 as the outcome(file:///C:/Users/Admin/git/RestAssured_Cucumber/src/test/java/com/api/features/crudOperations.feature:9)
]]>
    </failure>
  </testcase> <!-- runScenario -->
  <testcase classname="com.api.runners.TestRunner" name="runScenario" time="5.357">
    <failure message="Expected status code 201 but got 403 expected [201] but found [403]" type="java.lang.AssertionError">
      <![CDATA[java.lang.AssertionError: Expected status code 201 but got 403 expected [201] but found [403]
at org.testng.Assert.fail(Assert.java:111)
at org.testng.Assert.failNotEquals(Assert.java:1578)
at org.testng.Assert.assertEqualsImpl(Assert.java:150)
at org.testng.Assert.assertEquals(Assert.java:132)
at org.testng.Assert.assertEquals(Assert.java:1419)
at org.testng.Assert.assertEquals(Assert.java:1383)
at com.api.stepdefinitions.CreateMultipleUsersSteps.dispatchPostCallsForUsers(CreateMultipleUsersSteps.java:44)
at ✽.I dispatch POST calls for each user entry(file:///C:/Users/Admin/git/RestAssured_Cucumber/src/test/java/com/api/features/createMultipleUsers.feature:6)
]]>
    </failure>
  </testcase> <!-- runScenario -->
  <testcase classname="com.api.runners.TestRunner" name="runScenario" time="4.456">
    <failure message="Expected 200 but got 403 expected [200] but found [403]" type="java.lang.AssertionError">
      <![CDATA[java.lang.AssertionError: Expected 200 but got 403 expected [200] but found [403]
at org.testng.Assert.fail(Assert.java:111)
at org.testng.Assert.failNotEquals(Assert.java:1578)
at org.testng.Assert.assertEqualsImpl(Assert.java:150)
at org.testng.Assert.assertEquals(Assert.java:132)
at org.testng.Assert.assertEquals(Assert.java:1419)
at org.testng.Assert.assertEquals(Assert.java:1383)
at com.api.stepdefinitions.CRUDOperationsSteps.validatePutResponse(CRUDOperationsSteps.java:101)
at ✽.the service should acknowledge with 200(file:///C:/Users/Admin/git/RestAssured_Cucumber/src/test/java/com/api/features/crudOperations.feature:33)
]]>
    </failure>
  </testcase> <!-- runScenario -->
  <testcase classname="com.api.runners.TestRunner" name="runScenario" time="3.401">
    <failure message="Expected 204 but got 403 expected [204] but found [403]" type="java.lang.AssertionError">
      <![CDATA[java.lang.AssertionError: Expected 204 but got 403 expected [204] but found [403]
at org.testng.Assert.fail(Assert.java:111)
at org.testng.Assert.failNotEquals(Assert.java:1578)
at org.testng.Assert.assertEqualsImpl(Assert.java:150)
at org.testng.Assert.assertEquals(Assert.java:132)
at org.testng.Assert.assertEquals(Assert.java:1419)
at org.testng.Assert.assertEquals(Assert.java:1383)
at com.api.stepdefinitions.CRUDOperationsSteps.validateDeleteResponse(CRUDOperationsSteps.java:128)
at ✽.the service should confirm with 204(file:///C:/Users/Admin/git/RestAssured_Cucumber/src/test/java/com/api/features/crudOperations.feature:44)
]]>
    </failure>
  </testcase> <!-- runScenario -->
  <testcase classname="com.api.runners.TestRunner" name="runScenario" time="5.367">
    <failure message="Expected status code 201 but got 403 expected [201] but found [403]" type="java.lang.AssertionError">
      <![CDATA[java.lang.AssertionError: Expected status code 201 but got 403 expected [201] but found [403]
at org.testng.Assert.fail(Assert.java:111)
at org.testng.Assert.failNotEquals(Assert.java:1578)
at org.testng.Assert.assertEqualsImpl(Assert.java:150)
at org.testng.Assert.assertEquals(Assert.java:132)
at org.testng.Assert.assertEquals(Assert.java:1419)
at org.testng.Assert.assertEquals(Assert.java:1383)
at com.api.stepdefinitions.CreateMultipleUsersSteps.dispatchPostCallsForUsers(CreateMultipleUsersSteps.java:44)
at ✽.I dispatch POST calls for each user entry(file:///C:/Users/Admin/git/RestAssured_Cucumber/src/test/java/com/api/features/createMultipleUsers.feature:6)
]]>
    </failure>
  </testcase> <!-- runScenario -->
  <testcase classname="com.api.runners.TestRunner" name="runScenario" time="5.366">
    <failure message="Expected status code 201 but got 403 expected [201] but found [403]" type="java.lang.AssertionError">
      <![CDATA[java.lang.AssertionError: Expected status code 201 but got 403 expected [201] but found [403]
at org.testng.Assert.fail(Assert.java:111)
at org.testng.Assert.failNotEquals(Assert.java:1578)
at org.testng.Assert.assertEqualsImpl(Assert.java:150)
at org.testng.Assert.assertEquals(Assert.java:132)
at org.testng.Assert.assertEquals(Assert.java:1419)
at org.testng.Assert.assertEquals(Assert.java:1383)
at com.api.stepdefinitions.CreateMultipleUsersSteps.dispatchPostCallsForUsers(CreateMultipleUsersSteps.java:44)
at ✽.I dispatch POST calls for each user entry(file:///C:/Users/Admin/git/RestAssured_Cucumber/src/test/java/com/api/features/createMultipleUsers.feature:6)
]]>
    </failure>
  </testcase> <!-- runScenario -->
  <testcase classname="com.api.runners.TestRunner" name="runScenario" time="3.359">
    <failure message="Expected 201 but got 403 expected [201] but found [403]" type="java.lang.AssertionError">
      <![CDATA[java.lang.AssertionError: Expected 201 but got 403 expected [201] but found [403]
at org.testng.Assert.fail(Assert.java:111)
at org.testng.Assert.failNotEquals(Assert.java:1578)
at org.testng.Assert.assertEqualsImpl(Assert.java:150)
at org.testng.Assert.assertEquals(Assert.java:132)
at org.testng.Assert.assertEquals(Assert.java:1419)
at org.testng.Assert.assertEquals(Assert.java:1383)
at com.api.stepdefinitions.CRUDOperationsSteps.validatePostOutcome(CRUDOperationsSteps.java:44)
at ✽.the service should return 201 as the outcome(file:///C:/Users/Admin/git/RestAssured_Cucumber/src/test/java/com/api/features/crudOperations.feature:9)
]]>
    </failure>
  </testcase> <!-- runScenario -->
  <testcase classname="com.api.runners.TestRunner" name="runScenario" time="3.361">
    <failure message="Expected 204 but got 403 expected [204] but found [403]" type="java.lang.AssertionError">
      <![CDATA[java.lang.AssertionError: Expected 204 but got 403 expected [204] but found [403]
at org.testng.Assert.fail(Assert.java:111)
at org.testng.Assert.failNotEquals(Assert.java:1578)
at org.testng.Assert.assertEqualsImpl(Assert.java:150)
at org.testng.Assert.assertEquals(Assert.java:132)
at org.testng.Assert.assertEquals(Assert.java:1419)
at org.testng.Assert.assertEquals(Assert.java:1383)
at com.api.stepdefinitions.CRUDOperationsSteps.validateDeleteResponse(CRUDOperationsSteps.java:128)
at ✽.the service should confirm with 204(file:///C:/Users/Admin/git/RestAssured_Cucumber/src/test/java/com/api/features/crudOperations.feature:44)
]]>
    </failure>
  </testcase> <!-- runScenario -->
</testsuite> <!-- com.api.runners.TestRunner -->
