{"uid":"389cc66fc98b6225","name":"Generate auth token with different credentials","fullName":"src/test/java/com/api/features/AuthToken.feature:12","historyId":"da8d72900c09830f1911c6cbef684435","time":{"start":1767042738420,"stop":1767042742887,"duration":4467},"status":"failed","statusMessage":"Expected failure but got success did not expect [200] but found [200]","statusTrace":"java.lang.AssertionError: Expected failure but got success did not expect [200] but found [200]\r\n\tat org.testng.Assert.fail(Assert.java:111)\r\n\tat org.testng.Assert.failEquals(Assert.java:1582)\r\n\tat org.testng.Assert.assertNotEqualsImpl(Assert.java:157)\r\n\tat org.testng.Assert.assertNotEquals(Assert.java:2201)\r\n\tat com.api.stepdefinitions.AuthTokenSteps.iShouldReceiveFailureResponse(AuthTokenSteps.java:43)\r\n\tat ✽.I should receive a failure response(file:///C:/Users/Admin/git/RestAssured_Cucumber/src/test/java/com/api/features/AuthToken.feature:7)\r\n","flaky":false,"newFailed":false,"newBroken":false,"newPassed":false,"retriesCount":7,"retriesStatusChange":true,"beforeStages":[],"testStage":{"status":"failed","statusMessage":"Expected failure but got success did not expect [200] but found [200]","statusTrace":"java.lang.AssertionError: Expected failure but got success did not expect [200] but found [200]\r\n\tat org.testng.Assert.fail(Assert.java:111)\r\n\tat org.testng.Assert.failEquals(Assert.java:1582)\r\n\tat org.testng.Assert.assertNotEqualsImpl(Assert.java:157)\r\n\tat org.testng.Assert.assertNotEquals(Assert.java:2201)\r\n\tat com.api.stepdefinitions.AuthTokenSteps.iShouldReceiveFailureResponse(AuthTokenSteps.java:43)\r\n\tat ✽.I should receive a failure response(file:///C:/Users/Admin/git/RestAssured_Cucumber/src/test/java/com/api/features/AuthToken.feature:7)\r\n","steps":[{"name":"Given  I have username \"admin\" and password \"wrongpass\"","time":{"start":1767042738437,"stop":1767042738453,"duration":16},"status":"passed","steps":[],"attachments":[],"parameters":[],"hasContent":false,"attachmentsCount":0,"stepsCount":0,"shouldDisplayMessage":false,"attachmentStep":false},{"name":"When  I send a POST request to create an auth token","time":{"start":1767042738456,"stop":1767042742718,"duration":4262},"status":"passed","steps":[],"attachments":[],"parameters":[],"hasContent":false,"attachmentsCount":0,"stepsCount":0,"shouldDisplayMessage":false,"attachmentStep":false},{"name":"Then  I should receive a failure response","time":{"start":1767042742719,"stop":1767042742737,"duration":18},"status":"failed","statusMessage":"Expected failure but got success did not expect [200] but found [200]","statusTrace":"java.lang.AssertionError: Expected failure but got success did not expect [200] but found [200]\r\n\tat org.testng.Assert.fail(Assert.java:111)\r\n\tat org.testng.Assert.failEquals(Assert.java:1582)\r\n\tat org.testng.Assert.assertNotEqualsImpl(Assert.java:157)\r\n\tat org.testng.Assert.assertNotEquals(Assert.java:2201)\r\n\tat com.api.stepdefinitions.AuthTokenSteps.iShouldReceiveFailureResponse(AuthTokenSteps.java:43)\r\n\tat ✽.I should receive a failure response(file:///C:/Users/Admin/git/RestAssured_Cucumber/src/test/java/com/api/features/AuthToken.feature:7)\r\n","steps":[],"attachments":[],"parameters":[],"hasContent":true,"attachmentsCount":0,"stepsCount":0,"shouldDisplayMessage":true,"attachmentStep":false}],"attachments":[],"parameters":[],"hasContent":true,"attachmentsCount":0,"stepsCount":3,"shouldDisplayMessage":false,"attachmentStep":false},"afterStages":[],"labels":[{"name":"tag","value":"RestfuleBooker"},{"name":"host","value":"DESKTOP-IREC5PQ"},{"name":"thread","value":"30696@DESKTOP-IREC5PQ.TestNG-PoolService-2(31)"},{"name":"feature","value":"Authentication Token Creation"},{"name":"story","value":"Generate auth token with different credentials"},{"name":"suite","value":"Authentication Token Creation"},{"name":"testClass","value":"Generate auth token with different credentials"},{"name":"framework","value":"cucumber4jvm"},{"name":"language","value":"java"},{"name":"gherkin_uri","value":"file:///C:/Users/Admin/git/RestAssured_Cucumber/src/test/java/com/api/features/AuthToken.feature"},{"name":"package","value":"src.test.java.com.api.features.AuthToken_feature.Authentication Token Creation"},{"name":"resultFormat","value":"allure2"}],"parameters":[{"name":"password","value":"wrongpass"},{"name":"status","value":"failure"},{"name":"username","value":"admin"}],"links":[],"hidden":false,"retry":false,"extra":{"severity":"normal","retries":[{"uid":"4353f3568759dc49","status":"failed","statusDetails":"Expected failure but got success did not expect [200] but found [200]","time":{"start":1767042697520,"stop":1767042701370,"duration":3850}},{"uid":"5073f96f9013a993","status":"passed","statusDetails":"Undefined Step. Please add step definition","time":{"start":1767042080056,"stop":1767042085969,"duration":5913}},{"uid":"378cd7a89c3f459f","status":"broken","statusDetails":"Cannot serialize object because no JSON serializer found in classpath. Please put Jackson (Databind), Gson, Johnzon, or Yasson in the classpath.","time":{"start":1767041836076,"stop":1767041837019,"duration":943}},{"uid":"9b96ae3a7e2782ce","status":"broken","statusDetails":"Cannot serialize object because no JSON serializer found in classpath. Please put Jackson (Databind), Gson, Johnzon, or Yasson in the classpath.","time":{"start":1767041703522,"stop":1767041705031,"duration":1509}},{"uid":"8580e9920ba4119","status":"broken","statusDetails":"Cannot serialize object because no JSON serializer found in classpath. Please put Jackson (Databind), Gson, Johnzon, or Yasson in the classpath.","time":{"start":1767041532538,"stop":1767041533581,"duration":1043}},{"uid":"90a366b4e5dd371","status":"broken","statusDetails":"Cannot serialize object because no JSON serializer found in classpath. Please put Jackson (Databind), Gson, Johnzon, or Yasson in the classpath.","time":{"start":1767041274459,"stop":1767041275489,"duration":1030}},{"uid":"e2493bbfbb7913e1","status":"broken","statusDetails":"Cannot serialize object because no JSON serializer found in classpath. Please put Jackson (Databind), Gson, Johnzon, or Yasson in the classpath.","time":{"start":1767040953823,"stop":1767040954821,"duration":998}}],"categories":[{"name":"Product defects","matchedStatuses":[]}],"tags":["RestfuleBooker"]},"source":"389cc66fc98b6225.json","parameterValues":["wrongpass","failure","admin"]}