{"uid":"68c331759dac45f4","name":"Generate auth token with different credentials","fullName":"src/test/java/com/api/features/AuthToken.feature:14","historyId":"6b113176045602414dbcfa07affd3246","time":{"start":1767042738424,"stop":1767042742744,"duration":4320},"status":"failed","statusMessage":"Expected failure but got success did not expect [200] but found [200]","statusTrace":"java.lang.AssertionError: Expected failure but got success did not expect [200] but found [200]\r\n\tat org.testng.Assert.fail(Assert.java:111)\r\n\tat org.testng.Assert.failEquals(Assert.java:1582)\r\n\tat org.testng.Assert.assertNotEqualsImpl(Assert.java:157)\r\n\tat org.testng.Assert.assertNotEquals(Assert.java:2201)\r\n\tat com.api.stepdefinitions.AuthTokenSteps.iShouldReceiveFailureResponse(AuthTokenSteps.java:43)\r\n\tat ✽.I should receive a failure response(file:///C:/Users/Admin/git/RestAssured_Cucumber/src/test/java/com/api/features/AuthToken.feature:7)\r\n","flaky":false,"newFailed":false,"newBroken":false,"newPassed":false,"retriesCount":7,"retriesStatusChange":true,"beforeStages":[],"testStage":{"status":"failed","statusMessage":"Expected failure but got success did not expect [200] but found [200]","statusTrace":"java.lang.AssertionError: Expected failure but got success did not expect [200] but found [200]\r\n\tat org.testng.Assert.fail(Assert.java:111)\r\n\tat org.testng.Assert.failEquals(Assert.java:1582)\r\n\tat org.testng.Assert.assertNotEqualsImpl(Assert.java:157)\r\n\tat org.testng.Assert.assertNotEquals(Assert.java:2201)\r\n\tat com.api.stepdefinitions.AuthTokenSteps.iShouldReceiveFailureResponse(AuthTokenSteps.java:43)\r\n\tat ✽.I should receive a failure response(file:///C:/Users/Admin/git/RestAssured_Cucumber/src/test/java/com/api/features/AuthToken.feature:7)\r\n","steps":[{"name":"Given  I have username \"\" and password \"\"","time":{"start":1767042738436,"stop":1767042738452,"duration":16},"status":"passed","steps":[],"attachments":[],"parameters":[],"hasContent":false,"attachmentsCount":0,"stepsCount":0,"shouldDisplayMessage":false,"attachmentStep":false},{"name":"When  I send a POST request to create an auth token","time":{"start":1767042738457,"stop":1767042742718,"duration":4261},"status":"passed","steps":[],"attachments":[],"parameters":[],"hasContent":false,"attachmentsCount":0,"stepsCount":0,"shouldDisplayMessage":false,"attachmentStep":false},{"name":"Then  I should receive a failure response","time":{"start":1767042742718,"stop":1767042742739,"duration":21},"status":"failed","statusMessage":"Expected failure but got success did not expect [200] but found [200]","statusTrace":"java.lang.AssertionError: Expected failure but got success did not expect [200] but found [200]\r\n\tat org.testng.Assert.fail(Assert.java:111)\r\n\tat org.testng.Assert.failEquals(Assert.java:1582)\r\n\tat org.testng.Assert.assertNotEqualsImpl(Assert.java:157)\r\n\tat org.testng.Assert.assertNotEquals(Assert.java:2201)\r\n\tat com.api.stepdefinitions.AuthTokenSteps.iShouldReceiveFailureResponse(AuthTokenSteps.java:43)\r\n\tat ✽.I should receive a failure response(file:///C:/Users/Admin/git/RestAssured_Cucumber/src/test/java/com/api/features/AuthToken.feature:7)\r\n","steps":[],"attachments":[],"parameters":[],"hasContent":true,"attachmentsCount":0,"stepsCount":0,"shouldDisplayMessage":true,"attachmentStep":false}],"attachments":[],"parameters":[],"hasContent":true,"attachmentsCount":0,"stepsCount":3,"shouldDisplayMessage":false,"attachmentStep":false},"afterStages":[],"labels":[{"name":"tag","value":"RestfuleBooker"},{"name":"host","value":"DESKTOP-IREC5PQ"},{"name":"thread","value":"30696@DESKTOP-IREC5PQ.TestNG-PoolService-4(33)"},{"name":"feature","value":"Authentication Token Creation"},{"name":"story","value":"Generate auth token with different credentials"},{"name":"suite","value":"Authentication Token Creation"},{"name":"testClass","value":"Generate auth token with different credentials"},{"name":"framework","value":"cucumber4jvm"},{"name":"language","value":"java"},{"name":"gherkin_uri","value":"file:///C:/Users/Admin/git/RestAssured_Cucumber/src/test/java/com/api/features/AuthToken.feature"},{"name":"package","value":"src.test.java.com.api.features.AuthToken_feature.Authentication Token Creation"},{"name":"resultFormat","value":"allure2"}],"parameters":[{"name":"password","value":""},{"name":"status","value":"failure"},{"name":"username","value":""}],"links":[],"hidden":false,"retry":false,"extra":{"severity":"normal","retries":[{"uid":"5d49b37edc4cc911","status":"failed","statusDetails":"Expected failure but got success did not expect [200] but found [200]","time":{"start":1767042697512,"stop":1767042701374,"duration":3862}},{"uid":"82f3af10f703ff81","status":"passed","statusDetails":"Undefined Step. Please add step definition","time":{"start":1767042080060,"stop":1767042085879,"duration":5819}},{"uid":"66c6520db1692820","status":"broken","statusDetails":"Cannot serialize object because no JSON serializer found in classpath. Please put Jackson (Databind), Gson, Johnzon, or Yasson in the classpath.","time":{"start":1767041836077,"stop":1767041837110,"duration":1033}},{"uid":"23373c89d10959ba","status":"broken","statusDetails":"Cannot serialize object because no JSON serializer found in classpath. Please put Jackson (Databind), Gson, Johnzon, or Yasson in the classpath.","time":{"start":1767041703529,"stop":1767041705017,"duration":1488}},{"uid":"befb1a73bb194806","status":"broken","statusDetails":"Cannot serialize object because no JSON serializer found in classpath. Please put Jackson (Databind), Gson, Johnzon, or Yasson in the classpath.","time":{"start":1767041532549,"stop":1767041533591,"duration":1042}},{"uid":"fab5b29a6af53b57","status":"broken","statusDetails":"Cannot serialize object because no JSON serializer found in classpath. Please put Jackson (Databind), Gson, Johnzon, or Yasson in the classpath.","time":{"start":1767041274469,"stop":1767041275504,"duration":1035}},{"uid":"dafcb56524e44bc6","status":"broken","statusDetails":"Cannot serialize object because no JSON serializer found in classpath. Please put Jackson (Databind), Gson, Johnzon, or Yasson in the classpath.","time":{"start":1767040953802,"stop":1767040954826,"duration":1024}}],"categories":[{"name":"Product defects","matchedStatuses":[]}],"tags":["RestfuleBooker"]},"source":"68c331759dac45f4.json","parameterValues":["","failure",""]}