{"uid":"a9ce1895968e9ec","name":"Validate user details from API with database","fullName":"src/test/java/com/api/features/validateUserWithDB.feature:14","historyId":"183d4a543c4c0b61ddae133094eef816","time":{"start":1767041703496,"stop":1767041703989,"duration":493},"status":"broken","statusMessage":"Failed to connect to DB","statusTrace":"java.lang.RuntimeException: Failed to connect to DB\r\n\tat com.api.utils.DBUtils.connectToDB(DBUtils.java:21)\r\n\tat com.api.stepdefinitions.ValidateDatabaseConnection.databaseConnectionIsEstablished(ValidateDatabaseConnection.java:21)\r\n\tat ✽.Database connection is established(file:///C:/Users/Admin/git/RestAssured_Cucumber/src/test/java/com/api/features/validateUserWithDB.feature:4)\r\nCaused by: java.sql.SQLException: No suitable driver found for jdbc:mysql://localhost:3306/testdb\r\n\tat java.sql/java.sql.DriverManager.getConnection(DriverManager.java:708)\r\n\tat java.sql/java.sql.DriverManager.getConnection(DriverManager.java:230)\r\n\tat com.api.utils.DBUtils.connectToDB(DBUtils.java:19)\r\n\tat com.api.stepdefinitions.ValidateDatabaseConnection.databaseConnectionIsEstablished(ValidateDatabaseConnection.java:21)\r\n\tat java.base/jdk.internal.reflect.DirectMethodHandleAccessor.invoke(DirectMethodHandleAccessor.java:103)\r\n\tat java.base/java.lang.reflect.Method.invoke(Method.java:580)\r\n\tat io.cucumber.java.Invoker.doInvoke(Invoker.java:66)\r\n\tat io.cucumber.java.Invoker.invoke(Invoker.java:24)\r\n\tat io.cucumber.java.AbstractGlueDefinition.invokeMethod(AbstractGlueDefinition.java:47)\r\n\tat io.cucumber.java.JavaStepDefinition.execute(JavaStepDefinition.java:29)\r\n\tat io.cucumber.core.runner.CoreStepDefinition.execute(CoreStepDefinition.java:66)\r\n\tat io.cucumber.core.runner.PickleStepDefinitionMatch.runStep(PickleStepDefinitionMatch.java:63)\r\n\tat io.cucumber.core.runner.ExecutionMode$1.execute(ExecutionMode.java:10)\r\n\tat io.cucumber.core.runner.TestStep.executeStep(TestStep.java:84)\r\n\tat io.cucumber.core.runner.TestStep.run(TestStep.java:56)\r\n\tat io.cucumber.core.runner.PickleStepTestStep.run(PickleStepTestStep.java:51)\r\n\tat io.cucumber.core.runner.TestCase.run(TestCase.java:84)\r\n\tat io.cucumber.core.runner.Runner.runPickle(Runner.java:75)\r\n\tat io.cucumber.testng.TestNGCucumberRunner.lambda$runScenario$1(TestNGCucumberRunner.java:132)\r\n\tat io.cucumber.core.runtime.CucumberExecutionContext.lambda$runTestCase$5(CucumberExecutionContext.java:137)\r\n\tat io.cucumber.core.runtime.RethrowingThrowableCollector.executeAndThrow(RethrowingThrowableCollector.java:23)\r\n\tat io.cucumber.core.runtime.CucumberExecutionContext.runTestCase(CucumberExecutionContext.java:137)\r\n\tat io.cucumber.testng.TestNGCucumberRunner.runScenario(TestNGCucumberRunner.java:129)\r\n\tat io.cucumber.testng.AbstractTestNGCucumberTests.runScenario(AbstractTestNGCucumberTests.java:35)\r\n\tat java.base/jdk.internal.reflect.DirectMethodHandleAccessor.invoke(DirectMethodHandleAccessor.java:103)\r\n\tat java.base/java.lang.reflect.Method.invoke(Method.java:580)\r\n\tat org.testng.internal.invokers.MethodInvocationHelper.invokeMethod(MethodInvocationHelper.java:139)\r\n\tat org.testng.internal.invokers.TestInvoker.invokeMethod(TestInvoker.java:664)\r\n\tat org.testng.internal.invokers.TestInvoker.invokeTestMethod(TestInvoker.java:228)\r\n\tat org.testng.internal.invokers.TestMethodWithDataProviderMethodWorker.call(TestMethodWithDataProviderMethodWorker.java:80)\r\n\tat java.base/java.util.concurrent.CompletableFuture$AsyncSupply.run(CompletableFuture.java:1768)\r\n\tat java.base/java.util.concurrent.ThreadPoolExecutor.runWorker(ThreadPoolExecutor.java:1144)\r\n\tat java.base/java.util.concurrent.ThreadPoolExecutor$Worker.run(ThreadPoolExecutor.java:642)\r\n\tat java.base/java.lang.Thread.run(Thread.java:1583)\r\n","flaky":false,"newFailed":false,"newBroken":false,"newPassed":false,"retriesCount":3,"retriesStatusChange":false,"beforeStages":[],"testStage":{"status":"broken","statusMessage":"Failed to connect to DB","statusTrace":"java.lang.RuntimeException: Failed to connect to DB\r\n\tat com.api.utils.DBUtils.connectToDB(DBUtils.java:21)\r\n\tat com.api.stepdefinitions.ValidateDatabaseConnection.databaseConnectionIsEstablished(ValidateDatabaseConnection.java:21)\r\n\tat ✽.Database connection is established(file:///C:/Users/Admin/git/RestAssured_Cucumber/src/test/java/com/api/features/validateUserWithDB.feature:4)\r\nCaused by: java.sql.SQLException: No suitable driver found for jdbc:mysql://localhost:3306/testdb\r\n\tat java.sql/java.sql.DriverManager.getConnection(DriverManager.java:708)\r\n\tat java.sql/java.sql.DriverManager.getConnection(DriverManager.java:230)\r\n\tat com.api.utils.DBUtils.connectToDB(DBUtils.java:19)\r\n\tat com.api.stepdefinitions.ValidateDatabaseConnection.databaseConnectionIsEstablished(ValidateDatabaseConnection.java:21)\r\n\tat java.base/jdk.internal.reflect.DirectMethodHandleAccessor.invoke(DirectMethodHandleAccessor.java:103)\r\n\tat java.base/java.lang.reflect.Method.invoke(Method.java:580)\r\n\tat io.cucumber.java.Invoker.doInvoke(Invoker.java:66)\r\n\tat io.cucumber.java.Invoker.invoke(Invoker.java:24)\r\n\tat io.cucumber.java.AbstractGlueDefinition.invokeMethod(AbstractGlueDefinition.java:47)\r\n\tat io.cucumber.java.JavaStepDefinition.execute(JavaStepDefinition.java:29)\r\n\tat io.cucumber.core.runner.CoreStepDefinition.execute(CoreStepDefinition.java:66)\r\n\tat io.cucumber.core.runner.PickleStepDefinitionMatch.runStep(PickleStepDefinitionMatch.java:63)\r\n\tat io.cucumber.core.runner.ExecutionMode$1.execute(ExecutionMode.java:10)\r\n\tat io.cucumber.core.runner.TestStep.executeStep(TestStep.java:84)\r\n\tat io.cucumber.core.runner.TestStep.run(TestStep.java:56)\r\n\tat io.cucumber.core.runner.PickleStepTestStep.run(PickleStepTestStep.java:51)\r\n\tat io.cucumber.core.runner.TestCase.run(TestCase.java:84)\r\n\tat io.cucumber.core.runner.Runner.runPickle(Runner.java:75)\r\n\tat io.cucumber.testng.TestNGCucumberRunner.lambda$runScenario$1(TestNGCucumberRunner.java:132)\r\n\tat io.cucumber.core.runtime.CucumberExecutionContext.lambda$runTestCase$5(CucumberExecutionContext.java:137)\r\n\tat io.cucumber.core.runtime.RethrowingThrowableCollector.executeAndThrow(RethrowingThrowableCollector.java:23)\r\n\tat io.cucumber.core.runtime.CucumberExecutionContext.runTestCase(CucumberExecutionContext.java:137)\r\n\tat io.cucumber.testng.TestNGCucumberRunner.runScenario(TestNGCucumberRunner.java:129)\r\n\tat io.cucumber.testng.AbstractTestNGCucumberTests.runScenario(AbstractTestNGCucumberTests.java:35)\r\n\tat java.base/jdk.internal.reflect.DirectMethodHandleAccessor.invoke(DirectMethodHandleAccessor.java:103)\r\n\tat java.base/java.lang.reflect.Method.invoke(Method.java:580)\r\n\tat org.testng.internal.invokers.MethodInvocationHelper.invokeMethod(MethodInvocationHelper.java:139)\r\n\tat org.testng.internal.invokers.TestInvoker.invokeMethod(TestInvoker.java:664)\r\n\tat org.testng.internal.invokers.TestInvoker.invokeTestMethod(TestInvoker.java:228)\r\n\tat org.testng.internal.invokers.TestMethodWithDataProviderMethodWorker.call(TestMethodWithDataProviderMethodWorker.java:80)\r\n\tat java.base/java.util.concurrent.CompletableFuture$AsyncSupply.run(CompletableFuture.java:1768)\r\n\tat java.base/java.util.concurrent.ThreadPoolExecutor.runWorker(ThreadPoolExecutor.java:1144)\r\n\tat java.base/java.util.concurrent.ThreadPoolExecutor$Worker.run(ThreadPoolExecutor.java:642)\r\n\tat java.base/java.lang.Thread.run(Thread.java:1583)\r\n","steps":[{"name":"Given  Database connection is established","time":{"start":1767041703523,"stop":1767041703654,"duration":131},"status":"broken","statusMessage":"Failed to connect to DB","statusTrace":"java.lang.RuntimeException: Failed to connect to DB\r\n\tat com.api.utils.DBUtils.connectToDB(DBUtils.java:21)\r\n\tat com.api.stepdefinitions.ValidateDatabaseConnection.databaseConnectionIsEstablished(ValidateDatabaseConnection.java:21)\r\n\tat ✽.Database connection is established(file:///C:/Users/Admin/git/RestAssured_Cucumber/src/test/java/com/api/features/validateUserWithDB.feature:4)\r\nCaused by: java.sql.SQLException: No suitable driver found for jdbc:mysql://localhost:3306/testdb\r\n\tat java.sql/java.sql.DriverManager.getConnection(DriverManager.java:708)\r\n\tat java.sql/java.sql.DriverManager.getConnection(DriverManager.java:230)\r\n\tat com.api.utils.DBUtils.connectToDB(DBUtils.java:19)\r\n\tat com.api.stepdefinitions.ValidateDatabaseConnection.databaseConnectionIsEstablished(ValidateDatabaseConnection.java:21)\r\n\tat java.base/jdk.internal.reflect.DirectMethodHandleAccessor.invoke(DirectMethodHandleAccessor.java:103)\r\n\tat java.base/java.lang.reflect.Method.invoke(Method.java:580)\r\n\tat io.cucumber.java.Invoker.doInvoke(Invoker.java:66)\r\n\tat io.cucumber.java.Invoker.invoke(Invoker.java:24)\r\n\tat io.cucumber.java.AbstractGlueDefinition.invokeMethod(AbstractGlueDefinition.java:47)\r\n\tat io.cucumber.java.JavaStepDefinition.execute(JavaStepDefinition.java:29)\r\n\tat io.cucumber.core.runner.CoreStepDefinition.execute(CoreStepDefinition.java:66)\r\n\tat io.cucumber.core.runner.PickleStepDefinitionMatch.runStep(PickleStepDefinitionMatch.java:63)\r\n\tat io.cucumber.core.runner.ExecutionMode$1.execute(ExecutionMode.java:10)\r\n\tat io.cucumber.core.runner.TestStep.executeStep(TestStep.java:84)\r\n\tat io.cucumber.core.runner.TestStep.run(TestStep.java:56)\r\n\tat io.cucumber.core.runner.PickleStepTestStep.run(PickleStepTestStep.java:51)\r\n\tat io.cucumber.core.runner.TestCase.run(TestCase.java:84)\r\n\tat io.cucumber.core.runner.Runner.runPickle(Runner.java:75)\r\n\tat io.cucumber.testng.TestNGCucumberRunner.lambda$runScenario$1(TestNGCucumberRunner.java:132)\r\n\tat io.cucumber.core.runtime.CucumberExecutionContext.lambda$runTestCase$5(CucumberExecutionContext.java:137)\r\n\tat io.cucumber.core.runtime.RethrowingThrowableCollector.executeAndThrow(RethrowingThrowableCollector.java:23)\r\n\tat io.cucumber.core.runtime.CucumberExecutionContext.runTestCase(CucumberExecutionContext.java:137)\r\n\tat io.cucumber.testng.TestNGCucumberRunner.runScenario(TestNGCucumberRunner.java:129)\r\n\tat io.cucumber.testng.AbstractTestNGCucumberTests.runScenario(AbstractTestNGCucumberTests.java:35)\r\n\tat java.base/jdk.internal.reflect.DirectMethodHandleAccessor.invoke(DirectMethodHandleAccessor.java:103)\r\n\tat java.base/java.lang.reflect.Method.invoke(Method.java:580)\r\n\tat org.testng.internal.invokers.MethodInvocationHelper.invokeMethod(MethodInvocationHelper.java:139)\r\n\tat org.testng.internal.invokers.TestInvoker.invokeMethod(TestInvoker.java:664)\r\n\tat org.testng.internal.invokers.TestInvoker.invokeTestMethod(TestInvoker.java:228)\r\n\tat org.testng.internal.invokers.TestMethodWithDataProviderMethodWorker.call(TestMethodWithDataProviderMethodWorker.java:80)\r\n\tat java.base/java.util.concurrent.CompletableFuture$AsyncSupply.run(CompletableFuture.java:1768)\r\n\tat java.base/java.util.concurrent.ThreadPoolExecutor.runWorker(ThreadPoolExecutor.java:1144)\r\n\tat java.base/java.util.concurrent.ThreadPoolExecutor$Worker.run(ThreadPoolExecutor.java:642)\r\n\tat java.base/java.lang.Thread.run(Thread.java:1583)\r\n","steps":[],"attachments":[],"parameters":[],"hasContent":true,"attachmentsCount":0,"stepsCount":0,"shouldDisplayMessage":true,"attachmentStep":false},{"name":"Given  I send a GET request for user 2","time":{"start":1767041703659,"stop":1767041703660,"duration":1},"status":"skipped","steps":[],"attachments":[],"parameters":[],"hasContent":false,"attachmentsCount":0,"stepsCount":0,"shouldDisplayMessage":false,"attachmentStep":false},{"name":"Then  I validate the response with database for user 2","time":{"start":1767041703660,"stop":1767041703664,"duration":4},"status":"skipped","steps":[],"attachments":[],"parameters":[],"hasContent":false,"attachmentsCount":0,"stepsCount":0,"shouldDisplayMessage":false,"attachmentStep":false}],"attachments":[],"parameters":[],"hasContent":true,"attachmentsCount":0,"stepsCount":3,"shouldDisplayMessage":false,"attachmentStep":false},"afterStages":[],"labels":[{"name":"tag","value":"RestfuleBooker"},{"name":"host","value":"DESKTOP-IREC5PQ"},{"name":"thread","value":"10844@DESKTOP-IREC5PQ.TestNG-PoolService-6(35)"},{"name":"feature","value":"Validate API response with database"},{"name":"story","value":"Validate user details from API with database"},{"name":"suite","value":"Validate API response with database"},{"name":"testClass","value":"Validate user details from API with database"},{"name":"framework","value":"cucumber4jvm"},{"name":"language","value":"java"},{"name":"gherkin_uri","value":"file:///C:/Users/Admin/git/RestAssured_Cucumber/src/test/java/com/api/features/validateUserWithDB.feature"},{"name":"package","value":"src.test.java.com.api.features.validateUserWithDB_feature.Validate API response with database"},{"name":"resultFormat","value":"allure2"}],"parameters":[{"name":"userId","value":"2"}],"links":[],"hidden":false,"retry":false,"extra":{"severity":"normal","retries":[{"uid":"d467ab8afb5de0b5","status":"broken","statusDetails":"Unresolved compilation problem: \n\tThe declared package \"\" does not match the expected package \"com.api.utils\"\n","time":{"start":1767041532522,"stop":1767041532738,"duration":216}},{"uid":"18ea6356022c30c2","status":"broken","statusDetails":"Failed to load properties file: resources/config.properties","time":{"start":1767041274451,"stop":1767041274656,"duration":205}},{"uid":"4757e7284843d107","status":"broken","statusDetails":"Failed to load properties file: resources/db.properties","time":{"start":1767040953785,"stop":1767040954042,"duration":257}}],"categories":[{"name":"Test defects","matchedStatuses":[]}],"tags":["RestfuleBooker"]},"source":"a9ce1895968e9ec.json","parameterValues":["2"]}