{"uid":"cf793c524f12abbd","name":"Generate auth token with different credentials","fullName":"src/test/java/com/api/features/AuthToken.feature:13","historyId":"4e19be0f9722ff857d7c9d5a4de28ad4","time":{"start":1767042738431,"stop":1767042742895,"duration":4464},"status":"failed","statusMessage":"Expected failure but got success did not expect [200] but found [200]","statusTrace":"java.lang.AssertionError: Expected failure but got success did not expect [200] but found [200]\r\n\tat org.testng.Assert.fail(Assert.java:111)\r\n\tat org.testng.Assert.failEquals(Assert.java:1582)\r\n\tat org.testng.Assert.assertNotEqualsImpl(Assert.java:157)\r\n\tat org.testng.Assert.assertNotEquals(Assert.java:2201)\r\n\tat com.api.stepdefinitions.AuthTokenSteps.iShouldReceiveFailureResponse(AuthTokenSteps.java:43)\r\n\tat ✽.I should receive a failure response(file:///C:/Users/Admin/git/RestAssured_Cucumber/src/test/java/com/api/features/AuthToken.feature:7)\r\n","flaky":false,"newFailed":false,"newBroken":false,"newPassed":false,"retriesCount":7,"retriesStatusChange":true,"beforeStages":[],"testStage":{"status":"failed","statusMessage":"Expected failure but got success did not expect [200] but found [200]","statusTrace":"java.lang.AssertionError: Expected failure but got success did not expect [200] but found [200]\r\n\tat org.testng.Assert.fail(Assert.java:111)\r\n\tat org.testng.Assert.failEquals(Assert.java:1582)\r\n\tat org.testng.Assert.assertNotEqualsImpl(Assert.java:157)\r\n\tat org.testng.Assert.assertNotEquals(Assert.java:2201)\r\n\tat com.api.stepdefinitions.AuthTokenSteps.iShouldReceiveFailureResponse(AuthTokenSteps.java:43)\r\n\tat ✽.I should receive a failure response(file:///C:/Users/Admin/git/RestAssured_Cucumber/src/test/java/com/api/features/AuthToken.feature:7)\r\n","steps":[{"name":"Given  I have username \"wrong\" and password \"password123\"","time":{"start":1767042738434,"stop":1767042738454,"duration":20},"status":"passed","steps":[],"attachments":[],"parameters":[],"hasContent":false,"attachmentsCount":0,"stepsCount":0,"shouldDisplayMessage":false,"attachmentStep":false},{"name":"When  I send a POST request to create an auth token","time":{"start":1767042738457,"stop":1767042742717,"duration":4260},"status":"passed","steps":[],"attachments":[],"parameters":[],"hasContent":false,"attachmentsCount":0,"stepsCount":0,"shouldDisplayMessage":false,"attachmentStep":false},{"name":"Then  I should receive a failure response","time":{"start":1767042742717,"stop":1767042742738,"duration":21},"status":"failed","statusMessage":"Expected failure but got success did not expect [200] but found [200]","statusTrace":"java.lang.AssertionError: Expected failure but got success did not expect [200] but found [200]\r\n\tat org.testng.Assert.fail(Assert.java:111)\r\n\tat org.testng.Assert.failEquals(Assert.java:1582)\r\n\tat org.testng.Assert.assertNotEqualsImpl(Assert.java:157)\r\n\tat org.testng.Assert.assertNotEquals(Assert.java:2201)\r\n\tat com.api.stepdefinitions.AuthTokenSteps.iShouldReceiveFailureResponse(AuthTokenSteps.java:43)\r\n\tat ✽.I should receive a failure response(file:///C:/Users/Admin/git/RestAssured_Cucumber/src/test/java/com/api/features/AuthToken.feature:7)\r\n","steps":[],"attachments":[],"parameters":[],"hasContent":true,"attachmentsCount":0,"stepsCount":0,"shouldDisplayMessage":true,"attachmentStep":false}],"attachments":[],"parameters":[],"hasContent":true,"attachmentsCount":0,"stepsCount":3,"shouldDisplayMessage":false,"attachmentStep":false},"afterStages":[],"labels":[{"name":"tag","value":"RestfuleBooker"},{"name":"host","value":"DESKTOP-IREC5PQ"},{"name":"thread","value":"30696@DESKTOP-IREC5PQ.TestNG-PoolService-3(32)"},{"name":"feature","value":"Authentication Token Creation"},{"name":"story","value":"Generate auth token with different credentials"},{"name":"suite","value":"Authentication Token Creation"},{"name":"testClass","value":"Generate auth token with different credentials"},{"name":"framework","value":"cucumber4jvm"},{"name":"language","value":"java"},{"name":"gherkin_uri","value":"file:///C:/Users/Admin/git/RestAssured_Cucumber/src/test/java/com/api/features/AuthToken.feature"},{"name":"package","value":"src.test.java.com.api.features.AuthToken_feature.Authentication Token Creation"},{"name":"resultFormat","value":"allure2"}],"parameters":[{"name":"password","value":"password123"},{"name":"status","value":"failure"},{"name":"username","value":"wrong"}],"links":[],"hidden":false,"retry":false,"extra":{"severity":"normal","retries":[{"uid":"6047e1faac4f2ca4","status":"failed","statusDetails":"Expected failure but got success did not expect [200] but found [200]","time":{"start":1767042697518,"stop":1767042701250,"duration":3732}},{"uid":"befe5bad841df91a","status":"passed","statusDetails":"Undefined Step. Please add step definition","time":{"start":1767042080064,"stop":1767042085964,"duration":5900}},{"uid":"2edca0522dfe43e4","status":"broken","statusDetails":"Cannot serialize object because no JSON serializer found in classpath. Please put Jackson (Databind), Gson, Johnzon, or Yasson in the classpath.","time":{"start":1767041836072,"stop":1767041837113,"duration":1041}},{"uid":"9eb13351f7472a99","status":"broken","statusDetails":"Cannot serialize object because no JSON serializer found in classpath. Please put Jackson (Databind), Gson, Johnzon, or Yasson in the classpath.","time":{"start":1767041703532,"stop":1767041705041,"duration":1509}},{"uid":"b3dd7992b71bae29","status":"broken","statusDetails":"Cannot serialize object because no JSON serializer found in classpath. Please put Jackson (Databind), Gson, Johnzon, or Yasson in the classpath.","time":{"start":1767041532536,"stop":1767041533576,"duration":1040}},{"uid":"873129627e564c19","status":"broken","statusDetails":"Cannot serialize object because no JSON serializer found in classpath. Please put Jackson (Databind), Gson, Johnzon, or Yasson in the classpath.","time":{"start":1767041274473,"stop":1767041275512,"duration":1039}},{"uid":"2f3e99820ec1ceb","status":"broken","statusDetails":"Cannot serialize object because no JSON serializer found in classpath. Please put Jackson (Databind), Gson, Johnzon, or Yasson in the classpath.","time":{"start":1767040953795,"stop":1767040954833,"duration":1038}}],"categories":[{"name":"Product defects","matchedStatuses":[]}],"tags":["RestfuleBooker"]},"source":"cf793c524f12abbd.json","parameterValues":["password123","failure","wrong"]}